<?xml version="1.0" encoding="utf-8"?>
<TestRun id="04320e86-5b0b-420c-b886-2829284ca473" name="@84fab583b125 2026-07-22 12:59:58" xmlns="http://microsoft.com/schemas/VisualStudio/TeamTest/2010">
  <Times creation="2026-07-22T12:59:58.7188888+00:00" queuing="2026-07-22T12:59:58.7188889+00:00" start="2026-07-22T12:59:58.2265085+00:00" finish="2026-07-22T12:59:58.8706469+00:00" />
  <TestSettings name="default" id="f9f8bfe8-906f-42d4-9628-c444da1380e8">
    <Deployment runDeploymentRoot="_84fab583b125_2026-07-22_12_59_58" />
  </TestSettings>
  <Results>
    <UnitTestResult executionId="0c624b29-809e-4747-bf4a-2654d879dab6" testId="3409ec35-50ab-f7c1-190b-6b830156da3f" testName="TourManagement.Web.Tests.Pages.Users.UsersRegisterModelTests.OnGet_WhenNotLoggedIn_ReturnsPage" computerName="84fab583b125" duration="00:00:00.0022529" startTime="2026-07-22T12:59:58.7880340+00:00" endTime="2026-07-22T12:59:58.7880340+00:00" testType="13cdc9d9-ddb5-4fa4-a97d-d965ccfc6d4b" outcome="Passed" testListId="8c84fa94-04c1-424b-9868-57a2d4851a1d" relativeResultsDirectory="0c624b29-809e-4747-bf4a-2654d879dab6" />
    <UnitTestResult executionId="5e71e26b-69bc-4a94-b57a-44e899cd9c56" testId="a391d478-c679-e157-ef56-21b9e99a5c5e" testName="TourManagement.Web.Tests.Pages.Tours.ToursIndexModelTests.OnGetAsync_WithSearchTerm_CallsSearchAsync" computerName="84fab583b125" duration="00:00:00.0169050" startTime="2026-07-22T12:59:58.8072912+00:00" endTime="2026-07-22T12:59:58.8072913+00:00" testType="13cdc9d9-ddb5-4fa4-a97d-d965ccfc6d4b" outcome="Passed" testListId="8c84fa94-04c1-424b-9868-57a2d4851a1d" relativeResultsDirectory="5e71e26b-69bc-4a94-b57a-44e899cd9c56" />
    <UnitTestResult executionId="774fe0a8-43a6-4184-908b-e1c7d7e675d5" testId="12bc5479-daf1-8c58-0d51-e1dbdf75c661" testName="TourManagement.Web.Tests.ViewModels.TourViewModelsTests.TourCreateViewModel_ZeroDays_FailsValidation" computerName="84fab583b125" duration="00:00:00.0002256" startTime="2026-07-22T12:59:58.7110910+00:00" endTime="2026-07-22T12:59:58.7110910+00:00" testType="13cdc9d9-ddb5-4fa4-a97d-d965ccfc6d4b" outcome="Passed" testListId="8c84fa94-04c1-424b-9868-57a2d4851a1d" relativeResultsDirectory="774fe0a8-43a6-4184-908b-e1c7d7e675d5" />
    <UnitTestResult executionId="140fac66-24e6-49eb-b2b5-9ebee7214acb" testId="45d275cc-e8ad-965f-e656-4e9f88210b7b" testName="TourManagement.Web.Tests.Pages.Tours.ToursDetailsModelTests.OnGetAsync_WithInvalidId_TourIsNull" computerName="84fab583b125" duration="00:00:00.0044782" startTime="2026-07-22T12:59:58.7778260+00:00" endTime="2026-07-22T12:59:58.7778260+00:00" testType="13cdc9d9-ddb5-4fa4-a97d-d965ccfc6d4b" outcome="Passed" testListId="8c84fa94-04c1-424b-9868-57a2d4851a1d" relativeResultsDirectory="140fac66-24e6-49eb-b2b5-9ebee7214acb" />
    <UnitTestResult executionId="e0f392ef-1ea8-424c-9f3c-30e277f41cd5" testId="b9f44181-a122-6a99-7c31-3650d7c69342" testName="TourManagement.Web.Tests.Pages.Tours.ToursEditModelTests.OnGetAsync_WhenAdminAndTourExists_ReturnsPageWithInput" computerName="84fab583b125" duration="00:00:00.0056069" startTime="2026-07-22T12:59:58.7899143+00:00" endTime="2026-07-22T12:59:58.7899144+00:00" testType="13cdc9d9-ddb5-4fa4-a97d-d965ccfc6d4b" outcome="Passed" testListId="8c84fa94-04c1-424b-9868-57a2d4851a1d" relativeResultsDirectory="e0f392ef-1ea8-424c-9f3c-30e277f41cd5" />
    <UnitTestResult executionId="be44c2f7-3eac-49e9-a5a7-c8b6c2c3b5d0" testId="d40f9700-5289-4e43-17f3-f5a2f64db5b1" testName="TourManagement.Web.Tests.Pages.Users.UsersProfileModelTests.ProfileModel_Constructor_InitializesProperties" computerName="84fab583b125" duration="00:00:00.0001473" startTime="2026-07-22T12:59:58.8088499+00:00" endTime="2026-07-22T12:59:58.8088499+00:00" testType="13cdc9d9-ddb5-4fa4-a97d-d965ccfc6d4b" outcome="Passed" testListId="8c84fa94-04c1-424b-9868-57a2d4851a1d" relativeResultsDirectory="be44c2f7-3eac-49e9-a5a7-c8b6c2c3b5d0" />
    <UnitTestResult executionId="4e73e736-18f0-4d47-ba28-2556e5d9e473" testId="fc814fe5-a948-a5da-8a94-f3ba928f4da9" testName="TourManagement.Web.Tests.Pages.Bookings.BookingsDeleteModelTests.OnPostAsync_WhenNotLoggedIn_RedirectsToUserLogin" computerName="84fab583b125" duration="00:00:00.0008484" startTime="2026-07-22T12:59:58.7882890+00:00" endTime="2026-07-22T12:59:58.7882891+00:00" testType="13cdc9d9-ddb5-4fa4-a97d-d965ccfc6d4b" outcome="Passed" testListId="8c84fa94-04c1-424b-9868-57a2d4851a1d" relativeResultsDirectory="4e73e736-18f0-4d47-ba28-2556e5d9e473" />
    <UnitTestResult executionId="fbe23974-ea2b-4f41-9f7d-9639bc536ac2" testId="db4c17cd-b5a7-c993-8c9e-0b1259e82f31" testName="TourManagement.Web.Tests.Pages.Admin.AdminLoginModelTests.AdminLoginModel_Constructor_InitializesProperties" computerName="84fab583b125" duration="00:00:00.0016299" startTime="2026-07-22T12:59:58.7803286+00:00" endTime="2026-07-22T12:59:58.7803286+00:00" testType="13cdc9d9-ddb5-4fa4-a97d-d965ccfc6d4b" outcome="Passed" testListId="8c84fa94-04c1-424b-9868-57a2d4851a1d" relativeResultsDirectory="fbe23974-ea2b-4f41-9f7d-9639bc536ac2" />
    <UnitTestResult executionId="73b98472-f2d2-4e24-a294-606259c7e5d0" testId="b3f9446d-5072-f286-f877-c0f7c138d5b5" testName="TourManagement.Web.Tests.Pages.ErrorModelTests.ShowRequestId_WhenRequestIdIsSet_ReturnsTrue" computerName="84fab583b125" duration="00:00:00.0080952" startTime="2026-07-22T12:59:58.7838828+00:00" endTime="2026-07-22T12:59:58.7838828+00:00" testType="13cdc9d9-ddb5-4fa4-a97d-d965ccfc6d4b" outcome="Passed" testListId="8c84fa94-04c1-424b-9868-57a2d4851a1d" relativeResultsDirectory="73b98472-f2d2-4e24-a294-606259c7e5d0" />
    <UnitTestResult executionId="c8b52e1c-ee99-465e-8032-e1dc164ae08c" testId="e68fb8cf-0199-ab4d-dae3-137419f62f5c" testName="TourManagement.Web.Tests.ViewModels.UserViewModelTests.UserViewModel_FullName_WithEmptyNames_ReturnsSpace" computerName="84fab583b125" duration="00:00:00.0001291" startTime="2026-07-22T12:59:58.7140642+00:00" endTime="2026-07-22T12:59:58.7140642+00:00" testType="13cdc9d9-ddb5-4fa4-a97d-d965ccfc6d4b" outcome="Passed" testListId="8c84fa94-04c1-424b-9868-57a2d4851a1d" relativeResultsDirectory="c8b52e1c-ee99-465e-8032-e1dc164ae08c" />
    <UnitTestResult executionId="a0aa992f-5532-4afe-9d0d-ba66009c46f6" testId="da5dcd17-e508-05ff-63db-6ade103832fc" testName="TourManagement.Web.Tests.Pages.Users.UsersLogoutModelTests.OnGet_WhenNotLoggedIn_StillRedirectsToIndex" computerName="84fab583b125" duration="00:00:00.0001713" startTime="2026-07-22T12:59:58.7603124+00:00" endTime="2026-07-22T12:59:58.7603124+00:00" testType="13cdc9d9-ddb5-4fa4-a97d-d965ccfc6d4b" outcome="Passed" testListId="8c84fa94-04c1-424b-9868-57a2d4851a1d" relativeResultsDirectory="a0aa992f-5532-4afe-9d0d-ba66009c46f6" />
    <UnitTestResult executionId="cda77f6b-be18-48b7-bd5c-e4467308d27f" testId="c64e065d-04eb-394e-cb90-0e11b64fb1b6" testName="TourManagement.Web.Tests.Pages.Admin.AdminDashboardModelTests.OnGetAsync_WhenServiceThrows_ReturnsPage" computerName="84fab583b125" duration="00:00:00.0038827" startTime="2026-07-22T12:59:58.7805990+00:00" endTime="2026-07-22T12:59:58.7805992+00:00" testType="13cdc9d9-ddb5-4fa4-a97d-d965ccfc6d4b" outcome="Passed" testListId="8c84fa94-04c1-424b-9868-57a2d4851a1d" relativeResultsDirectory="cda77f6b-be18-48b7-bd5c-e4467308d27f" />
    <UnitTestResult executionId="75daaa61-ac7a-421f-9389-296c6e6e7143" testId="bb547456-f151-9154-5871-66c45f088c65" testName="TourManagement.Web.Tests.Pages.Tours.ToursDetailsModelTests.OnGetAsync_WithValidId_SetsTourProperty" computerName="84fab583b125" duration="00:00:00.0054417" startTime="2026-07-22T12:59:58.7829857+00:00" endTime="2026-07-22T12:59:58.7829858+00:00" testType="13cdc9d9-ddb5-4fa4-a97d-d965ccfc6d4b" outcome="Passed" testListId="8c84fa94-04c1-424b-9868-57a2d4851a1d" relativeResultsDirectory="75daaa61-ac7a-421f-9389-296c6e6e7143" />
    <UnitTestResult executionId="649982a0-4223-4e0a-8d50-4a7b32049625" testId="bf501dbd-ed20-6c70-cbd2-47c7fd298b7e" testName="TourManagement.Web.Tests.ViewModels.BookingViewModelsTests.BookingCreateViewModel_TourId_CanBeNull" computerName="84fab583b125" duration="00:00:00.0002352" startTime="2026-07-22T12:59:58.7117129+00:00" endTime="2026-07-22T12:59:58.7117130+00:00" testType="13cdc9d9-ddb5-4fa4-a97d-d965ccfc6d4b" outcome="Passed" testListId="8c84fa94-04c1-424b-9868-57a2d4851a1d" relativeResultsDirectory="649982a0-4223-4e0a-8d50-4a7b32049625" />
    <UnitTestResult executionId="00693899-1f52-4bff-947c-66f4172d7a1a" testId="0b1e7c60-39e5-08fd-64e6-fb9ad4af21a4" testName="TourManagement.Web.Tests.ViewModels.TourViewModelsTests.TourCreateViewModel_ZeroPrice_FailsValidation" computerName="84fab583b125" duration="00:00:00.0004196" startTime="2026-07-22T12:59:58.7118569+00:00" endTime="2026-07-22T12:59:58.7118570+00:00" testType="13cdc9d9-ddb5-4fa4-a97d-d965ccfc6d4b" outcome="Passed" testListId="8c84fa94-04c1-424b-9868-57a2d4851a1d" relativeResultsDirectory="00693899-1f52-4bff-947c-66f4172d7a1a" />
    <UnitTestResult executionId="88e57cd9-9052-429a-8f49-fe6fe597ad7c" testId="06b84004-3e2c-03da-1f57-1c70a11e06ea" testName="TourManagement.Web.Tests.Pages.Bookings.BookingsEditModelTests.OnPostAsync_WhenNotAdmin_RedirectsToAdminLogin" computerName="84fab583b125" duration="00:00:00.0003843" startTime="2026-07-22T12:59:58.8114501+00:00" endTime="2026-07-22T12:59:58.8114502+00:00" testType="13cdc9d9-ddb5-4fa4-a97d-d965ccfc6d4b" outcome="Passed" testListId="8c84fa94-04c1-424b-9868-57a2d4851a1d" relativeResultsDirectory="88e57cd9-9052-429a-8f49-fe6fe597ad7c" />
    <UnitTestResult executionId="f204d767-4742-4ecd-9815-4cd0fa70ce88" testId="220ca996-0f0b-a170-c1f1-dd1d03e9a314" testName="TourManagement.Web.Tests.Pages.IndexModelTests.IndexModel_Constructor_InitializesProperties" computerName="84fab583b125" duration="00:00:00.0138414" startTime="2026-07-22T12:59:58.8038631+00:00" endTime="2026-07-22T12:59:58.8038631+00:00" testType="13cdc9d9-ddb5-4fa4-a97d-d965ccfc6d4b" outcome="Passed" testListId="8c84fa94-04c1-424b-9868-57a2d4851a1d" relativeResultsDirectory="f204d767-4742-4ecd-9815-4cd0fa70ce88" />
    <UnitTestResult executionId="a21821bb-ecf0-4b3e-a0d1-5176ca1e74e3" testId="26d2b5ba-b122-dc26-54eb-024778317ed8" testName="TourManagement.Web.Tests.Pages.Users.UsersLoginModelTests.LoginModel_Constructor_InitializesProperties" computerName="84fab583b125" duration="00:00:00.0002079" startTime="2026-07-22T12:59:58.7732099+00:00" endTime="2026-07-22T12:59:58.7732100+00:00" testType="13cdc9d9-ddb5-4fa4-a97d-d965ccfc6d4b" outcome="Passed" testListId="8c84fa94-04c1-424b-9868-57a2d4851a1d" relativeResultsDirectory="a21821bb-ecf0-4b3e-a0d1-5176ca1e74e3" />
    <UnitTestResult executionId="032f7927-73e9-4f77-8f20-4f7217d04674" testId="d23f16b9-7f59-2063-aec0-4718a20bb17a" testName="TourManagement.Web.Tests.Pages.Users.UsersLoginModelTests.OnPostAsync_WithInvalidCredentials_ReturnsPage" computerName="84fab583b125" duration="00:00:00.0042983" startTime="2026-07-22T12:59:58.7852824+00:00" endTime="2026-07-22T12:59:58.7852824+00:00" testType="13cdc9d9-ddb5-4fa4-a97d-d965ccfc6d4b" outcome="Passed" testListId="8c84fa94-04c1-424b-9868-57a2d4851a1d" relativeResultsDirectory="032f7927-73e9-4f77-8f20-4f7217d04674" />
    <UnitTestResult executionId="458214ca-0d13-4d47-90f4-363da8cc6fa3" testId="fc1c02ce-59f4-81c5-3b3c-52d1a1c42e1d" testName="TourManagement.Web.Tests.Pages.Admin.AdminLoginModelTests.OnGet_WhenNotAdmin_ReturnsPage" computerName="84fab583b125" duration="00:00:00.0006258" startTime="2026-07-22T12:59:58.7780999+00:00" endTime="2026-07-22T12:59:58.7781000+00:00" testType="13cdc9d9-ddb5-4fa4-a97d-d965ccfc6d4b" outcome="Passed" testListId="8c84fa94-04c1-424b-9868-57a2d4851a1d" relativeResultsDirectory="458214ca-0d13-4d47-90f4-363da8cc6fa3" />
    <UnitTestResult executionId="3b92325e-c31a-4226-93da-158968716566" testId="5250f352-dc86-5374-cd6e-48a6061b8932" testName="TourManagement.Web.Tests.Pages.Users.UsersDeleteModelTests.OnGetAsync_WhenServiceThrows_RedirectsToIndex" computerName="84fab583b125" duration="00:00:00.0007552" startTime="2026-07-22T12:59:58.8104869+00:00" endTime="2026-07-22T12:59:58.8104870+00:00" testType="13cdc9d9-ddb5-4fa4-a97d-d965ccfc6d4b" outcome="Passed" testListId="8c84fa94-04c1-424b-9868-57a2d4851a1d" relativeResultsDirectory="3b92325e-c31a-4226-93da-158968716566" />
    <UnitTestResult executionId="196e1136-a2f8-4309-908f-32961dfba7af" testId="3dcde411-7dca-1445-f08a-89941757c40f" testName="TourManagement.Web.Tests.Pages.Bookings.BookingsEditModelTests.OnGetAsync_WhenAdminAndBookingExists_ReturnsPageWithInput" computerName="84fab583b125" duration="00:00:00.0122900" startTime="2026-07-22T12:59:58.7862638+00:00" endTime="2026-07-22T12:59:58.7862638+00:00" testType="13cdc9d9-ddb5-4fa4-a97d-d965ccfc6d4b" outcome="Passed" testListId="8c84fa94-04c1-424b-9868-57a2d4851a1d" relativeResultsDirectory="196e1136-a2f8-4309-908f-32961dfba7af" />
    <UnitTestResult executionId="b06b26ea-8339-4a1c-90a8-c7b744b93700" testId="b0812ebe-7cdb-7c47-56c0-a476eb31404f" testName="TourManagement.Web.Tests.Pages.Admin.AdminLoginModelTests.OnPost_WithValidAdminCredentials_SetsSessionAndRedirects" computerName="84fab583b125" duration="00:00:00.0022247" startTime="2026-07-22T12:59:58.7729344+00:00" endTime="2026-07-22T12:59:58.7729344+00:00" testType="13cdc9d9-ddb5-4fa4-a97d-d965ccfc6d4b" outcome="Passed" testListId="8c84fa94-04c1-424b-9868-57a2d4851a1d" relativeResultsDirectory="b06b26ea-8339-4a1c-90a8-c7b744b93700" />
    <UnitTestResult executionId="88dc4e8e-83b3-440f-89aa-9e57be34c74f" testId="a9d72bda-05f5-747a-8474-223be1fa992f" testName="TourManagement.Web.Tests.ViewModels.BookingViewModelsTests.BookingViewModel_Properties_CanBeSet" computerName="84fab583b125" duration="00:00:00.0031663" startTime="2026-07-22T12:59:58.7110197+00:00" endTime="2026-07-22T12:59:58.7110198+00:00" testType="13cdc9d9-ddb5-4fa4-a97d-d965ccfc6d4b" outcome="Passed" testListId="8c84fa94-04c1-424b-9868-57a2d4851a1d" relativeResultsDirectory="88dc4e8e-83b3-440f-89aa-9e57be34c74f" />
    <UnitTestResult executionId="04ad49e0-5667-4175-9711-1a3136838daf" testId="87619cee-58eb-aa36-e337-efbc1ff3ae43" testName="TourManagement.Web.Tests.Pages.Users.UsersDeleteModelTests.OnPostAsync_WhenAdminAndUserExists_DeletesAndRedirects" computerName="84fab583b125" duration="00:00:00.1110848" startTime="2026-07-22T12:59:58.7840385+00:00" endTime="2026-07-22T12:59:58.7840385+00:00" testType="13cdc9d9-ddb5-4fa4-a97d-d965ccfc6d4b" outcome="Passed" testListId="8c84fa94-04c1-424b-9868-57a2d4851a1d" relativeResultsDirectory="04ad49e0-5667-4175-9711-1a3136838daf" />
    <UnitTestResult executionId="1b2c2876-f115-4ee5-a6d4-4f1036ff4d21" testId="eb8ff4d2-576f-339d-91c6-93817d517677" testName="TourManagement.Web.Tests.Pages.Admin.AdminLoginModelTests.OnPost_WithInvalidCredentials_ReturnsPage" computerName="84fab583b125" duration="00:00:00.0008839" startTime="2026-07-22T12:59:58.7779458+00:00" endTime="2026-07-22T12:59:58.7779458+00:00" testType="13cdc9d9-ddb5-4fa4-a97d-d965ccfc6d4b" outcome="Passed" testListId="8c84fa94-04c1-424b-9868-57a2d4851a1d" relativeResultsDirectory="1b2c2876-f115-4ee5-a6d4-4f1036ff4d21" />
    <UnitTestResult executionId="3b3329b9-4e0f-48c8-8a9b-9feb2e0a2a33" testId="813d2693-9768-8cb2-1ad2-cb8bebfe24fe" testName="TourManagement.Web.Tests.Pages.Tours.ToursEditModelTests.OnPostAsync_WhenServiceThrows_ReturnsPage" computerName="84fab583b125" duration="00:00:00.0018589" startTime="2026-07-22T12:59:58.8098828+00:00" endTime="2026-07-22T12:59:58.8098829+00:00" testType="13cdc9d9-ddb5-4fa4-a97d-d965ccfc6d4b" outcome="Passed" testListId="8c84fa94-04c1-424b-9868-57a2d4851a1d" relativeResultsDirectory="3b3329b9-4e0f-48c8-8a9b-9feb2e0a2a33" />
    <UnitTestResult executionId="1064cec9-de65-4fbf-8cf2-8b9cde322c17" testId="6a27762f-4c31-0ad0-6e2c-3f8690dae2fe" testName="TourManagement.Web.Tests.Pages.Admin.AdminDashboardModelTests.DashboardModel_Constructor_InitializesProperties" computerName="84fab583b125" duration="00:00:00.0004798" startTime="2026-07-22T12:59:58.7770962+00:00" endTime="2026-07-22T12:59:58.7770962+00:00" testType="13cdc9d9-ddb5-4fa4-a97d-d965ccfc6d4b" outcome="Passed" testListId="8c84fa94-04c1-424b-9868-57a2d4851a1d" relativeResultsDirectory="1064cec9-de65-4fbf-8cf2-8b9cde322c17" />
    <UnitTestResult executionId="50e8291c-d0ec-4e99-ada6-8c9bb636dee2" testId="7587d1b1-dd68-9d8f-09f3-52c7f1f52c5b" testName="TourManagement.Web.Tests.Pages.Tours.ToursIndexModelTests.OnGetAsync_WithNoSearchTerm_ReturnsAllTours" computerName="84fab583b125" duration="00:00:00.0011573" startTime="2026-07-22T12:59:58.8096208+00:00" endTime="2026-07-22T12:59:58.8096209+00:00" testType="13cdc9d9-ddb5-4fa4-a97d-d965ccfc6d4b" outcome="Passed" testListId="8c84fa94-04c1-424b-9868-57a2d4851a1d" relativeResultsDirectory="50e8291c-d0ec-4e99-ada6-8c9bb636dee2" />
    <UnitTestResult executionId="01972e09-6203-4195-9c92-057a1e5cf070" testId="5f7bb565-2898-5bc7-de2c-3ce1f0608faa" testName="TourManagement.Web.Tests.Pages.Bookings.BookingsMyBookingsModelTests.MyBookingsModel_Constructor_InitializesProperties" computerName="84fab583b125" duration="00:00:00.0001740" startTime="2026-07-22T12:59:58.8089715+00:00" endTime="2026-07-22T12:59:58.8089715+00:00" testType="13cdc9d9-ddb5-4fa4-a97d-d965ccfc6d4b" outcome="Passed" testListId="8c84fa94-04c1-424b-9868-57a2d4851a1d" relativeResultsDirectory="01972e09-6203-4195-9c92-057a1e5cf070" />
    <UnitTestResult executionId="3a218ffe-10e8-4704-aa71-752f89873209" testId="10a8b109-c65c-3a58-6da5-345c731af5ad" testName="TourManagement.Web.Tests.Pages.Tours.ToursEditModelTests.OnGetAsync_WhenServiceThrows_RedirectsToIndex" computerName="84fab583b125" duration="00:00:00.0146211" startTime="2026-07-22T12:59:58.8044181+00:00" endTime="2026-07-22T12:59:58.8044181+00:00" testType="13cdc9d9-ddb5-4fa4-a97d-d965ccfc6d4b" outcome="Passed" testListId="8c84fa94-04c1-424b-9868-57a2d4851a1d" relativeResultsDirectory="3a218ffe-10e8-4704-aa71-752f89873209" />
    <UnitTestResult executionId="09fac1ba-80a1-4d18-910b-506cb086eac3" testId="580a6eaa-d956-4828-225f-003d1fd4a96c" testName="TourManagement.Web.Tests.ViewModels.BookingViewModelsTests.BookingViewModel_DefaultValues_AreCorrect" computerName="84fab583b125" duration="00:00:00.0001254" startTime="2026-07-22T12:59:58.7116128+00:00" endTime="2026-07-22T12:59:58.7116128+00:00" testType="13cdc9d9-ddb5-4fa4-a97d-d965ccfc6d4b" outcome="Passed" testListId="8c84fa94-04c1-424b-9868-57a2d4851a1d" relativeResultsDirectory="09fac1ba-80a1-4d18-910b-506cb086eac3" />
    <UnitTestResult executionId="9844c54f-2e5b-4b47-8b65-0da7f134e672" testId="42b9f719-8588-a05d-16f3-d9027dff6aed" testName="TourManagement.Web.Tests.Pages.ErrorModelTests.OnGet_WithTraceIdentifier_SetsRequestId" computerName="84fab583b125" duration="00:00:00.0188450" startTime="2026-07-22T12:59:58.8032505+00:00" endTime="2026-07-22T12:59:58.8032506+00:00" testType="13cdc9d9-ddb5-4fa4-a97d-d965ccfc6d4b" outcome="Passed" testListId="8c84fa94-04c1-424b-9868-57a2d4851a1d" relativeResultsDirectory="9844c54f-2e5b-4b47-8b65-0da7f134e672" />
    <UnitTestResult executionId="e2774df9-8d76-49cd-8c63-326f4b083570" testId="9d989f87-9583-2c47-57f5-4562644d8931" testName="TourManagement.Web.Tests.Pages.ErrorModelTests.OnGet_SetsRequestId_FromHttpContext" computerName="84fab583b125" duration="00:00:00.0005632" startTime="2026-07-22T12:59:58.8039591+00:00" endTime="2026-07-22T12:59:58.8039592+00:00" testType="13cdc9d9-ddb5-4fa4-a97d-d965ccfc6d4b" outcome="Passed" testListId="8c84fa94-04c1-424b-9868-57a2d4851a1d" relativeResultsDirectory="e2774df9-8d76-49cd-8c63-326f4b083570" />
    <UnitTestResult executionId="7bd429ac-b787-4fd3-95f6-7962789eaf96" testId="b04de2d9-ab33-4ff6-a28f-7c745f89ec2b" testName="TourManagement.Web.Tests.Pages.Tours.ToursDeleteModelTests.OnGetAsync_WhenNotAdmin_RedirectsToAdminLogin" computerName="84fab583b125" duration="00:00:00.0150773" startTime="2026-07-22T12:59:58.8041047+00:00" endTime="2026-07-22T12:59:58.8041048+00:00" testType="13cdc9d9-ddb5-4fa4-a97d-d965ccfc6d4b" outcome="Passed" testListId="8c84fa94-04c1-424b-9868-57a2d4851a1d" relativeResultsDirectory="7bd429ac-b787-4fd3-95f6-7962789eaf96" />
    <UnitTestResult executionId="7b6a3d9d-6ab3-44d7-825c-bab96942b874" testId="d450e68a-173f-b604-28fc-f6c00ed4bf1b" testName="TourManagement.Web.Tests.ViewModels.TourViewModelsTests.TourCreateViewModel_MissingTourInfo_FailsValidation" computerName="84fab583b125" duration="00:00:00.0002193" startTime="2026-07-22T12:59:58.7127555+00:00" endTime="2026-07-22T12:59:58.7127555+00:00" testType="13cdc9d9-ddb5-4fa4-a97d-d965ccfc6d4b" outcome="Passed" testListId="8c84fa94-04c1-424b-9868-57a2d4851a1d" relativeResultsDirectory="7b6a3d9d-6ab3-44d7-825c-bab96942b874" />
    <UnitTestResult executionId="df320751-b9c1-4085-ad21-acfc3fa72bf5" testId="4ea5acbc-7bd5-d50c-fe2f-f781c240064e" testName="TourManagement.Web.Tests.ViewModels.UserViewModelTests.UserRegisterViewModel_ValidModel_PassesValidation" computerName="84fab583b125" duration="00:00:00.0011094" startTime="2026-07-22T12:59:58.7096109+00:00" endTime="2026-07-22T12:59:58.7096110+00:00" testType="13cdc9d9-ddb5-4fa4-a97d-d965ccfc6d4b" outcome="Passed" testListId="8c84fa94-04c1-424b-9868-57a2d4851a1d" relativeResultsDirectory="df320751-b9c1-4085-ad21-acfc3fa72bf5" />
    <UnitTestResult executionId="00031ba6-72ca-44ab-94f7-23f914703ca5" testId="955a1093-3d2c-5670-7ef4-4a3a2f5f5a63" testName="TourManagement.Web.Tests.ViewModels.BookingViewModelsTests.BookingCreateViewModel_ValidModel_PassesValidation" computerName="84fab583b125" duration="00:00:00.0001039" startTime="2026-07-22T12:59:58.7126582+00:00" endTime="2026-07-22T12:59:58.7126583+00:00" testType="13cdc9d9-ddb5-4fa4-a97d-d965ccfc6d4b" outcome="Passed" testListId="8c84fa94-04c1-424b-9868-57a2d4851a1d" relativeResultsDirectory="00031ba6-72ca-44ab-94f7-23f914703ca5" />
    <UnitTestResult executionId="643f8d01-7a1f-43b5-85b7-606b7aa3749c" testId="fc203474-a170-3f05-7c67-028e0fa4553a" testName="TourManagement.Web.Tests.Pages.Users.UsersIndexModelTests.OnGetAsync_WhenServiceThrows_ReturnsPage" computerName="84fab583b125" duration="00:00:00.0987329" startTime="2026-07-22T12:59:58.7716973+00:00" endTime="2026-07-22T12:59:58.7716974+00:00" testType="13cdc9d9-ddb5-4fa4-a97d-d965ccfc6d4b" outcome="Passed" testListId="8c84fa94-04c1-424b-9868-57a2d4851a1d" relativeResultsDirectory="643f8d01-7a1f-43b5-85b7-606b7aa3749c" />
    <UnitTestResult executionId="c4eee901-438b-42ec-8553-a332c12fb826" testId="52c06aef-124e-447d-b993-b3d8fc13f73d" testName="TourManagement.Web.Tests.Pages.Users.UsersDeleteModelTests.OnPostAsync_WhenNotAdmin_RedirectsToAdminLogin" computerName="84fab583b125" duration="00:00:00.0006367" startTime="2026-07-22T12:59:58.8090125+00:00" endTime="2026-07-22T12:59:58.8090126+00:00" testType="13cdc9d9-ddb5-4fa4-a97d-d965ccfc6d4b" outcome="Passed" testListId="8c84fa94-04c1-424b-9868-57a2d4851a1d" relativeResultsDirectory="c4eee901-438b-42ec-8553-a332c12fb826" />
    <UnitTestResult executionId="1500d794-a196-4bfd-821e-4b2f435eef43" testId="030622d5-1886-7459-d0d6-920398ac8b75" testName="TourManagement.Web.Tests.ViewModels.UserViewModelTests.UserLoginViewModel_DefaultValues_AreCorrect" computerName="84fab583b125" duration="00:00:00.0000810" startTime="2026-07-22T12:59:58.7097542+00:00" endTime="2026-07-22T12:59:58.7097543+00:00" testType="13cdc9d9-ddb5-4fa4-a97d-d965ccfc6d4b" outcome="Passed" testListId="8c84fa94-04c1-424b-9868-57a2d4851a1d" relativeResultsDirectory="1500d794-a196-4bfd-821e-4b2f435eef43" />
    <UnitTestResult executionId="b5e19568-c64b-4e61-a0aa-00763d462908" testId="335f6d71-e19e-56cf-8ec8-ba8502a21007" testName="TourManagement.Web.Tests.ViewModels.TourViewModelsTests.TourViewModel_DefaultValues_AreCorrect" computerName="84fab583b125" duration="00:00:00.0006141" startTime="2026-07-22T12:59:58.7099486+00:00" endTime="2026-07-22T12:59:58.7099487+00:00" testType="13cdc9d9-ddb5-4fa4-a97d-d965ccfc6d4b" outcome="Passed" testListId="8c84fa94-04c1-424b-9868-57a2d4851a1d" relativeResultsDirectory="b5e19568-c64b-4e61-a0aa-00763d462908" />
    <UnitTestResult executionId="db270c82-184e-4170-93b5-30341caff008" testId="f662c108-de22-e833-fbec-e58214df7ccf" testName="TourManagement.Web.Tests.Pages.Bookings.BookingsCreateModelTests.OnPostAsync_WithValidModel_CreatesBookingAndRedirects" computerName="84fab583b125" duration="00:00:00.0036161" startTime="2026-07-22T12:59:58.8056549+00:00" endTime="2026-07-22T12:59:58.8056549+00:00" testType="13cdc9d9-ddb5-4fa4-a97d-d965ccfc6d4b" outcome="Passed" testListId="8c84fa94-04c1-424b-9868-57a2d4851a1d" relativeResultsDirectory="db270c82-184e-4170-93b5-30341caff008" />
    <UnitTestResult executionId="0f6170e8-fd07-419f-ad2b-a147441f2ec5" testId="ee435bad-6ed6-f732-f3c0-0e47fd704f40" testName="TourManagement.Web.Tests.Pages.Bookings.BookingsEditModelTests.OnGetAsync_WhenNotAdmin_RedirectsToAdminLogin" computerName="84fab583b125" duration="00:00:00.0004853" startTime="2026-07-22T12:59:58.8097349+00:00" endTime="2026-07-22T12:59:58.8097349+00:00" testType="13cdc9d9-ddb5-4fa4-a97d-d965ccfc6d4b" outcome="Passed" testListId="8c84fa94-04c1-424b-9868-57a2d4851a1d" relativeResultsDirectory="0f6170e8-fd07-419f-ad2b-a147441f2ec5" />
    <UnitTestResult executionId="8194f604-059c-4877-887e-66e53c6d8835" testId="992b8b3c-2eec-fefc-5b4b-bad90917ca01" testName="TourManagement.Web.Tests.Pages.Tours.ToursEditModelTests.OnGetAsync_WhenTourNotFound_RedirectsToIndex" computerName="84fab583b125" duration="00:00:00.0008987" startTime="2026-07-22T12:59:58.8075702+00:00" endTime="2026-07-22T12:59:58.8075703+00:00" testType="13cdc9d9-ddb5-4fa4-a97d-d965ccfc6d4b" outcome="Passed" testListId="8c84fa94-04c1-424b-9868-57a2d4851a1d" relativeResultsDirectory="8194f604-059c-4877-887e-66e53c6d8835" />
    <UnitTestResult executionId="30f1da27-22be-48cc-9d1d-d330148c2c22" testId="d0771e5f-f745-d31a-aa7c-5e84900fb5ab" testName="TourManagement.Web.Tests.Pages.Users.UsersEditModelTests.OnGetAsync_WhenNotLoggedIn_RedirectsToLogin" computerName="84fab583b125" duration="00:00:00.0014743" startTime="2026-07-22T12:59:58.8081384+00:00" endTime="2026-07-22T12:59:58.8081385+00:00" testType="13cdc9d9-ddb5-4fa4-a97d-d965ccfc6d4b" outcome="Passed" testListId="8c84fa94-04c1-424b-9868-57a2d4851a1d" relativeResultsDirectory="30f1da27-22be-48cc-9d1d-d330148c2c22" />
    <UnitTestResult executionId="5bc8b67b-c91d-4b3d-b69c-8c355e28bf65" testId="b1e82016-e5b7-a742-3ee3-e0e571e8a899" testName="TourManagement.Web.Tests.ViewModels.BookingViewModelsTests.BookingEditViewModel_ValidModel_PassesValidation" computerName="84fab583b125" duration="00:00:00.0124597" startTime="2026-07-22T12:59:58.6971345+00:00" endTime="2026-07-22T12:59:58.6971346+00:00" testType="13cdc9d9-ddb5-4fa4-a97d-d965ccfc6d4b" outcome="Passed" testListId="8c84fa94-04c1-424b-9868-57a2d4851a1d" relativeResultsDirectory="5bc8b67b-c91d-4b3d-b69c-8c355e28bf65" />
    <UnitTestResult executionId="4747b971-f8a8-4180-818b-78738f1ea299" testId="e725fa42-3533-d8f9-b6fc-5465b04e5553" testName="TourManagement.Web.Tests.Pages.ErrorModelTests.ShowRequestId_WhenRequestIdIsEmpty_ReturnsFalse" computerName="84fab583b125" duration="00:00:00.0001466" startTime="2026-07-22T12:59:58.8037325+00:00" endTime="2026-07-22T12:59:58.8037326+00:00" testType="13cdc9d9-ddb5-4fa4-a97d-d965ccfc6d4b" outcome="Passed" testListId="8c84fa94-04c1-424b-9868-57a2d4851a1d" relativeResultsDirectory="4747b971-f8a8-4180-818b-78738f1ea299" />
    <UnitTestResult executionId="ad12b9b8-feca-4b68-87a7-a1aa5c3787d5" testId="df10f3e5-9fb2-46f4-6890-18cc5bc62be6" testName="TourManagement.Web.Tests.Pages.Tours.ToursCreateModelTests.OnGet_WhenNotAdmin_RedirectsToAdminLogin" computerName="84fab583b125" duration="00:00:00.0002098" startTime="2026-07-22T12:59:58.7879174+00:00" endTime="2026-07-22T12:59:58.7879174+00:00" testType="13cdc9d9-ddb5-4fa4-a97d-d965ccfc6d4b" outcome="Passed" testListId="8c84fa94-04c1-424b-9868-57a2d4851a1d" relativeResultsDirectory="ad12b9b8-feca-4b68-87a7-a1aa5c3787d5" />
    <UnitTestResult executionId="1542fff8-2569-4c6e-b407-7272a6a290d0" testId="f54906e0-e7dc-6ebe-0c1e-801a3680c877" testName="TourManagement.Web.Tests.Pages.Admin.AdminLoginModelTests.OnGet_WhenAlreadyAdmin_RedirectsToDashboard" computerName="84fab583b125" duration="00:00:00.0004024" startTime="2026-07-22T12:59:58.7801285+00:00" endTime="2026-07-22T12:59:58.7801285+00:00" testType="13cdc9d9-ddb5-4fa4-a97d-d965ccfc6d4b" outcome="Passed" testListId="8c84fa94-04c1-424b-9868-57a2d4851a1d" relativeResultsDirectory="1542fff8-2569-4c6e-b407-7272a6a290d0" />
    <UnitTestResult executionId="2a8fe274-2859-40bb-aa1b-ba3ac812165b" testId="b0dd14a9-43a2-42d1-9cb1-03d64bf50184" testName="TourManagement.Web.Tests.ViewModels.BookingViewModelsTests.BookingCreateViewModel_MissingTourName_FailsValidation" computerName="84fab583b125" duration="00:00:00.0005803" startTime="2026-07-22T12:59:58.7098211+00:00" endTime="2026-07-22T12:59:58.7098211+00:00" testType="13cdc9d9-ddb5-4fa4-a97d-d965ccfc6d4b" outcome="Passed" testListId="8c84fa94-04c1-424b-9868-57a2d4851a1d" relativeResultsDirectory="2a8fe274-2859-40bb-aa1b-ba3ac812165b" />
    <UnitTestResult executionId="510ef8ad-8f0b-431e-ba98-ce5476e7b009" testId="4e79b767-0477-3ae1-05df-c036d74a096b" testName="TourManagement.Web.Tests.Pages.Tours.ToursEditModelTests.OnPostAsync_WhenNotFoundException_RedirectsToIndex" computerName="84fab583b125" duration="00:00:00.0020839" startTime="2026-07-22T12:59:58.8066736+00:00" endTime="2026-07-22T12:59:58.8066738+00:00" testType="13cdc9d9-ddb5-4fa4-a97d-d965ccfc6d4b" outcome="Passed" testListId="8c84fa94-04c1-424b-9868-57a2d4851a1d" relativeResultsDirectory="510ef8ad-8f0b-431e-ba98-ce5476e7b009" />
    <UnitTestResult executionId="54d41f51-ae66-44c2-8e30-c8ee0096061e" testId="b02066b9-8374-4ffb-294b-c377a7f392ec" testName="TourManagement.Web.Tests.Pages.ErrorModelTests.ShowRequestId_WhenRequestIdIsNull_ReturnsFalse" computerName="84fab583b125" duration="00:00:00.0001093" startTime="2026-07-22T12:59:58.8038189+00:00" endTime="2026-07-22T12:59:58.8038189+00:00" testType="13cdc9d9-ddb5-4fa4-a97d-d965ccfc6d4b" outcome="Passed" testListId="8c84fa94-04c1-424b-9868-57a2d4851a1d" relativeResultsDirectory="54d41f51-ae66-44c2-8e30-c8ee0096061e" />
    <UnitTestResult executionId="ea39c4e4-19d8-4f90-88e4-4b778c62f5c1" testId="5f379958-8317-7e34-5aee-2a25b3f2ceaf" testName="TourManagement.Web.Tests.ViewModels.BookingViewModelsTests.BookingCreateViewModel_MissingFirstName_FailsValidation" computerName="84fab583b125" duration="00:00:00.0003133" startTime="2026-07-22T12:59:58.7100227+00:00" endTime="2026-07-22T12:59:58.7100228+00:00" testType="13cdc9d9-ddb5-4fa4-a97d-d965ccfc6d4b" outcome="Passed" testListId="8c84fa94-04c1-424b-9868-57a2d4851a1d" relativeResultsDirectory="ea39c4e4-19d8-4f90-88e4-4b778c62f5c1" />
    <UnitTestResult executionId="1914fb24-a387-4a22-815a-1b7060edb62d" testId="960e45db-83bf-47c4-1c6c-aefe3db735b4" testName="TourManagement.Web.Tests.ViewModels.TourViewModelsTests.TourCreateViewModel_MissingTourName_FailsValidation" computerName="84fab583b125" duration="00:00:00.0009938" startTime="2026-07-22T12:59:58.7107512+00:00" endTime="2026-07-22T12:59:58.7107512+00:00" testType="13cdc9d9-ddb5-4fa4-a97d-d965ccfc6d4b" outcome="Passed" testListId="8c84fa94-04c1-424b-9868-57a2d4851a1d" relativeResultsDirectory="1914fb24-a387-4a22-815a-1b7060edb62d" />
    <UnitTestResult executionId="700aecd5-25c9-4c48-a404-49f792a03f19" testId="bc6dca85-d2b2-1cf9-6e57-de5653158858" testName="TourManagement.Web.Tests.Pages.Users.UsersEditModelTests.OnPostAsync_WhenServiceThrows_ReturnsPage" computerName="84fab583b125" duration="00:00:00.0152764" startTime="2026-07-22T12:59:58.8033115+00:00" endTime="2026-07-22T12:59:58.8033115+00:00" testType="13cdc9d9-ddb5-4fa4-a97d-d965ccfc6d4b" outcome="Passed" testListId="8c84fa94-04c1-424b-9868-57a2d4851a1d" relativeResultsDirectory="700aecd5-25c9-4c48-a404-49f792a03f19" />
    <UnitTestResult executionId="33cc60de-a081-47af-8618-503d4fb7baac" testId="613b4623-b3df-0c12-e99c-10774192256f" testName="TourManagement.Web.Tests.Pages.Users.UsersLoginModelTests.OnGet_WhenAlreadyLoggedIn_RedirectsToIndex" computerName="84fab583b125" duration="00:00:00.0007411" startTime="2026-07-22T12:59:58.7730116+00:00" endTime="2026-07-22T12:59:58.7730116+00:00" testType="13cdc9d9-ddb5-4fa4-a97d-d965ccfc6d4b" outcome="Passed" testListId="8c84fa94-04c1-424b-9868-57a2d4851a1d" relativeResultsDirectory="33cc60de-a081-47af-8618-503d4fb7baac" />
    <UnitTestResult executionId="ee8211cf-e7e4-4568-bdd0-248c8cf8e8db" testId="79a570b9-1035-3174-2838-e45b0e647213" testName="TourManagement.Web.Tests.ViewModels.UserViewModelTests.UserRegisterViewModel_DefaultValues_AreCorrect" computerName="84fab583b125" duration="00:00:00.0002662" startTime="2026-07-22T12:59:58.7075167+00:00" endTime="2026-07-22T12:59:58.7075167+00:00" testType="13cdc9d9-ddb5-4fa4-a97d-d965ccfc6d4b" outcome="Passed" testListId="8c84fa94-04c1-424b-9868-57a2d4851a1d" relativeResultsDirectory="ee8211cf-e7e4-4568-bdd0-248c8cf8e8db" />
    <UnitTestResult executionId="0993c666-8186-4a40-9377-01974c6645fe" testId="38670981-ecc7-080d-b5c8-5207809342b7" testName="TourManagement.Web.Tests.Pages.Bookings.BookingsEditModelTests.OnGetAsync_WhenBookingNotFound_RedirectsToIndex" computerName="84fab583b125" duration="00:00:00.0014286" startTime="2026-07-22T12:59:58.8110171+00:00" endTime="2026-07-22T12:59:58.8110172+00:00" testType="13cdc9d9-ddb5-4fa4-a97d-d965ccfc6d4b" outcome="Passed" testListId="8c84fa94-04c1-424b-9868-57a2d4851a1d" relativeResultsDirectory="0993c666-8186-4a40-9377-01974c6645fe" />
    <UnitTestResult executionId="fecd7b76-25bb-4995-9bb8-ede8f1f19865" testId="effdcc9a-02f0-9cdf-9060-8cc03d89fb70" testName="TourManagement.Web.Tests.ViewModels.TourViewModelsTests.TourCreateViewModel_DaysExceedingMax_FailsValidation" computerName="84fab583b125" duration="00:00:00.0031279" startTime="2026-07-22T12:59:58.7078751+00:00" endTime="2026-07-22T12:59:58.7078752+00:00" testType="13cdc9d9-ddb5-4fa4-a97d-d965ccfc6d4b" outcome="Passed" testListId="8c84fa94-04c1-424b-9868-57a2d4851a1d" relativeResultsDirectory="fecd7b76-25bb-4995-9bb8-ede8f1f19865" />
    <UnitTestResult executionId="98fd095d-81d2-4623-881d-5d7f27efa529" testId="a419e951-cb3f-1af9-f10c-b51d717df23f" testName="TourManagement.Web.Tests.Pages.Bookings.BookingsEditModelTests.OnGetAsync_WhenServiceThrows_RedirectsToIndex" computerName="84fab583b125" duration="00:00:00.0020358" startTime="2026-07-22T12:59:58.8090735+00:00" endTime="2026-07-22T12:59:58.8090736+00:00" testType="13cdc9d9-ddb5-4fa4-a97d-d965ccfc6d4b" outcome="Passed" testListId="8c84fa94-04c1-424b-9868-57a2d4851a1d" relativeResultsDirectory="98fd095d-81d2-4623-881d-5d7f27efa529" />
    <UnitTestResult executionId="31368faa-898e-4bb5-b2e9-9f04a0dcddf8" testId="44e14df5-14da-1caa-7966-98da012789a4" testName="TourManagement.Web.Tests.Pages.Tours.ToursDeleteModelTests.OnPostAsync_WhenNotAdmin_RedirectsToAdminLogin" computerName="84fab583b125" duration="00:00:00.0005236" startTime="2026-07-22T12:59:58.8068571+00:00" endTime="2026-07-22T12:59:58.8068572+00:00" testType="13cdc9d9-ddb5-4fa4-a97d-d965ccfc6d4b" outcome="Passed" testListId="8c84fa94-04c1-424b-9868-57a2d4851a1d" relativeResultsDirectory="31368faa-898e-4bb5-b2e9-9f04a0dcddf8" />
    <UnitTestResult executionId="9b55ff01-2ba6-4b96-8e78-646fd94ee72e" testId="b91e3ded-daed-f450-673c-4e89b67b06d9" testName="TourManagement.Web.Tests.ViewModels.UserViewModelTests.UserLoginViewModel_MissingPassword_FailsValidation" computerName="84fab583b125" duration="00:00:00.0007854" startTime="2026-07-22T12:59:58.7076394+00:00" endTime="2026-07-22T12:59:58.7076394+00:00" testType="13cdc9d9-ddb5-4fa4-a97d-d965ccfc6d4b" outcome="Passed" testListId="8c84fa94-04c1-424b-9868-57a2d4851a1d" relativeResultsDirectory="9b55ff01-2ba6-4b96-8e78-646fd94ee72e" />
    <UnitTestResult executionId="fd647343-5ff8-4423-9bee-f8d64b2b2e71" testId="e0026533-a689-f4d7-d19c-2811ad6645e4" testName="TourManagement.Web.Tests.ViewModels.UserViewModelTests.UserEditViewModel_DefaultValues_AreCorrect" computerName="84fab583b125" duration="00:00:00.0009340" startTime="2026-07-22T12:59:58.7073902+00:00" endTime="2026-07-22T12:59:58.7073903+00:00" testType="13cdc9d9-ddb5-4fa4-a97d-d965ccfc6d4b" outcome="Passed" testListId="8c84fa94-04c1-424b-9868-57a2d4851a1d" relativeResultsDirectory="fd647343-5ff8-4423-9bee-f8d64b2b2e71" />
    <UnitTestResult executionId="58b1d500-3cc2-4984-b33b-68ab0a8aeb3e" testId="cfd1b380-4006-f9b9-b828-4b747a0e1ec2" testName="TourManagement.Web.Tests.ViewModels.TourViewModelsTests.TourCreateViewModel_DefaultValues_AreCorrect" computerName="84fab583b125" duration="00:00:00.0001669" startTime="2026-07-22T12:59:58.7138914+00:00" endTime="2026-07-22T12:59:58.7138915+00:00" testType="13cdc9d9-ddb5-4fa4-a97d-d965ccfc6d4b" outcome="Passed" testListId="8c84fa94-04c1-424b-9868-57a2d4851a1d" relativeResultsDirectory="58b1d500-3cc2-4984-b33b-68ab0a8aeb3e" />
    <UnitTestResult executionId="dfd7d423-b09e-4ea5-951e-988954391730" testId="3d977d92-6ab4-3df5-1674-7bedc1f0e395" testName="TourManagement.Web.Tests.Pages.Bookings.BookingsMyBookingsModelTests.OnGetAsync_WhenNotLoggedIn_RedirectsToLogin" computerName="84fab583b125" duration="00:00:00.0209494" startTime="2026-07-22T12:59:58.8055823+00:00" endTime="2026-07-22T12:59:58.8055823+00:00" testType="13cdc9d9-ddb5-4fa4-a97d-d965ccfc6d4b" outcome="Passed" testListId="8c84fa94-04c1-424b-9868-57a2d4851a1d" relativeResultsDirectory="dfd7d423-b09e-4ea5-951e-988954391730" />
    <UnitTestResult executionId="978a9802-ee6b-487a-aab6-71cca44d32f2" testId="7b13c3fa-904f-502d-7778-7299f698c1b1" testName="TourManagement.Web.Tests.Pages.Users.UsersRegisterModelTests.OnPostAsync_WhenInvalidOperationException_ReturnsPage" computerName="84fab583b125" duration="00:00:00.1036271" startTime="2026-07-22T12:59:58.7769677+00:00" endTime="2026-07-22T12:59:58.7769678+00:00" testType="13cdc9d9-ddb5-4fa4-a97d-d965ccfc6d4b" outcome="Passed" testListId="8c84fa94-04c1-424b-9868-57a2d4851a1d" relativeResultsDirectory="978a9802-ee6b-487a-aab6-71cca44d32f2" />
    <UnitTestResult executionId="77160930-5f00-4f24-94e3-b37d2ff3b615" testId="a9a98bff-4124-0c79-2501-7897249c9a36" testName="TourManagement.Web.Tests.Pages.Users.UsersLogoutModelTests.LogoutModel_Constructor_InitializesCorrectly" computerName="84fab583b125" duration="00:00:00.0002900" startTime="2026-07-22T12:59:58.7600116+00:00" endTime="2026-07-22T12:59:58.7600117+00:00" testType="13cdc9d9-ddb5-4fa4-a97d-d965ccfc6d4b" outcome="Passed" testListId="8c84fa94-04c1-424b-9868-57a2d4851a1d" relativeResultsDirectory="77160930-5f00-4f24-94e3-b37d2ff3b615" />
    <UnitTestResult executionId="a0e1fb92-0ac1-44f3-b2c2-896a0e9d20b1" testId="ae622016-bf94-8f30-fbf2-0187708741ca" testName="TourManagement.Web.Tests.Pages.Users.UsersLoginModelTests.OnGet_WhenNotLoggedIn_ReturnsPage" computerName="84fab583b125" duration="00:00:00.0011513" startTime="2026-07-22T12:59:58.7879911+00:00" endTime="2026-07-22T12:59:58.7879912+00:00" testType="13cdc9d9-ddb5-4fa4-a97d-d965ccfc6d4b" outcome="Passed" testListId="8c84fa94-04c1-424b-9868-57a2d4851a1d" relativeResultsDirectory="a0e1fb92-0ac1-44f3-b2c2-896a0e9d20b1" />
    <UnitTestResult executionId="e7fedab9-1826-48c2-8f46-f24360eda650" testId="db9b3616-cee3-af65-27b0-699e30a7f305" testName="TourManagement.Web.Tests.ViewModels.TourViewModelsTests.TourCreateViewModel_ValidModel_PassesValidation" computerName="84fab583b125" duration="00:00:00.0002012" startTime="2026-07-22T12:59:58.7137793+00:00" endTime="2026-07-22T12:59:58.7137794+00:00" testType="13cdc9d9-ddb5-4fa4-a97d-d965ccfc6d4b" outcome="Passed" testListId="8c84fa94-04c1-424b-9868-57a2d4851a1d" relativeResultsDirectory="e7fedab9-1826-48c2-8f46-f24360eda650" />
    <UnitTestResult executionId="d3982e8b-7416-42a9-b8b2-9f370e29ee72" testId="772369fe-ce06-7168-18bf-ce3679391b81" testName="TourManagement.Web.Tests.Pages.Users.UsersIndexModelTests.IndexModel_Constructor_InitializesProperties" computerName="84fab583b125" duration="00:00:00.0027234" startTime="2026-07-22T12:59:58.7744117+00:00" endTime="2026-07-22T12:59:58.7744118+00:00" testType="13cdc9d9-ddb5-4fa4-a97d-d965ccfc6d4b" outcome="Passed" testListId="8c84fa94-04c1-424b-9868-57a2d4851a1d" relativeResultsDirectory="d3982e8b-7416-42a9-b8b2-9f370e29ee72" />
    <UnitTestResult executionId="c037eff6-aea0-4bc0-9000-b7e422a294e1" testId="b1d980b6-04b7-b324-4c40-05e8c272dd01" testName="TourManagement.Web.Tests.ViewModels.TourViewModelsTests.TourViewModel_Properties_CanBeSet" computerName="84fab583b125" duration="00:00:00.0007992" startTime="2026-07-22T12:59:58.7106749+00:00" endTime="2026-07-22T12:59:58.7106749+00:00" testType="13cdc9d9-ddb5-4fa4-a97d-d965ccfc6d4b" outcome="Passed" testListId="8c84fa94-04c1-424b-9868-57a2d4851a1d" relativeResultsDirectory="c037eff6-aea0-4bc0-9000-b7e422a294e1" />
    <UnitTestResult executionId="fae8c04c-48cf-4bae-8b4c-82abb3ec3be9" testId="ccb61fec-8255-11a0-b6fb-45a6ef269a69" testName="TourManagement.Web.Tests.Pages.Bookings.BookingsMyBookingsModelTests.OnGetAsync_WhenLoggedIn_ReturnsPageWithBookings" computerName="84fab583b125" duration="00:00:00.0017730" startTime="2026-07-22T12:59:58.8089123+00:00" endTime="2026-07-22T12:59:58.8089123+00:00" testType="13cdc9d9-ddb5-4fa4-a97d-d965ccfc6d4b" outcome="Passed" testListId="8c84fa94-04c1-424b-9868-57a2d4851a1d" relativeResultsDirectory="fae8c04c-48cf-4bae-8b4c-82abb3ec3be9" />
    <UnitTestResult executionId="a21f922a-3a4c-4bd1-b838-78ef959974a7" testId="d00a7c24-33a4-c5c2-f78c-6a6710ffbd8b" testName="TourManagement.Web.Tests.ViewModels.UserViewModelTests.UserLoginViewModel_InvalidEmail_FailsValidation" computerName="84fab583b125" duration="00:00:00.0002210" startTime="2026-07-22T12:59:58.7136569+00:00" endTime="2026-07-22T12:59:58.7136569+00:00" testType="13cdc9d9-ddb5-4fa4-a97d-d965ccfc6d4b" outcome="Passed" testListId="8c84fa94-04c1-424b-9868-57a2d4851a1d" relativeResultsDirectory="a21f922a-3a4c-4bd1-b838-78ef959974a7" />
    <UnitTestResult executionId="b38b6a94-88a8-4d10-8040-cf53a484a35a" testId="e8df158e-3d69-3a68-c763-b648d400e292" testName="TourManagement.Web.Tests.Pages.Tours.ToursCreateModelTests.OnGet_WhenAdmin_ReturnsPage" computerName="84fab583b125" duration="00:00:00.0003647" startTime="2026-07-22T12:59:58.7853569+00:00" endTime="2026-07-22T12:59:58.7853569+00:00" testType="13cdc9d9-ddb5-4fa4-a97d-d965ccfc6d4b" outcome="Passed" testListId="8c84fa94-04c1-424b-9868-57a2d4851a1d" relativeResultsDirectory="b38b6a94-88a8-4d10-8040-cf53a484a35a" />
    <UnitTestResult executionId="5b21038c-56de-430a-9061-c18d80313abf" testId="ff377a5f-b29a-0e92-8923-e4d5ffbd5fc6" testName="TourManagement.Web.Tests.Pages.Users.UsersRegisterModelTests.OnGet_WhenAlreadyLoggedIn_RedirectsToIndex" computerName="84fab583b125" duration="00:00:00.0002614" startTime="2026-07-22T12:59:58.7882260+00:00" endTime="2026-07-22T12:59:58.7882261+00:00" testType="13cdc9d9-ddb5-4fa4-a97d-d965ccfc6d4b" outcome="Passed" testListId="8c84fa94-04c1-424b-9868-57a2d4851a1d" relativeResultsDirectory="5b21038c-56de-430a-9061-c18d80313abf" />
    <UnitTestResult executionId="90050ca2-b548-469f-8acc-8bb56a5706d7" testId="3e4e2722-3c0e-a360-f71b-b5e536ed0892" testName="TourManagement.Web.Tests.Pages.Users.UsersProfileModelTests.OnGetAsync_WhenNoUserId_StillLoadsBookings" computerName="84fab583b125" duration="00:00:00.0019336" startTime="2026-07-22T12:59:58.8067364+00:00" endTime="2026-07-22T12:59:58.8067364+00:00" testType="13cdc9d9-ddb5-4fa4-a97d-d965ccfc6d4b" outcome="Passed" testListId="8c84fa94-04c1-424b-9868-57a2d4851a1d" relativeResultsDirectory="90050ca2-b548-469f-8acc-8bb56a5706d7" />
    <UnitTestResult executionId="23b63063-dc97-480c-b688-2830c532f3f0" testId="76879254-bf3c-3726-c5a9-e0aec940d90c" testName="TourManagement.Web.Tests.Pages.Users.UsersLogoutModelTests.OnGet_SetsTempDataSuccessMessage" computerName="84fab583b125" duration="00:00:00.0865429" startTime="2026-07-22T12:59:58.7594917+00:00" endTime="2026-07-22T12:59:58.7594918+00:00" testType="13cdc9d9-ddb5-4fa4-a97d-d965ccfc6d4b" outcome="Passed" testListId="8c84fa94-04c1-424b-9868-57a2d4851a1d" relativeResultsDirectory="23b63063-dc97-480c-b688-2830c532f3f0" />
    <UnitTestResult executionId="22339cd6-6c97-4db0-a244-7352b81464da" testId="bbb4c2ac-ed65-e244-b49b-a9e3d46ab61f" testName="TourManagement.Web.Tests.Pages.Users.UsersDeleteModelTests.OnGetAsync_WhenNotAdmin_RedirectsToAdminLogin" computerName="84fab583b125" duration="00:00:00.0035548" startTime="2026-07-22T12:59:58.8074491+00:00" endTime="2026-07-22T12:59:58.8074491+00:00" testType="13cdc9d9-ddb5-4fa4-a97d-d965ccfc6d4b" outcome="Passed" testListId="8c84fa94-04c1-424b-9868-57a2d4851a1d" relativeResultsDirectory="22339cd6-6c97-4db0-a244-7352b81464da" />
    <UnitTestResult executionId="79cff8de-0666-4bf4-bfd7-d33c16332eba" testId="5a7b71f7-adec-0ad4-fc7d-678d285db9a9" testName="TourManagement.Web.Tests.Pages.Tours.ToursCreateModelTests.CreateModel_Constructor_InitializesProperties" computerName="84fab583b125" duration="00:00:00.0005534" startTime="2026-07-22T12:59:58.7861672+00:00" endTime="2026-07-22T12:59:58.7861672+00:00" testType="13cdc9d9-ddb5-4fa4-a97d-d965ccfc6d4b" outcome="Passed" testListId="8c84fa94-04c1-424b-9868-57a2d4851a1d" relativeResultsDirectory="79cff8de-0666-4bf4-bfd7-d33c16332eba" />
    <UnitTestResult executionId="e85acc86-d2ac-42b8-a2ec-be649fca09d3" testId="9c6bf1e6-ba38-fa27-2fb9-aa89a481597c" testName="TourManagement.Web.Tests.Pages.Users.UsersDeleteModelTests.OnGetAsync_WhenUserNotFound_RedirectsToIndex" computerName="84fab583b125" duration="00:00:00.0006715" startTime="2026-07-22T12:59:58.8097703+00:00" endTime="2026-07-22T12:59:58.8097703+00:00" testType="13cdc9d9-ddb5-4fa4-a97d-d965ccfc6d4b" outcome="Passed" testListId="8c84fa94-04c1-424b-9868-57a2d4851a1d" relativeResultsDirectory="e85acc86-d2ac-42b8-a2ec-be649fca09d3" />
    <UnitTestResult executionId="39d51fe3-ccbb-486c-b3fd-b6d6cf50b39c" testId="1f791cd1-cf57-527f-7826-aeb4d14081af" testName="TourManagement.Web.Tests.Pages.Users.UsersEditModelTests.OnGetAsync_WhenUserNotFound_RedirectsToProfile" computerName="84fab583b125" duration="00:00:00.0072720" startTime="2026-07-22T12:59:58.7846478+00:00" endTime="2026-07-22T12:59:58.7846479+00:00" testType="13cdc9d9-ddb5-4fa4-a97d-d965ccfc6d4b" outcome="Passed" testListId="8c84fa94-04c1-424b-9868-57a2d4851a1d" relativeResultsDirectory="39d51fe3-ccbb-486c-b3fd-b6d6cf50b39c" />
    <UnitTestResult executionId="cbe14a1d-c371-46a5-90f2-aaa41f82ec99" testId="a6321e4b-2361-6435-5801-7073d8116b77" testName="TourManagement.Web.Tests.Pages.Tours.ToursIndexModelTests.IndexModel_Constructor_InitializesProperties" computerName="84fab583b125" duration="00:00:00.0001887" startTime="2026-07-22T12:59:58.8082037+00:00" endTime="2026-07-22T12:59:58.8082038+00:00" testType="13cdc9d9-ddb5-4fa4-a97d-d965ccfc6d4b" outcome="Passed" testListId="8c84fa94-04c1-424b-9868-57a2d4851a1d" relativeResultsDirectory="cbe14a1d-c371-46a5-90f2-aaa41f82ec99" />
    <UnitTestResult executionId="33817120-6b87-477b-87cb-49de748ce708" testId="fea01dc7-dd71-a98d-f71c-fa2ebd5ff80e" testName="TourManagement.Web.Tests.Pages.Tours.ToursDetailsModelTests.DetailsModel_Constructor_InitializesProperties" computerName="84fab583b125" duration="00:00:00.0009570" startTime="2026-07-22T12:59:58.7838209+00:00" endTime="2026-07-22T12:59:58.7838210+00:00" testType="13cdc9d9-ddb5-4fa4-a97d-d965ccfc6d4b" outcome="Passed" testListId="8c84fa94-04c1-424b-9868-57a2d4851a1d" relativeResultsDirectory="33817120-6b87-477b-87cb-49de748ce708" />
    <UnitTestResult executionId="2ede8965-9e31-409f-b829-8c2af6c2b8ac" testId="cdb05592-3dbf-4cf6-7999-3f01dcf0695c" testName="TourManagement.Web.Tests.Pages.Users.UsersEditModelTests.OnPostAsync_WhenNotLoggedIn_RedirectsToLogin" computerName="84fab583b125" duration="00:00:00.0014174" startTime="2026-07-22T12:59:58.8062711+00:00" endTime="2026-07-22T12:59:58.8062712+00:00" testType="13cdc9d9-ddb5-4fa4-a97d-d965ccfc6d4b" outcome="Passed" testListId="8c84fa94-04c1-424b-9868-57a2d4851a1d" relativeResultsDirectory="2ede8965-9e31-409f-b829-8c2af6c2b8ac" />
    <UnitTestResult executionId="534245be-c1ab-48e6-b788-e13a1da173b3" testId="3124a149-91d7-2e0a-70bd-029b2b0bc2d4" testName="TourManagement.Web.Tests.Pages.Bookings.BookingsCreateModelTests.OnGetAsync_WithSessionEmail_PreFillsEmail" computerName="84fab583b125" duration="00:00:00.0008762" startTime="2026-07-22T12:59:58.8069129+00:00" endTime="2026-07-22T12:59:58.8069130+00:00" testType="13cdc9d9-ddb5-4fa4-a97d-d965ccfc6d4b" outcome="Passed" testListId="8c84fa94-04c1-424b-9868-57a2d4851a1d" relativeResultsDirectory="534245be-c1ab-48e6-b788-e13a1da173b3" />
    <UnitTestResult executionId="1eb352d9-529f-483c-aa8a-4481c298ceac" testId="79c71522-e9db-d9eb-850a-31821fa0e6af" testName="TourManagement.Web.Tests.Pages.Users.UsersLoginModelTests.OnPostAsync_WithAdminCredentials_SetsAdminSession" computerName="84fab583b125" duration="00:00:00.0029396" startTime="2026-07-22T12:59:58.7807204+00:00" endTime="2026-07-22T12:59:58.7807204+00:00" testType="13cdc9d9-ddb5-4fa4-a97d-d965ccfc6d4b" outcome="Passed" testListId="8c84fa94-04c1-424b-9868-57a2d4851a1d" relativeResultsDirectory="1eb352d9-529f-483c-aa8a-4481c298ceac" />
    <UnitTestResult executionId="d403867f-b59f-4425-b239-327e44932ee3" testId="d287238e-caa2-14fb-8276-73eaf6eff497" testName="TourManagement.Web.Tests.Pages.Bookings.BookingsCreateModelTests.OnPostAsync_WhenServiceThrows_ReturnsPage" computerName="84fab583b125" duration="00:00:00.1040392" startTime="2026-07-22T12:59:58.7771821+00:00" endTime="2026-07-22T12:59:58.7771822+00:00" testType="13cdc9d9-ddb5-4fa4-a97d-d965ccfc6d4b" outcome="Passed" testListId="8c84fa94-04c1-424b-9868-57a2d4851a1d" relativeResultsDirectory="d403867f-b59f-4425-b239-327e44932ee3" />
    <UnitTestResult executionId="ab7888d9-83fe-4b2b-8855-85496f8fd45f" testId="af32be6f-064a-e860-e84c-bc0d6484213a" testName="TourManagement.Web.Tests.ViewModels.TourViewModelsTests.TourEditViewModel_Properties_CanBeSet" computerName="84fab583b125" duration="00:00:00.0115802" startTime="2026-07-22T12:59:58.6916399+00:00" endTime="2026-07-22T12:59:58.6917290+00:00" testType="13cdc9d9-ddb5-4fa4-a97d-d965ccfc6d4b" outcome="Passed" testListId="8c84fa94-04c1-424b-9868-57a2d4851a1d" relativeResultsDirectory="ab7888d9-83fe-4b2b-8855-85496f8fd45f" />
    <UnitTestResult executionId="dcebc89d-203f-47f4-a350-05a0fe52c2e0" testId="8dfb543c-f84d-7489-0bea-6c4b0e7ac5fe" testName="TourManagement.Web.Tests.Pages.Tours.ToursEditModelTests.OnGetAsync_WhenNotAdmin_RedirectsToAdminLogin" computerName="84fab583b125" duration="00:00:00.0005061" startTime="2026-07-22T12:59:58.8082549+00:00" endTime="2026-07-22T12:59:58.8082549+00:00" testType="13cdc9d9-ddb5-4fa4-a97d-d965ccfc6d4b" outcome="Passed" testListId="8c84fa94-04c1-424b-9868-57a2d4851a1d" relativeResultsDirectory="dcebc89d-203f-47f4-a350-05a0fe52c2e0" />
    <UnitTestResult executionId="1174bcd0-368a-4eee-9091-6e0e19ac0682" testId="d797b329-5087-0c36-0f08-4889a7fabe4a" testName="TourManagement.Web.Tests.Pages.Admin.AdminLoginModelTests.OnPost_WithDefaultCredentials_WhenConfigReturnsNull_UsesDefaults" computerName="84fab583b125" duration="00:00:00.0975694" startTime="2026-07-22T12:59:58.7707104+00:00" endTime="2026-07-22T12:59:58.7707106+00:00" testType="13cdc9d9-ddb5-4fa4-a97d-d965ccfc6d4b" outcome="Passed" testListId="8c84fa94-04c1-424b-9868-57a2d4851a1d" relativeResultsDirectory="1174bcd0-368a-4eee-9091-6e0e19ac0682" />
    <UnitTestResult executionId="cda3522d-d49d-45ea-973c-39b539dc925a" testId="694e123c-51d5-bc18-c82b-8e44712515d8" testName="TourManagement.Web.Tests.Pages.IndexModelTests.OnGetAsync_WhenServiceThrows_DoesNotPropagateException" computerName="84fab583b125" duration="00:00:00.0992854" startTime="2026-07-22T12:59:58.7721572+00:00" endTime="2026-07-22T12:59:58.7721572+00:00" testType="13cdc9d9-ddb5-4fa4-a97d-d965ccfc6d4b" outcome="Passed" testListId="8c84fa94-04c1-424b-9868-57a2d4851a1d" relativeResultsDirectory="cda3522d-d49d-45ea-973c-39b539dc925a" />
    <UnitTestResult executionId="a23d45ee-4d67-4da5-bc09-062527dc3821" testId="d09e0d07-edd9-6fd1-9a53-6583546fb7bf" testName="TourManagement.Web.Tests.Pages.Bookings.BookingsCreateModelTests.OnGetAsync_WithTourId_LoadsTourAndPreFillsInput" computerName="84fab583b125" duration="00:00:00.0091372" startTime="2026-07-22T12:59:58.7881003+00:00" endTime="2026-07-22T12:59:58.7881004+00:00" testType="13cdc9d9-ddb5-4fa4-a97d-d965ccfc6d4b" outcome="Passed" testListId="8c84fa94-04c1-424b-9868-57a2d4851a1d" relativeResultsDirectory="a23d45ee-4d67-4da5-bc09-062527dc3821" />
    <UnitTestResult executionId="808ea21a-6436-4f80-a04c-c8fac136582e" testId="0e150429-b897-4a56-dc41-194a4ab0adcc" testName="TourManagement.Web.Tests.Pages.Admin.AdminLoginModelTests.OnPost_WithWrongPassword_ReturnsPage" computerName="84fab583b125" duration="00:00:00.0036144" startTime="2026-07-22T12:59:58.7764757+00:00" endTime="2026-07-22T12:59:58.7764758+00:00" testType="13cdc9d9-ddb5-4fa4-a97d-d965ccfc6d4b" outcome="Passed" testListId="8c84fa94-04c1-424b-9868-57a2d4851a1d" relativeResultsDirectory="808ea21a-6436-4f80-a04c-c8fac136582e" />
    <UnitTestResult executionId="0f8d3f7b-0d2d-4112-bea0-38ba49415366" testId="b55de7d6-c76a-187d-4f8d-97dd09263374" testName="TourManagement.Web.Tests.Pages.Bookings.BookingsDeleteModelTests.OnGetAsync_WhenBookingNotFound_RedirectsToMyBookings" computerName="84fab583b125" duration="00:00:00.0021682" startTime="2026-07-22T12:59:58.8075006+00:00" endTime="2026-07-22T12:59:58.8075007+00:00" testType="13cdc9d9-ddb5-4fa4-a97d-d965ccfc6d4b" outcome="Passed" testListId="8c84fa94-04c1-424b-9868-57a2d4851a1d" relativeResultsDirectory="0f8d3f7b-0d2d-4112-bea0-38ba49415366" />
    <UnitTestResult executionId="fcd2085c-1378-4f9c-b649-09a63c29501e" testId="71449f7e-e0b0-a237-63f7-508606c311ff" testName="TourManagement.Web.Tests.ViewModels.BookingViewModelsTests.BookingCreateViewModel_InvalidEmail_FailsValidation" computerName="84fab583b125" duration="00:00:00.0017434" startTime="2026-07-22T12:59:58.7075798+00:00" endTime="2026-07-22T12:59:58.7075798+00:00" testType="13cdc9d9-ddb5-4fa4-a97d-d965ccfc6d4b" outcome="Passed" testListId="8c84fa94-04c1-424b-9868-57a2d4851a1d" relativeResultsDirectory="fcd2085c-1378-4f9c-b649-09a63c29501e" />
    <UnitTestResult executionId="04ffb10d-1b9b-4688-9932-e9f1e0594136" testId="092719f2-5225-b3b3-d0b2-a4be96d8e250" testName="TourManagement.Web.Tests.Pages.Tours.ToursDetailsModelTests.OnGetAsync_WhenServiceThrows_DoesNotPropagateException" computerName="84fab583b125" duration="00:00:00.0699712" startTime="2026-07-22T12:59:58.7728727+00:00" endTime="2026-07-22T12:59:58.7728728+00:00" testType="13cdc9d9-ddb5-4fa4-a97d-d965ccfc6d4b" outcome="Passed" testListId="8c84fa94-04c1-424b-9868-57a2d4851a1d" relativeResultsDirectory="04ffb10d-1b9b-4688-9932-e9f1e0594136" />
    <UnitTestResult executionId="37875557-5f7f-4946-8674-1f9a8347cf98" testId="6d2fda99-53c4-55fe-4a8b-69ba338b8de0" testName="TourManagement.Web.Tests.ViewModels.UserViewModelTests.UserEditViewModel_Properties_CanBeSet" computerName="84fab583b125" duration="00:00:00.0029970" startTime="2026-07-22T12:59:58.7109402+00:00" endTime="2026-07-22T12:59:58.7109403+00:00" testType="13cdc9d9-ddb5-4fa4-a97d-d965ccfc6d4b" outcome="Passed" testListId="8c84fa94-04c1-424b-9868-57a2d4851a1d" relativeResultsDirectory="37875557-5f7f-4946-8674-1f9a8347cf98" />
    <UnitTestResult executionId="c2fbf883-ca02-4bac-ac19-10fdd4607466" testId="cdd11199-6bb6-8932-db18-d0b92b613113" testName="TourManagement.Web.Tests.Pages.IndexModelTests.OnGetAsync_WithEmptyData_SetsZeroCounts" computerName="84fab583b125" duration="00:00:00.0023812" startTime="2026-07-22T12:59:58.7860781+00:00" endTime="2026-07-22T12:59:58.7860782+00:00" testType="13cdc9d9-ddb5-4fa4-a97d-d965ccfc6d4b" outcome="Passed" testListId="8c84fa94-04c1-424b-9868-57a2d4851a1d" relativeResultsDirectory="c2fbf883-ca02-4bac-ac19-10fdd4607466" />
    <UnitTestResult executionId="48615c03-bf8c-43c3-8abd-40493a7e3654" testId="92197419-530a-ab0f-b29a-0ce4d5c2c40a" testName="TourManagement.Web.Tests.Pages.Users.UsersProfileModelTests.OnGetAsync_WhenLoggedIn_LoadsUserAndBookings" computerName="84fab583b125" duration="00:00:00.0015194" startTime="2026-07-22T12:59:58.8087075+00:00" endTime="2026-07-22T12:59:58.8087075+00:00" testType="13cdc9d9-ddb5-4fa4-a97d-d965ccfc6d4b" outcome="Passed" testListId="8c84fa94-04c1-424b-9868-57a2d4851a1d" relativeResultsDirectory="48615c03-bf8c-43c3-8abd-40493a7e3654" />
    <UnitTestResult executionId="f08ddb03-b842-436e-8ad1-04a2b7e75e9e" testId="17c996f2-6218-b200-ff5e-4ed0eeb6407c" testName="TourManagement.Web.Tests.Pages.Bookings.BookingsDeleteModelTests.OnGetAsync_WhenLoggedInAndBookingExists_ReturnsPage" computerName="84fab583b125" duration="00:00:00.0046388" startTime="2026-07-22T12:59:58.7759410+00:00" endTime="2026-07-22T12:59:58.7759411+00:00" testType="13cdc9d9-ddb5-4fa4-a97d-d965ccfc6d4b" outcome="Passed" testListId="8c84fa94-04c1-424b-9868-57a2d4851a1d" relativeResultsDirectory="f08ddb03-b842-436e-8ad1-04a2b7e75e9e" />
    <UnitTestResult executionId="4b3b5b8e-f803-40af-a5df-9ed2703c5c24" testId="b2e5f635-0939-5f65-ef7d-9c9c416439b5" testName="TourManagement.Web.Tests.Pages.Bookings.BookingsDeleteModelTests.OnGetAsync_WhenServiceThrows_RedirectsToMyBookings" computerName="84fab583b125" duration="00:00:00.0983697" startTime="2026-07-22T12:59:58.7716301+00:00" endTime="2026-07-22T12:59:58.7716302+00:00" testType="13cdc9d9-ddb5-4fa4-a97d-d965ccfc6d4b" outcome="Passed" testListId="8c84fa94-04c1-424b-9868-57a2d4851a1d" relativeResultsDirectory="4b3b5b8e-f803-40af-a5df-9ed2703c5c24" />
    <UnitTestResult executionId="3884e7fe-5346-4f43-9e77-057a23cc66f8" testId="85d5ccd2-3b8b-d7bc-c85f-7c0654da3bcf" testName="TourManagement.Web.Tests.Pages.Tours.ToursEditModelTests.EditModel_Constructor_InitializesProperties" computerName="84fab583b125" duration="00:00:00.0001321" startTime="2026-07-22T12:59:58.8101508+00:00" endTime="2026-07-22T12:59:58.8101509+00:00" testType="13cdc9d9-ddb5-4fa4-a97d-d965ccfc6d4b" outcome="Passed" testListId="8c84fa94-04c1-424b-9868-57a2d4851a1d" relativeResultsDirectory="3884e7fe-5346-4f43-9e77-057a23cc66f8" />
    <UnitTestResult executionId="1ae45258-9534-4f23-a791-68e0feaf3cac" testId="17f20015-df31-091f-230e-b863ea7578f0" testName="TourManagement.Web.Tests.Pages.Users.UsersEditModelTests.OnGetAsync_WhenAdminEditingOtherUser_ReturnsPage" computerName="84fab583b125" duration="00:00:00.0005473" startTime="2026-07-22T12:59:58.8112665+00:00" endTime="2026-07-22T12:59:58.8112666+00:00" testType="13cdc9d9-ddb5-4fa4-a97d-d965ccfc6d4b" outcome="Passed" testListId="8c84fa94-04c1-424b-9868-57a2d4851a1d" relativeResultsDirectory="1ae45258-9534-4f23-a791-68e0feaf3cac" />
    <UnitTestResult executionId="3a39706c-c351-492a-af03-1203931ff2d5" testId="3653b43d-5a8b-3f72-bfae-41915749bcb7" testName="TourManagement.Web.Tests.ViewModels.TourViewModelsTests.TourEditViewModel_DefaultValues_AreCorrect" computerName="84fab583b125" duration="00:00:00.0002318" startTime="2026-07-22T12:59:58.7120589+00:00" endTime="2026-07-22T12:59:58.7120590+00:00" testType="13cdc9d9-ddb5-4fa4-a97d-d965ccfc6d4b" outcome="Passed" testListId="8c84fa94-04c1-424b-9868-57a2d4851a1d" relativeResultsDirectory="3a39706c-c351-492a-af03-1203931ff2d5" />
    <UnitTestResult executionId="65d06753-52d8-4e3a-98a9-0fefdef3917f" testId="431c4a39-51f6-139c-532e-be88aeb0f8a2" testName="TourManagement.Web.Tests.Pages.Bookings.BookingsEditModelTests.OnPostAsync_WhenServiceThrows_ReturnsPage" computerName="84fab583b125" duration="00:00:00.0192407" startTime="2026-07-22T12:59:58.8055081+00:00" endTime="2026-07-22T12:59:58.8055082+00:00" testType="13cdc9d9-ddb5-4fa4-a97d-d965ccfc6d4b" outcome="Passed" testListId="8c84fa94-04c1-424b-9868-57a2d4851a1d" relativeResultsDirectory="65d06753-52d8-4e3a-98a9-0fefdef3917f" />
    <UnitTestResult executionId="69f7f015-2d70-49e0-accd-db5a6d089956" testId="26519837-5dc8-4c9a-48a5-a8fdbb7b1afe" testName="TourManagement.Web.Tests.ViewModels.UserViewModelTests.UserRegisterViewModel_MissingEmail_FailsValidation" computerName="84fab583b125" duration="00:00:00.0002656" startTime="2026-07-22T12:59:58.7119923+00:00" endTime="2026-07-22T12:59:58.7119923+00:00" testType="13cdc9d9-ddb5-4fa4-a97d-d965ccfc6d4b" outcome="Passed" testListId="8c84fa94-04c1-424b-9868-57a2d4851a1d" relativeResultsDirectory="69f7f015-2d70-49e0-accd-db5a6d089956" />
    <UnitTestResult executionId="bdabba5a-549d-4a19-a183-bb3edb9f7f1a" testId="ebaf6393-99ab-fed8-c1db-356676d92d62" testName="TourManagement.Web.Tests.ViewModels.BookingViewModelsTests.BookingEditViewModel_InvalidEmail_FailsValidation" computerName="84fab583b125" duration="00:00:00.0004376" startTime="2026-07-22T12:59:58.7078073+00:00" endTime="2026-07-22T12:59:58.7078073+00:00" testType="13cdc9d9-ddb5-4fa4-a97d-d965ccfc6d4b" outcome="Passed" testListId="8c84fa94-04c1-424b-9868-57a2d4851a1d" relativeResultsDirectory="bdabba5a-549d-4a19-a183-bb3edb9f7f1a" />
    <UnitTestResult executionId="6e370b7c-306e-4328-a858-da2c2ba9d1b0" testId="d67c5bdf-1c90-1c72-f556-2de8d87ffc6a" testName="TourManagement.Web.Tests.Pages.Users.UsersProfileModelTests.OnGetAsync_WhenServiceThrows_ReturnsPage" computerName="84fab583b125" duration="00:00:00.0214385" startTime="2026-07-22T12:59:58.8046631+00:00" endTime="2026-07-22T12:59:58.8046632+00:00" testType="13cdc9d9-ddb5-4fa4-a97d-d965ccfc6d4b" outcome="Passed" testListId="8c84fa94-04c1-424b-9868-57a2d4851a1d" relativeResultsDirectory="6e370b7c-306e-4328-a858-da2c2ba9d1b0" />
    <UnitTestResult executionId="44a713a8-e9d3-4edf-8704-bbaa2fe1b09c" testId="d9792971-2ac6-a3e8-23d6-a7a884c7c72e" testName="TourManagement.Web.Tests.Pages.Admin.AdminDashboardModelTests.OnGetAsync_WhenNotAdmin_RedirectsToLogin" computerName="84fab583b125" duration="00:00:00.0012192" startTime="2026-07-22T12:59:58.7878735+00:00" endTime="2026-07-22T12:59:58.7878735+00:00" testType="13cdc9d9-ddb5-4fa4-a97d-d965ccfc6d4b" outcome="Passed" testListId="8c84fa94-04c1-424b-9868-57a2d4851a1d" relativeResultsDirectory="44a713a8-e9d3-4edf-8704-bbaa2fe1b09c" />
    <UnitTestResult executionId="c19e6bcd-6303-496b-83fc-d4fe2dc46888" testId="5b550ee5-7bdd-ce77-1ebd-e6acb8f77bb1" testName="TourManagement.Web.Tests.Pages.Tours.ToursDeleteModelTests.OnPostAsync_WhenServiceThrows_RedirectsToIndex" computerName="84fab583b125" duration="00:00:00.0019875" startTime="2026-07-22T12:59:58.8061491+00:00" endTime="2026-07-22T12:59:58.8061492+00:00" testType="13cdc9d9-ddb5-4fa4-a97d-d965ccfc6d4b" outcome="Passed" testListId="8c84fa94-04c1-424b-9868-57a2d4851a1d" relativeResultsDirectory="c19e6bcd-6303-496b-83fc-d4fe2dc46888" />
    <UnitTestResult executionId="ca687740-4eae-42bd-b6a1-c6aad4c04e86" testId="4bf814ae-0c98-5138-989c-787bf5dacb51" testName="TourManagement.Web.Tests.Pages.Users.UsersRegisterModelTests.RegisterModel_Constructor_InitializesProperties" computerName="84fab583b125" duration="00:00:00.0002255" startTime="2026-07-22T12:59:58.8049913+00:00" endTime="2026-07-22T12:59:58.8049914+00:00" testType="13cdc9d9-ddb5-4fa4-a97d-d965ccfc6d4b" outcome="Passed" testListId="8c84fa94-04c1-424b-9868-57a2d4851a1d" relativeResultsDirectory="ca687740-4eae-42bd-b6a1-c6aad4c04e86" />
    <UnitTestResult executionId="72c8bf19-3a7c-4a87-a82f-057485c035fe" testId="5756b2ea-5b49-e891-73fe-41bbb9bedbd7" testName="TourManagement.Web.Tests.ViewModels.BookingViewModelsTests.BookingEditViewModel_Properties_CanBeSet" computerName="84fab583b125" duration="00:00:00.0001198" startTime="2026-07-22T12:59:58.7136105+00:00" endTime="2026-07-22T12:59:58.7136105+00:00" testType="13cdc9d9-ddb5-4fa4-a97d-d965ccfc6d4b" outcome="Passed" testListId="8c84fa94-04c1-424b-9868-57a2d4851a1d" relativeResultsDirectory="72c8bf19-3a7c-4a87-a82f-057485c035fe" />
    <UnitTestResult executionId="8b12d1ee-b2a2-4d92-be3b-63eca6c791f4" testId="9b5d4169-0f49-3a95-7c5c-4d38ab5c119a" testName="TourManagement.Web.Tests.Pages.Tours.ToursDeleteModelTests.OnGetAsync_WhenServiceThrows_RedirectsToIndex" computerName="84fab583b125" duration="00:00:00.0982943" startTime="2026-07-22T12:59:58.7715598+00:00" endTime="2026-07-22T12:59:58.7715599+00:00" testType="13cdc9d9-ddb5-4fa4-a97d-d965ccfc6d4b" outcome="Passed" testListId="8c84fa94-04c1-424b-9868-57a2d4851a1d" relativeResultsDirectory="8b12d1ee-b2a2-4d92-be3b-63eca6c791f4" />
    <UnitTestResult executionId="203eae25-d35b-49f4-88b1-0afed4d81934" testId="03f5820d-179e-02a9-fca8-60c0f14edb32" testName="TourManagement.Web.Tests.ViewModels.BookingViewModelsTests.BookingCreateViewModel_MissingPlace_FailsValidation" computerName="84fab583b125" duration="00:00:00.0001999" startTime="2026-07-22T12:59:58.7119221+00:00" endTime="2026-07-22T12:59:58.7119221+00:00" testType="13cdc9d9-ddb5-4fa4-a97d-d965ccfc6d4b" outcome="Passed" testListId="8c84fa94-04c1-424b-9868-57a2d4851a1d" relativeResultsDirectory="203eae25-d35b-49f4-88b1-0afed4d81934" />
    <UnitTestResult executionId="0da3a3c5-1391-42b5-b485-fab9af2eef37" testId="d8c178f2-af0d-4e7a-4994-381751beb42c" testName="TourManagement.Web.Tests.Pages.Bookings.BookingsIndexModelTests.OnGetAsync_WhenNotAdmin_RedirectsToAdminLogin" computerName="84fab583b125" duration="00:00:00.0868447" startTime="2026-07-22T12:59:58.7599654+00:00" endTime="2026-07-22T12:59:58.7599655+00:00" testType="13cdc9d9-ddb5-4fa4-a97d-d965ccfc6d4b" outcome="Passed" testListId="8c84fa94-04c1-424b-9868-57a2d4851a1d" relativeResultsDirectory="0da3a3c5-1391-42b5-b485-fab9af2eef37" />
    <UnitTestResult executionId="9c3dcebf-fe13-4da7-bd2e-99292dae9ddc" testId="64d26795-4c49-a8b1-fcb4-596423321b6b" testName="TourManagement.Web.Tests.ViewModels.BookingViewModelsTests.BookingEditViewModel_MissingTourName_FailsValidation" computerName="84fab583b125" duration="00:00:00.0005102" startTime="2026-07-22T12:59:58.7077435+00:00" endTime="2026-07-22T12:59:58.7077436+00:00" testType="13cdc9d9-ddb5-4fa4-a97d-d965ccfc6d4b" outcome="Passed" testListId="8c84fa94-04c1-424b-9868-57a2d4851a1d" relativeResultsDirectory="9c3dcebf-fe13-4da7-bd2e-99292dae9ddc" />
    <UnitTestResult executionId="fbb9bb67-cb8e-487b-8454-4ddd06f58aff" testId="032d5604-91c3-93b1-983a-72130edf03e2" testName="TourManagement.Web.Tests.Pages.Users.UsersLoginModelTests.OnPostAsync_WhenServiceThrows_ReturnsPage" computerName="84fab583b125" duration="00:00:00.0044862" startTime="2026-07-22T12:59:58.7780240+00:00" endTime="2026-07-22T12:59:58.7780241+00:00" testType="13cdc9d9-ddb5-4fa4-a97d-d965ccfc6d4b" outcome="Passed" testListId="8c84fa94-04c1-424b-9868-57a2d4851a1d" relativeResultsDirectory="fbb9bb67-cb8e-487b-8454-4ddd06f58aff" />
    <UnitTestResult executionId="71a67cd3-55be-4cea-88a7-260a8d0e2770" testId="62650f82-60ea-e5d0-f80d-db41bdaaba25" testName="TourManagement.Web.Tests.ViewModels.UserViewModelTests.UserRegisterViewModel_InvalidEmail_FailsValidation" computerName="84fab583b125" duration="00:00:00.0003802" startTime="2026-07-22T12:59:58.7146029+00:00" endTime="2026-07-22T12:59:58.7146030+00:00" testType="13cdc9d9-ddb5-4fa4-a97d-d965ccfc6d4b" outcome="Passed" testListId="8c84fa94-04c1-424b-9868-57a2d4851a1d" relativeResultsDirectory="71a67cd3-55be-4cea-88a7-260a8d0e2770" />
    <UnitTestResult executionId="b10ecd4a-fdc2-47bb-8dc9-f5867093e0e7" testId="630dc57e-f57e-94ce-9703-c2d24f6fcbe3" testName="TourManagement.Web.Tests.Pages.Bookings.BookingsDeleteModelTests.OnGetAsync_WhenNotLoggedIn_RedirectsToUserLogin" computerName="84fab583b125" duration="00:00:00.0008790" startTime="2026-07-22T12:59:58.8083284+00:00" endTime="2026-07-22T12:59:58.8083285+00:00" testType="13cdc9d9-ddb5-4fa4-a97d-d965ccfc6d4b" outcome="Passed" testListId="8c84fa94-04c1-424b-9868-57a2d4851a1d" relativeResultsDirectory="b10ecd4a-fdc2-47bb-8dc9-f5867093e0e7" />
    <UnitTestResult executionId="9559b5e0-ed2c-481e-9d39-637cc67cf308" testId="992189c5-a650-4cb7-7449-395110ee8ef6" testName="TourManagement.Web.Tests.Pages.Bookings.BookingsIndexModelTests.OnGetAsync_WhenServiceThrows_ReturnsPage" computerName="84fab583b125" duration="00:00:00.0023814" startTime="2026-07-22T12:59:58.7732803+00:00" endTime="2026-07-22T12:59:58.7732804+00:00" testType="13cdc9d9-ddb5-4fa4-a97d-d965ccfc6d4b" outcome="Passed" testListId="8c84fa94-04c1-424b-9868-57a2d4851a1d" relativeResultsDirectory="9559b5e0-ed2c-481e-9d39-637cc67cf308" />
    <UnitTestResult executionId="c9273b5b-f5fd-4e38-925b-e22ee53e06e4" testId="aa156edf-f97e-566b-a330-31dd741b1141" testName="TourManagement.Web.Tests.Pages.Bookings.BookingsDeleteModelTests.OnPostAsync_WhenLoggedIn_DeletesAndRedirects" computerName="84fab583b125" duration="00:00:00.0097607" startTime="2026-07-22T12:59:58.7861516+00:00" endTime="2026-07-22T12:59:58.7861516+00:00" testType="13cdc9d9-ddb5-4fa4-a97d-d965ccfc6d4b" outcome="Passed" testListId="8c84fa94-04c1-424b-9868-57a2d4851a1d" relativeResultsDirectory="c9273b5b-f5fd-4e38-925b-e22ee53e06e4" />
    <UnitTestResult executionId="db9f4f8a-c665-4e10-bb45-6de8e4631114" testId="ad9728cc-8d91-3a5a-0177-79af8c2640c3" testName="TourManagement.Web.Tests.Pages.Tours.ToursCreateModelTests.OnPostAsync_WhenNotAdmin_RedirectsToAdminLogin" computerName="84fab583b125" duration="00:00:00.0031947" startTime="2026-07-22T12:59:58.7802018+00:00" endTime="2026-07-22T12:59:58.7802019+00:00" testType="13cdc9d9-ddb5-4fa4-a97d-d965ccfc6d4b" outcome="Passed" testListId="8c84fa94-04c1-424b-9868-57a2d4851a1d" relativeResultsDirectory="db9f4f8a-c665-4e10-bb45-6de8e4631114" />
    <UnitTestResult executionId="925ff997-921c-4b1f-9ae3-e8ca0252de01" testId="7ac0d377-3cba-aa94-0829-e603f7a73b93" testName="TourManagement.Web.Tests.ViewModels.UserViewModelTests.UserViewModel_FullName_ConcatenatesFirstAndLastName" computerName="84fab583b125" duration="00:00:00.0003624" startTime="2026-07-22T12:59:58.7129287+00:00" endTime="2026-07-22T12:59:58.7129288+00:00" testType="13cdc9d9-ddb5-4fa4-a97d-d965ccfc6d4b" outcome="Passed" testListId="8c84fa94-04c1-424b-9868-57a2d4851a1d" relativeResultsDirectory="925ff997-921c-4b1f-9ae3-e8ca0252de01" />
    <UnitTestResult executionId="233b5bb9-1110-4ebb-847f-761462dfafb7" testId="84843ea5-a666-f294-3837-117fd3209faf" testName="TourManagement.Web.Tests.Pages.Tours.ToursCreateModelTests.OnPostAsync_WhenServiceThrows_ReturnsPage" computerName="84fab583b125" duration="00:00:00.0742077" startTime="2026-07-22T12:59:58.7772017+00:00" endTime="2026-07-22T12:59:58.7772018+00:00" testType="13cdc9d9-ddb5-4fa4-a97d-d965ccfc6d4b" outcome="Passed" testListId="8c84fa94-04c1-424b-9868-57a2d4851a1d" relativeResultsDirectory="233b5bb9-1110-4ebb-847f-761462dfafb7" />
    <UnitTestResult executionId="9aca28a7-182d-4fee-95f2-2d196bee9f9a" testId="e8739947-e9f0-b7f8-1048-42fc4d1dbd4b" testName="TourManagement.Web.Tests.Pages.Admin.AdminDashboardModelTests.OnGetAsync_WhenAdminAndDataExists_ReturnsPageWithStats" computerName="84fab583b125" duration="00:00:00.0041281" startTime="2026-07-22T12:59:58.7847285+00:00" endTime="2026-07-22T12:59:58.7847286+00:00" testType="13cdc9d9-ddb5-4fa4-a97d-d965ccfc6d4b" outcome="Passed" testListId="8c84fa94-04c1-424b-9868-57a2d4851a1d" relativeResultsDirectory="9aca28a7-182d-4fee-95f2-2d196bee9f9a" />
    <UnitTestResult executionId="1c5f4875-fb94-4cd4-95ab-ffc733e1adfb" testId="497da5ad-7f50-a834-cb1b-2e849d84712d" testName="TourManagement.Web.Tests.ViewModels.BookingViewModelsTests.BookingCreateViewModel_MissingEmail_FailsValidation" computerName="84fab583b125" duration="00:00:00.0001832" startTime="2026-07-22T12:59:58.7125859+00:00" endTime="2026-07-22T12:59:58.7125859+00:00" testType="13cdc9d9-ddb5-4fa4-a97d-d965ccfc6d4b" outcome="Passed" testListId="8c84fa94-04c1-424b-9868-57a2d4851a1d" relativeResultsDirectory="1c5f4875-fb94-4cd4-95ab-ffc733e1adfb" />
    <UnitTestResult executionId="4bb93c68-cf6d-4334-84d1-b65a76b6eb4c" testId="6d12d8b7-583f-890c-7168-578621ab702f" testName="TourManagement.Web.Tests.ViewModels.UserViewModelTests.UserEditViewModel_MissingLastName_FailsValidation" computerName="84fab583b125" duration="00:00:00.0002351" startTime="2026-07-22T12:59:58.7149778+00:00" endTime="2026-07-22T12:59:58.7149778+00:00" testType="13cdc9d9-ddb5-4fa4-a97d-d965ccfc6d4b" outcome="Passed" testListId="8c84fa94-04c1-424b-9868-57a2d4851a1d" relativeResultsDirectory="4bb93c68-cf6d-4334-84d1-b65a76b6eb4c" />
    <UnitTestResult executionId="f84bd3aa-4d68-47b8-8692-38fe28077f9e" testId="130b1a83-a8bc-0a95-6b32-c63a6ed3a650" testName="TourManagement.Web.Tests.Pages.Users.UsersIndexModelTests.OnGetAsync_WhenNotAdmin_RedirectsToAdminLogin" computerName="84fab583b125" duration="00:00:00.0027215" startTime="2026-07-22T12:59:58.7777512+00:00" endTime="2026-07-22T12:59:58.7777513+00:00" testType="13cdc9d9-ddb5-4fa4-a97d-d965ccfc6d4b" outcome="Passed" testListId="8c84fa94-04c1-424b-9868-57a2d4851a1d" relativeResultsDirectory="f84bd3aa-4d68-47b8-8692-38fe28077f9e" />
    <UnitTestResult executionId="a1a2ed9e-461f-4bbf-a633-451c1ec02826" testId="a39c68a4-0b27-629c-2b14-236ae4d836bb" testName="TourManagement.Web.Tests.Pages.Users.UsersIndexModelTests.OnGetAsync_WhenAdminAndUsersExist_ReturnsPageWithUsers" computerName="84fab583b125" duration="00:00:00.0057791" startTime="2026-07-22T12:59:58.7835140+00:00" endTime="2026-07-22T12:59:58.7835141+00:00" testType="13cdc9d9-ddb5-4fa4-a97d-d965ccfc6d4b" outcome="Passed" testListId="8c84fa94-04c1-424b-9868-57a2d4851a1d" relativeResultsDirectory="a1a2ed9e-461f-4bbf-a633-451c1ec02826" />
    <UnitTestResult executionId="455208a2-20f7-45b5-8fe4-53e92425c1c5" testId="ce47d225-9704-5b21-69ef-ca6f705a9d36" testName="TourManagement.Web.Tests.Pages.Tours.ToursDeleteModelTests.OnPostAsync_WhenNotFoundException_RedirectsToIndex" computerName="84fab583b125" duration="00:00:00.0177042" startTime="2026-07-22T12:59:58.7892586+00:00" endTime="2026-07-22T12:59:58.7892586+00:00" testType="13cdc9d9-ddb5-4fa4-a97d-d965ccfc6d4b" outcome="Passed" testListId="8c84fa94-04c1-424b-9868-57a2d4851a1d" relativeResultsDirectory="455208a2-20f7-45b5-8fe4-53e92425c1c5" />
    <UnitTestResult executionId="1865e329-20c3-493b-80d7-d04ebd88ee33" testId="4a327660-f877-1d94-ae2d-2303662017be" testName="TourManagement.Web.Tests.Pages.Bookings.BookingsCreateModelTests.OnGetAsync_WithNoTourId_DoesNotLoadTour" computerName="84fab583b125" duration="00:00:00.0025153" startTime="2026-07-22T12:59:58.8096895+00:00" endTime="2026-07-22T12:59:58.8096896+00:00" testType="13cdc9d9-ddb5-4fa4-a97d-d965ccfc6d4b" outcome="Passed" testListId="8c84fa94-04c1-424b-9868-57a2d4851a1d" relativeResultsDirectory="1865e329-20c3-493b-80d7-d04ebd88ee33" />
    <UnitTestResult executionId="279d7dfc-1fd2-4b2f-91ed-2d30f61cf704" testId="6e0dc7d5-976c-732a-f007-58cd93048b4b" testName="TourManagement.Web.Tests.Pages.Bookings.BookingsCreateModelTests.CreateModel_Constructor_InitializesProperties" computerName="84fab583b125" duration="00:00:00.0001268" startTime="2026-07-22T12:59:58.8058589+00:00" endTime="2026-07-22T12:59:58.8058590+00:00" testType="13cdc9d9-ddb5-4fa4-a97d-d965ccfc6d4b" outcome="Passed" testListId="8c84fa94-04c1-424b-9868-57a2d4851a1d" relativeResultsDirectory="279d7dfc-1fd2-4b2f-91ed-2d30f61cf704" />
    <UnitTestResult executionId="eb3b03d8-23ea-456d-b3ed-c6c8d0ed2715" testId="d3b2b337-fd34-3a93-50a7-ece5512a4b91" testName="TourManagement.Web.Tests.ViewModels.UserViewModelTests.UserRegisterViewModel_ShortPassword_FailsValidation" computerName="84fab583b125" duration="00:00:00.0126708" startTime="2026-07-22T12:59:58.6966132+00:00" endTime="2026-07-22T12:59:58.6966134+00:00" testType="13cdc9d9-ddb5-4fa4-a97d-d965ccfc6d4b" outcome="Passed" testListId="8c84fa94-04c1-424b-9868-57a2d4851a1d" relativeResultsDirectory="eb3b03d8-23ea-456d-b3ed-c6c8d0ed2715" />
    <UnitTestResult executionId="ff5639d1-a5ec-4094-ba1e-6d93348f8da4" testId="9e4fe564-42d5-b72c-544f-91e4137f178b" testName="TourManagement.Web.Tests.Pages.Tours.ToursCreateModelTests.OnPostAsync_WhenAdminAndValidModel_CreatesAndRedirects" computerName="84fab583b125" duration="00:00:00.0044780" startTime="2026-07-22T12:59:58.7847440+00:00" endTime="2026-07-22T12:59:58.7847440+00:00" testType="13cdc9d9-ddb5-4fa4-a97d-d965ccfc6d4b" outcome="Passed" testListId="8c84fa94-04c1-424b-9868-57a2d4851a1d" relativeResultsDirectory="ff5639d1-a5ec-4094-ba1e-6d93348f8da4" />
    <UnitTestResult executionId="18c8229b-80cb-4af7-b494-b18207e3df34" testId="4840c526-441c-1aef-cb95-4d0519f20e16" testName="TourManagement.Web.Tests.ViewModels.UserViewModelTests.UserRegisterViewModel_MissingLastName_FailsValidation" computerName="84fab583b125" duration="00:00:00.0002570" startTime="2026-07-22T12:59:58.7127136+00:00" endTime="2026-07-22T12:59:58.7127136+00:00" testType="13cdc9d9-ddb5-4fa4-a97d-d965ccfc6d4b" outcome="Passed" testListId="8c84fa94-04c1-424b-9868-57a2d4851a1d" relativeResultsDirectory="18c8229b-80cb-4af7-b494-b18207e3df34" />
    <UnitTestResult executionId="6b704a87-c40e-41f5-9345-c4982ce57e2a" testId="b7d80bfc-715c-3f3c-952a-9ed879c3e241" testName="TourManagement.Web.Tests.Pages.Bookings.BookingsCreateModelTests.OnGetAsync_WhenTourServiceThrows_DoesNotPropagateException" computerName="84fab583b125" duration="00:00:00.0034893" startTime="2026-07-22T12:59:58.8031155+00:00" endTime="2026-07-22T12:59:58.8031155+00:00" testType="13cdc9d9-ddb5-4fa4-a97d-d965ccfc6d4b" outcome="Passed" testListId="8c84fa94-04c1-424b-9868-57a2d4851a1d" relativeResultsDirectory="6b704a87-c40e-41f5-9345-c4982ce57e2a" />
    <UnitTestResult executionId="9fa105e8-039d-49ba-b232-4e0edddbf17b" testId="c1f86110-c831-46b1-8a7c-d04a2e9737f6" testName="TourManagement.Web.Tests.Pages.Bookings.BookingsDeleteModelTests.OnPostAsync_WhenNotFoundException_RedirectsToMyBookings" computerName="84fab583b125" duration="00:00:00.0028080" startTime="2026-07-22T12:59:58.8050422+00:00" endTime="2026-07-22T12:59:58.8050423+00:00" testType="13cdc9d9-ddb5-4fa4-a97d-d965ccfc6d4b" outcome="Passed" testListId="8c84fa94-04c1-424b-9868-57a2d4851a1d" relativeResultsDirectory="9fa105e8-039d-49ba-b232-4e0edddbf17b" />
    <UnitTestResult executionId="14c183a9-7ab7-4b83-a4ef-2f2992cadf49" testId="1083846e-73d1-4246-ee02-0ca1be78d551" testName="TourManagement.Web.Tests.Pages.Bookings.BookingsDeleteModelTests.OnPostAsync_WhenServiceThrows_RedirectsToMyBookings" computerName="84fab583b125" duration="00:00:00.0154529" startTime="2026-07-22T12:59:58.8031857+00:00" endTime="2026-07-22T12:59:58.8031858+00:00" testType="13cdc9d9-ddb5-4fa4-a97d-d965ccfc6d4b" outcome="Passed" testListId="8c84fa94-04c1-424b-9868-57a2d4851a1d" relativeResultsDirectory="14c183a9-7ab7-4b83-a4ef-2f2992cadf49" />
    <UnitTestResult executionId="f55951b7-0798-4d63-87ed-4500239ce6d9" testId="fc4819d5-7976-48b7-424b-a0d19cc9ae77" testName="TourManagement.Web.Tests.Pages.Bookings.BookingsDetailsModelTests.OnGetAsync_WithInvalidId_BookingIsNull" computerName="84fab583b125" duration="00:00:00.0019388" startTime="2026-07-22T12:59:58.7755206+00:00" endTime="2026-07-22T12:59:58.7755206+00:00" testType="13cdc9d9-ddb5-4fa4-a97d-d965ccfc6d4b" outcome="Passed" testListId="8c84fa94-04c1-424b-9868-57a2d4851a1d" relativeResultsDirectory="f55951b7-0798-4d63-87ed-4500239ce6d9" />
    <UnitTestResult executionId="92fd6662-5d4c-4184-bf84-21ec3a7c776d" testId="42771bd3-47e5-f01c-e4d1-f198715dce1b" testName="TourManagement.Web.Tests.Pages.Users.UsersDeleteModelTests.OnGetAsync_WhenAdminAndUserExists_ReturnsPage" computerName="84fab583b125" duration="00:00:00.0010173" startTime="2026-07-22T12:59:58.8087806+00:00" endTime="2026-07-22T12:59:58.8087806+00:00" testType="13cdc9d9-ddb5-4fa4-a97d-d965ccfc6d4b" outcome="Passed" testListId="8c84fa94-04c1-424b-9868-57a2d4851a1d" relativeResultsDirectory="92fd6662-5d4c-4184-bf84-21ec3a7c776d" />
[...]
    <TestEntry testId="772369fe-ce06-7168-18bf-ce3679391b81" executionId="d3982e8b-7416-42a9-b8b2-9f370e29ee72" testListId="8c84fa94-04c1-424b-9868-57a2d4851a1d" />
    <TestEntry testId="b1d980b6-04b7-b324-4c40-05e8c272dd01" executionId="c037eff6-aea0-4bc0-9000-b7e422a294e1" testListId="8c84fa94-04c1-424b-9868-57a2d4851a1d" />
    <TestEntry testId="ccb61fec-8255-11a0-b6fb-45a6ef269a69" executionId="fae8c04c-48cf-4bae-8b4c-82abb3ec3be9" testListId="8c84fa94-04c1-424b-9868-57a2d4851a1d" />
    <TestEntry testId="d00a7c24-33a4-c5c2-f78c-6a6710ffbd8b" executionId="a21f922a-3a4c-4bd1-b838-78ef959974a7" testListId="8c84fa94-04c1-424b-9868-57a2d4851a1d" />
    <TestEntry testId="e8df158e-3d69-3a68-c763-b648d400e292" executionId="b38b6a94-88a8-4d10-8040-cf53a484a35a" testListId="8c84fa94-04c1-424b-9868-57a2d4851a1d" />
    <TestEntry testId="ff377a5f-b29a-0e92-8923-e4d5ffbd5fc6" executionId="5b21038c-56de-430a-9061-c18d80313abf" testListId="8c84fa94-04c1-424b-9868-57a2d4851a1d" />
    <TestEntry testId="3e4e2722-3c0e-a360-f71b-b5e536ed0892" executionId="90050ca2-b548-469f-8acc-8bb56a5706d7" testListId="8c84fa94-04c1-424b-9868-57a2d4851a1d" />
    <TestEntry testId="76879254-bf3c-3726-c5a9-e0aec940d90c" executionId="23b63063-dc97-480c-b688-2830c532f3f0" testListId="8c84fa94-04c1-424b-9868-57a2d4851a1d" />
    <TestEntry testId="bbb4c2ac-ed65-e244-b49b-a9e3d46ab61f" executionId="22339cd6-6c97-4db0-a244-7352b81464da" testListId="8c84fa94-04c1-424b-9868-57a2d4851a1d" />
    <TestEntry testId="5a7b71f7-adec-0ad4-fc7d-678d285db9a9" executionId="79cff8de-0666-4bf4-bfd7-d33c16332eba" testListId="8c84fa94-04c1-424b-9868-57a2d4851a1d" />
    <TestEntry testId="9c6bf1e6-ba38-fa27-2fb9-aa89a481597c" executionId="e85acc86-d2ac-42b8-a2ec-be649fca09d3" testListId="8c84fa94-04c1-424b-9868-57a2d4851a1d" />
    <TestEntry testId="1f791cd1-cf57-527f-7826-aeb4d14081af" executionId="39d51fe3-ccbb-486c-b3fd-b6d6cf50b39c" testListId="8c84fa94-04c1-424b-9868-57a2d4851a1d" />
    <TestEntry testId="a6321e4b-2361-6435-5801-7073d8116b77" executionId="cbe14a1d-c371-46a5-90f2-aaa41f82ec99" testListId="8c84fa94-04c1-424b-9868-57a2d4851a1d" />
    <TestEntry testId="fea01dc7-dd71-a98d-f71c-fa2ebd5ff80e" executionId="33817120-6b87-477b-87cb-49de748ce708" testListId="8c84fa94-04c1-424b-9868-57a2d4851a1d" />
    <TestEntry testId="cdb05592-3dbf-4cf6-7999-3f01dcf0695c" executionId="2ede8965-9e31-409f-b829-8c2af6c2b8ac" testListId="8c84fa94-04c1-424b-9868-57a2d4851a1d" />
    <TestEntry testId="3124a149-91d7-2e0a-70bd-029b2b0bc2d4" executionId="534245be-c1ab-48e6-b788-e13a1da173b3" testListId="8c84fa94-04c1-424b-9868-57a2d4851a1d" />
    <TestEntry testId="79c71522-e9db-d9eb-850a-31821fa0e6af" executionId="1eb352d9-529f-483c-aa8a-4481c298ceac" testListId="8c84fa94-04c1-424b-9868-57a2d4851a1d" />
    <TestEntry testId="d287238e-caa2-14fb-8276-73eaf6eff497" executionId="d403867f-b59f-4425-b239-327e44932ee3" testListId="8c84fa94-04c1-424b-9868-57a2d4851a1d" />
    <TestEntry testId="af32be6f-064a-e860-e84c-bc0d6484213a" executionId="ab7888d9-83fe-4b2b-8855-85496f8fd45f" testListId="8c84fa94-04c1-424b-9868-57a2d4851a1d" />
    <TestEntry testId="8dfb543c-f84d-7489-0bea-6c4b0e7ac5fe" executionId="dcebc89d-203f-47f4-a350-05a0fe52c2e0" testListId="8c84fa94-04c1-424b-9868-57a2d4851a1d" />
    <TestEntry testId="d797b329-5087-0c36-0f08-4889a7fabe4a" executionId="1174bcd0-368a-4eee-9091-6e0e19ac0682" testListId="8c84fa94-04c1-424b-9868-57a2d4851a1d" />
    <TestEntry testId="694e123c-51d5-bc18-c82b-8e44712515d8" executionId="cda3522d-d49d-45ea-973c-39b539dc925a" testListId="8c84fa94-04c1-424b-9868-57a2d4851a1d" />
    <TestEntry testId="d09e0d07-edd9-6fd1-9a53-6583546fb7bf" executionId="a23d45ee-4d67-4da5-bc09-062527dc3821" testListId="8c84fa94-04c1-424b-9868-57a2d4851a1d" />
    <TestEntry testId="0e150429-b897-4a56-dc41-194a4ab0adcc" executionId="808ea21a-6436-4f80-a04c-c8fac136582e" testListId="8c84fa94-04c1-424b-9868-57a2d4851a1d" />
    <TestEntry testId="b55de7d6-c76a-187d-4f8d-97dd09263374" executionId="0f8d3f7b-0d2d-4112-bea0-38ba49415366" testListId="8c84fa94-04c1-424b-9868-57a2d4851a1d" />
    <TestEntry testId="71449f7e-e0b0-a237-63f7-508606c311ff" executionId="fcd2085c-1378-4f9c-b649-09a63c29501e" testListId="8c84fa94-04c1-424b-9868-57a2d4851a1d" />
    <TestEntry testId="092719f2-5225-b3b3-d0b2-a4be96d8e250" executionId="04ffb10d-1b9b-4688-9932-e9f1e0594136" testListId="8c84fa94-04c1-424b-9868-57a2d4851a1d" />
    <TestEntry testId="6d2fda99-53c4-55fe-4a8b-69ba338b8de0" executionId="37875557-5f7f-4946-8674-1f9a8347cf98" testListId="8c84fa94-04c1-424b-9868-57a2d4851a1d" />
    <TestEntry testId="cdd11199-6bb6-8932-db18-d0b92b613113" executionId="c2fbf883-ca02-4bac-ac19-10fdd4607466" testListId="8c84fa94-04c1-424b-9868-57a2d4851a1d" />
    <TestEntry testId="92197419-530a-ab0f-b29a-0ce4d5c2c40a" executionId="48615c03-bf8c-43c3-8abd-40493a7e3654" testListId="8c84fa94-04c1-424b-9868-57a2d4851a1d" />
    <TestEntry testId="17c996f2-6218-b200-ff5e-4ed0eeb6407c" executionId="f08ddb03-b842-436e-8ad1-04a2b7e75e9e" testListId="8c84fa94-04c1-424b-9868-57a2d4851a1d" />
    <TestEntry testId="b2e5f635-0939-5f65-ef7d-9c9c416439b5" executionId="4b3b5b8e-f803-40af-a5df-9ed2703c5c24" testListId="8c84fa94-04c1-424b-9868-57a2d4851a1d" />
    <TestEntry testId="85d5ccd2-3b8b-d7bc-c85f-7c0654da3bcf" executionId="3884e7fe-5346-4f43-9e77-057a23cc66f8" testListId="8c84fa94-04c1-424b-9868-57a2d4851a1d" />
    <TestEntry testId="17f20015-df31-091f-230e-b863ea7578f0" executionId="1ae45258-9534-4f23-a791-68e0feaf3cac" testListId="8c84fa94-04c1-424b-9868-57a2d4851a1d" />
    <TestEntry testId="3653b43d-5a8b-3f72-bfae-41915749bcb7" executionId="3a39706c-c351-492a-af03-1203931ff2d5" testListId="8c84fa94-04c1-424b-9868-57a2d4851a1d" />
    <TestEntry testId="431c4a39-51f6-139c-532e-be88aeb0f8a2" executionId="65d06753-52d8-4e3a-98a9-0fefdef3917f" testListId="8c84fa94-04c1-424b-9868-57a2d4851a1d" />
    <TestEntry testId="26519837-5dc8-4c9a-48a5-a8fdbb7b1afe" executionId="69f7f015-2d70-49e0-accd-db5a6d089956" testListId="8c84fa94-04c1-424b-9868-57a2d4851a1d" />
    <TestEntry testId="ebaf6393-99ab-fed8-c1db-356676d92d62" executionId="bdabba5a-549d-4a19-a183-bb3edb9f7f1a" testListId="8c84fa94-04c1-424b-9868-57a2d4851a1d" />
    <TestEntry testId="d67c5bdf-1c90-1c72-f556-2de8d87ffc6a" executionId="6e370b7c-306e-4328-a858-da2c2ba9d1b0" testListId="8c84fa94-04c1-424b-9868-57a2d4851a1d" />
    <TestEntry testId="d9792971-2ac6-a3e8-23d6-a7a884c7c72e" executionId="44a713a8-e9d3-4edf-8704-bbaa2fe1b09c" testListId="8c84fa94-04c1-424b-9868-57a2d4851a1d" />
    <TestEntry testId="5b550ee5-7bdd-ce77-1ebd-e6acb8f77bb1" executionId="c19e6bcd-6303-496b-83fc-d4fe2dc46888" testListId="8c84fa94-04c1-424b-9868-57a2d4851a1d" />
    <TestEntry testId="4bf814ae-0c98-5138-989c-787bf5dacb51" executionId="ca687740-4eae-42bd-b6a1-c6aad4c04e86" testListId="8c84fa94-04c1-424b-9868-57a2d4851a1d" />
    <TestEntry testId="5756b2ea-5b49-e891-73fe-41bbb9bedbd7" executionId="72c8bf19-3a7c-4a87-a82f-057485c035fe" testListId="8c84fa94-04c1-424b-9868-57a2d4851a1d" />
    <TestEntry testId="9b5d4169-0f49-3a95-7c5c-4d38ab5c119a" executionId="8b12d1ee-b2a2-4d92-be3b-63eca6c791f4" testListId="8c84fa94-04c1-424b-9868-57a2d4851a1d" />
    <TestEntry testId="03f5820d-179e-02a9-fca8-60c0f14edb32" executionId="203eae25-d35b-49f4-88b1-0afed4d81934" testListId="8c84fa94-04c1-424b-9868-57a2d4851a1d" />
    <TestEntry testId="d8c178f2-af0d-4e7a-4994-381751beb42c" executionId="0da3a3c5-1391-42b5-b485-fab9af2eef37" testListId="8c84fa94-04c1-424b-9868-57a2d4851a1d" />
    <TestEntry testId="64d26795-4c49-a8b1-fcb4-596423321b6b" executionId="9c3dcebf-fe13-4da7-bd2e-99292dae9ddc" testListId="8c84fa94-04c1-424b-9868-57a2d4851a1d" />
    <TestEntry testId="032d5604-91c3-93b1-983a-72130edf03e2" executionId="fbb9bb67-cb8e-487b-8454-4ddd06f58aff" testListId="8c84fa94-04c1-424b-9868-57a2d4851a1d" />
    <TestEntry testId="62650f82-60ea-e5d0-f80d-db41bdaaba25" executionId="71a67cd3-55be-4cea-88a7-260a8d0e2770" testListId="8c84fa94-04c1-424b-9868-57a2d4851a1d" />
    <TestEntry testId="630dc57e-f57e-94ce-9703-c2d24f6fcbe3" executionId="b10ecd4a-fdc2-47bb-8dc9-f5867093e0e7" testListId="8c84fa94-04c1-424b-9868-57a2d4851a1d" />
    <TestEntry testId="992189c5-a650-4cb7-7449-395110ee8ef6" executionId="9559b5e0-ed2c-481e-9d39-637cc67cf308" testListId="8c84fa94-04c1-424b-9868-57a2d4851a1d" />
    <TestEntry testId="aa156edf-f97e-566b-a330-31dd741b1141" executionId="c9273b5b-f5fd-4e38-925b-e22ee53e06e4" testListId="8c84fa94-04c1-424b-9868-57a2d4851a1d" />
    <TestEntry testId="ad9728cc-8d91-3a5a-0177-79af8c2640c3" executionId="db9f4f8a-c665-4e10-bb45-6de8e4631114" testListId="8c84fa94-04c1-424b-9868-57a2d4851a1d" />
    <TestEntry testId="7ac0d377-3cba-aa94-0829-e603f7a73b93" executionId="925ff997-921c-4b1f-9ae3-e8ca0252de01" testListId="8c84fa94-04c1-424b-9868-57a2d4851a1d" />
    <TestEntry testId="84843ea5-a666-f294-3837-117fd3209faf" executionId="233b5bb9-1110-4ebb-847f-761462dfafb7" testListId="8c84fa94-04c1-424b-9868-57a2d4851a1d" />
    <TestEntry testId="e8739947-e9f0-b7f8-1048-42fc4d1dbd4b" executionId="9aca28a7-182d-4fee-95f2-2d196bee9f9a" testListId="8c84fa94-04c1-424b-9868-57a2d4851a1d" />
    <TestEntry testId="497da5ad-7f50-a834-cb1b-2e849d84712d" executionId="1c5f4875-fb94-4cd4-95ab-ffc733e1adfb" testListId="8c84fa94-04c1-424b-9868-57a2d4851a1d" />
    <TestEntry testId="6d12d8b7-583f-890c-7168-578621ab702f" executionId="4bb93c68-cf6d-4334-84d1-b65a76b6eb4c" testListId="8c84fa94-04c1-424b-9868-57a2d4851a1d" />
    <TestEntry testId="130b1a83-a8bc-0a95-6b32-c63a6ed3a650" executionId="f84bd3aa-4d68-47b8-8692-38fe28077f9e" testListId="8c84fa94-04c1-424b-9868-57a2d4851a1d" />
    <TestEntry testId="a39c68a4-0b27-629c-2b14-236ae4d836bb" executionId="a1a2ed9e-461f-4bbf-a633-451c1ec02826" testListId="8c84fa94-04c1-424b-9868-57a2d4851a1d" />
    <TestEntry testId="ce47d225-9704-5b21-69ef-ca6f705a9d36" executionId="455208a2-20f7-45b5-8fe4-53e92425c1c5" testListId="8c84fa94-04c1-424b-9868-57a2d4851a1d" />
    <TestEntry testId="4a327660-f877-1d94-ae2d-2303662017be" executionId="1865e329-20c3-493b-80d7-d04ebd88ee33" testListId="8c84fa94-04c1-424b-9868-57a2d4851a1d" />
    <TestEntry testId="6e0dc7d5-976c-732a-f007-58cd93048b4b" executionId="279d7dfc-1fd2-4b2f-91ed-2d30f61cf704" testListId="8c84fa94-04c1-424b-9868-57a2d4851a1d" />
    <TestEntry testId="d3b2b337-fd34-3a93-50a7-ece5512a4b91" executionId="eb3b03d8-23ea-456d-b3ed-c6c8d0ed2715" testListId="8c84fa94-04c1-424b-9868-57a2d4851a1d" />
    <TestEntry testId="9e4fe564-42d5-b72c-544f-91e4137f178b" executionId="ff5639d1-a5ec-4094-ba1e-6d93348f8da4" testListId="8c84fa94-04c1-424b-9868-57a2d4851a1d" />
    <TestEntry testId="4840c526-441c-1aef-cb95-4d0519f20e16" executionId="18c8229b-80cb-4af7-b494-b18207e3df34" testListId="8c84fa94-04c1-424b-9868-57a2d4851a1d" />
    <TestEntry testId="b7d80bfc-715c-3f3c-952a-9ed879c3e241" executionId="6b704a87-c40e-41f5-9345-c4982ce57e2a" testListId="8c84fa94-04c1-424b-9868-57a2d4851a1d" />
    <TestEntry testId="c1f86110-c831-46b1-8a7c-d04a2e9737f6" executionId="9fa105e8-039d-49ba-b232-4e0edddbf17b" testListId="8c84fa94-04c1-424b-9868-57a2d4851a1d" />
    <TestEntry testId="1083846e-73d1-4246-ee02-0ca1be78d551" executionId="14c183a9-7ab7-4b83-a4ef-2f2992cadf49" testListId="8c84fa94-04c1-424b-9868-57a2d4851a1d" />
    <TestEntry testId="fc4819d5-7976-48b7-424b-a0d19cc9ae77" executionId="f55951b7-0798-4d63-87ed-4500239ce6d9" testListId="8c84fa94-04c1-424b-9868-57a2d4851a1d" />
    <TestEntry testId="42771bd3-47e5-f01c-e4d1-f198715dce1b" executionId="92fd6662-5d4c-4184-bf84-21ec3a7c776d" testListId="8c84fa94-04c1-424b-9868-57a2d4851a1d" />
    <TestEntry testId="21b9f39a-b256-02c6-0eea-07cc519bdf1a" executionId="12ed4e50-7cd6-4910-a431-8652981058dd" testListId="8c84fa94-04c1-424b-9868-57a2d4851a1d" />
    <TestEntry testId="a324774c-af5c-81f7-ff8f-d7f51ebe870b" executionId="ecdd89fe-ff80-41fa-ad7f-dca02b27995d" testListId="8c84fa94-04c1-424b-9868-57a2d4851a1d" />
    <TestEntry testId="d7e00e61-a20e-17c8-59c7-8fffceca1f5b" executionId="027ecd7e-b538-4f57-88e0-11c4391d86c0" testListId="8c84fa94-04c1-424b-9868-57a2d4851a1d" />
    <TestEntry testId="55441d6d-969d-d27e-d0c6-237d109b6cff" executionId="c4188c6f-487e-437e-9429-8a03b53b758c" testListId="8c84fa94-04c1-424b-9868-57a2d4851a1d" />
    <TestEntry testId="b62fb063-d5c7-7ab9-d1c3-102f1202c912" executionId="43ac7cce-ffef-4481-9d88-d0f45d60f8d6" testListId="8c84fa94-04c1-424b-9868-57a2d4851a1d" />
    <TestEntry testId="fa9ae3ba-8a14-d4cd-dcaf-a8be25e71341" executionId="cc5ea50f-3b8f-4482-a5e0-efc4b27632e7" testListId="8c84fa94-04c1-424b-9868-57a2d4851a1d" />
    <TestEntry testId="5e997320-6f9f-c027-2751-b2fc03f64716" executionId="04670efa-1dd2-437b-9613-ba4c02839229" testListId="8c84fa94-04c1-424b-9868-57a2d4851a1d" />
    <TestEntry testId="7548689f-5db8-4a56-d7b3-efc5137611a5" executionId="306dce6d-76b8-4706-a7c2-6459117b4c4d" testListId="8c84fa94-04c1-424b-9868-57a2d4851a1d" />
    <TestEntry testId="bf7ec54a-c7b0-5a77-022b-0f19ae4f9800" executionId="07dc80a4-ff07-414c-bf1e-efe9c6cf9efb" testListId="8c84fa94-04c1-424b-9868-57a2d4851a1d" />
    <TestEntry testId="5b6dce9d-a98b-74fe-5466-fd806c8f295a" executionId="b0e4859d-b3dc-4716-81b3-d3cd4a5813bd" testListId="8c84fa94-04c1-424b-9868-57a2d4851a1d" />
    <TestEntry testId="7b3467b6-7219-b20d-1f6d-5604e2c19720" executionId="21771e05-047b-4381-b468-064f559c2aca" testListId="8c84fa94-04c1-424b-9868-57a2d4851a1d" />
    <TestEntry testId="b7d3ccae-1296-ca8a-e78b-ef8a4f770a8e" executionId="d5dd6166-9d9f-498d-bd31-ff7cf3b078c4" testListId="8c84fa94-04c1-424b-9868-57a2d4851a1d" />
    <TestEntry testId="466dc65f-4a51-ee56-cba9-aaab09fb3ce6" executionId="a12d4790-f41d-4510-8ea6-cfaca5567018" testListId="8c84fa94-04c1-424b-9868-57a2d4851a1d" />
    <TestEntry testId="a1adbf08-6682-bb77-fa88-41e37d6dc6a7" executionId="e563abb3-ae32-4724-99ae-bf513e91ff43" testListId="8c84fa94-04c1-424b-9868-57a2d4851a1d" />
    <TestEntry testId="9992b9ac-936f-1660-8857-bb33246f4ac4" executionId="569f640e-90dc-4eb9-b802-bce680118ed1" testListId="8c84fa94-04c1-424b-9868-57a2d4851a1d" />
    <TestEntry testId="0bcc3bbe-a605-6d89-2033-4ef03af92c8b" executionId="309fe803-fc55-4938-a03c-33f0344dac13" testListId="8c84fa94-04c1-424b-9868-57a2d4851a1d" />
    <TestEntry testId="32e68f58-ead0-cd1d-0249-a3095f713804" executionId="59fca358-00a3-4bf8-8e86-f8deed358fb8" testListId="8c84fa94-04c1-424b-9868-57a2d4851a1d" />
    <TestEntry testId="a4c1f980-3bae-19ec-24f9-3944d04c581d" executionId="e812ccb8-b1a0-4149-8b40-c8573865a5a9" testListId="8c84fa94-04c1-424b-9868-57a2d4851a1d" />
    <TestEntry testId="70b94f83-cd73-f0a8-9860-f037b78af22c" executionId="07dfc1d0-802c-4c35-94b3-076b4c6bf321" testListId="8c84fa94-04c1-424b-9868-57a2d4851a1d" />
    <TestEntry testId="ab52d1ad-f4e6-7464-c6fa-f97d7a662fbb" executionId="f1eec974-f001-459d-a5aa-4ba0e1400791" testListId="8c84fa94-04c1-424b-9868-57a2d4851a1d" />
    <TestEntry testId="1901c80c-39ad-23a1-1d63-b961d3c9f093" executionId="64e577c8-3bbe-49cf-855b-9bcef51216a6" testListId="8c84fa94-04c1-424b-9868-57a2d4851a1d" />
    <TestEntry testId="ee163090-1089-f184-0018-98e41ff55ab2" executionId="f48d9fcb-478e-4a36-9cb2-0f63fde9361e" testListId="8c84fa94-04c1-424b-9868-57a2d4851a1d" />
    <TestEntry testId="cbadb55c-ee5a-0e05-afbf-485bca0ef082" executionId="517a3bbc-d284-48ca-937d-4f4bfb0c90a2" testListId="8c84fa94-04c1-424b-9868-57a2d4851a1d" />
    <TestEntry testId="22f713c3-6f7c-1dae-5dec-1957dbad13e1" executionId="ca5ffe44-1a3b-4ff8-bbde-14f133d966df" testListId="8c84fa94-04c1-424b-9868-57a2d4851a1d" />
    <TestEntry testId="b1d16087-1ab5-7cf8-12eb-638d3f696f04" executionId="14d9c8aa-a7b5-445e-84bc-0fd5ad9f5d42" testListId="8c84fa94-04c1-424b-9868-57a2d4851a1d" />
    <TestEntry testId="f2f603e9-571d-4154-7442-e7068760c451" executionId="e297840e-d1dd-4da9-8e43-42252d9910d3" testListId="8c84fa94-04c1-424b-9868-57a2d4851a1d" />
    <TestEntry testId="5368993f-0e3b-ca79-6bb8-af377f81afcc" executionId="9c46bd1b-56bb-48f9-bdb3-1bef425d2c1b" testListId="8c84fa94-04c1-424b-9868-57a2d4851a1d" />
    <TestEntry testId="b74cff01-f1e6-6c4c-9dbd-b1c230378ba2" executionId="349baa3a-f4ba-45e4-aa41-e3e1808eb18f" testListId="8c84fa94-04c1-424b-9868-57a2d4851a1d" />
    <TestEntry testId="4ec8ee08-958d-cd5d-1d51-e41a4912cd77" executionId="1ea2746e-698b-42c2-847e-5e483184de2b" testListId="8c84fa94-04c1-424b-9868-57a2d4851a1d" />
    <TestEntry testId="632ba7a7-aa9c-e263-0dea-3cf8511758fa" executionId="ab9d0ec9-6537-46be-a281-67eca740f880" testListId="8c84fa94-04c1-424b-9868-57a2d4851a1d" />
    <TestEntry testId="f1cdb1e0-6ac9-5909-b2b7-56e571f12d1f" executionId="26fee0ab-fd96-454e-9443-8c401495ead0" testListId="8c84fa94-04c1-424b-9868-57a2d4851a1d" />
    <TestEntry testId="b89c4dc8-504d-bdb1-adad-32f6f5a6a303" executionId="0b1c38d8-c2cf-440b-b406-2797ef7ebd6f" testListId="8c84fa94-04c1-424b-9868-57a2d4851a1d" />
    <TestEntry testId="ed9130a1-9f94-aed9-bb8c-61e9cecfaf3a" executionId="5dd3ef9a-33e4-4d07-aa7f-abf86dc3182b" testListId="8c84fa94-04c1-424b-9868-57a2d4851a1d" />
    <TestEntry testId="a28656cb-2ff0-9b54-5093-0b15c8b0494c" executionId="ae4915c1-215e-4321-a108-0e6b27c47e87" testListId="8c84fa94-04c1-424b-9868-57a2d4851a1d" />
    <TestEntry testId="df59525e-adf1-101d-0b5a-5040425c8226" executionId="b326d80a-a596-4c28-a60c-c04332ff9cb4" testListId="8c84fa94-04c1-424b-9868-57a2d4851a1d" />
    <TestEntry testId="a1f01aaf-35b0-a677-cfdd-bcdfac2f341c" executionId="80c00ad9-7841-4fcf-b92b-6e15eddeb6cb" testListId="8c84fa94-04c1-424b-9868-57a2d4851a1d" />
    <TestEntry testId="76fd39fb-6890-092e-f29c-2b5509c5ccba" executionId="e5c83482-1dd5-4914-9e9d-017b9485f7eb" testListId="8c84fa94-04c1-424b-9868-57a2d4851a1d" />
    <TestEntry testId="5fb6d4c1-f9d2-cae1-498a-02c8eb7a7c92" executionId="b09c9ed4-9003-4407-a072-f79cf390b61b" testListId="8c84fa94-04c1-424b-9868-57a2d4851a1d" />
    <TestEntry testId="50926360-437c-b540-9781-3871be47bd59" executionId="08c2324b-dce4-4632-b37e-2745535bdb32" testListId="8c84fa94-04c1-424b-9868-57a2d4851a1d" />
    <TestEntry testId="12e9a479-80fc-d3a7-e2f9-13d39dcfe989" executionId="ead013a4-1f29-4d0d-85f7-b4cacd5c9564" testListId="8c84fa94-04c1-424b-9868-57a2d4851a1d" />
    <TestEntry testId="5570df22-bb23-1b2c-234c-eec664490779" executionId="5ca88de4-8eac-42e8-aae6-96d0a10467a1" testListId="8c84fa94-04c1-424b-9868-57a2d4851a1d" />
    <TestEntry testId="bf3e6596-914a-46f0-54b5-b80b5cc66a57" executionId="ddcf4e6b-c04d-4b00-a3f7-a693b36f7816" testListId="8c84fa94-04c1-424b-9868-57a2d4851a1d" />
    <TestEntry testId="ae9bc41a-893e-a1aa-2f6c-ddf6a44218db" executionId="019595e9-cf58-443e-a902-bb0af41238dd" testListId="8c84fa94-04c1-424b-9868-57a2d4851a1d" />
    <TestEntry testId="74baa353-de25-78a9-d5ce-b4137ddc334b" executionId="3ce37f2f-c60d-4d60-b479-4d359f004adb" testListId="8c84fa94-04c1-424b-9868-57a2d4851a1d" />
  </TestEntries>
  <TestLists>
    <TestList name="Results Not in a List" id="8c84fa94-04c1-424b-9868-57a2d4851a1d" />
    <TestList name="All Loaded Results" id="19431567-8539-422a-85d7-44ee4e166bda" />
  </TestLists>
  <ResultSummary outcome="Completed">
    <Counters total="185" executed="185" passed="185" failed="0" error="0" timeout="0" aborted="0" inconclusive="0" passedButRunAborted="0" notRunnable="0" notExecuted="0" disconnected="0" warning="0" completed="0" inProgress="0" pending="0" />
    <Output>
      <StdOut>[xUnit.net 00:00:00.00] xUnit.net VSTest Adapter v2.5.6+bf9b858c26 (64-bit .NET 9.0.5)
[xUnit.net 00:00:00.06]   Discovering: TourManagement.Web.Tests
[xUnit.net 00:00:00.10]   Discovered:  TourManagement.Web.Tests
[xUnit.net 00:00:00.10]   Starting:    TourManagement.Web.Tests
[xUnit.net 00:00:00.28]   Finished:    TourManagement.Web.Tests
</StdOut>
    </Output>
  </ResultSummary>
</TestRun>