SF:/modernize-data/studio-data/TNT1001/APP104891/transformed-code/146/studio-workspace/Full app/DotNetFrameworkProject_CE040_CE087/Tour_Management/src/TourManagement.Application/Validators/BookingValidators.cs
FN:13,System.Void TourManagement.Application.Validators.BookingCreateDtoValidator::.ctor()
FNDA:0,System.Void TourManagement.Application.Validators.BookingCreateDtoValidator::.ctor()
DA:14,0
DA:15,0
DA:16,0
DA:17,0
DA:18,0
DA:20,0
DA:21,0
DA:22,0
DA:24,0
DA:25,0
DA:26,0
DA:27,0
DA:29,0
DA:30,0
DA:31,0
DA:32,0
LF:16
LH:0
BRF:0
BRH:0
FNF:1
FNH:0
end_of_record
SF:/modernize-data/studio-data/TNT1001/APP104891/transformed-code/146/studio-workspace/Full app/DotNetFrameworkProject_CE040_CE087/Tour_Management/src/TourManagement.Application/Validators/TourValidators.cs
FN:13,System.Void TourManagement.Application.Validators.TourCreateDtoValidator::.ctor()
FNDA:0,System.Void TourManagement.Application.Validators.TourCreateDtoValidator::.ctor()
DA:14,0
DA:15,0
DA:16,0
DA:17,0
DA:18,0
DA:20,0
DA:21,0
DA:22,0
DA:24,0
DA:25,0
DA:27,0
DA:28,0
DA:30,0
DA:31,0
DA:32,0
DA:34,0
DA:35,0
DA:36,0
DA:37,0
FN:47,System.Void TourManagement.Application.Validators.TourUpdateDtoValidator::.ctor()
FNDA:0,System.Void TourManagement.Application.Validators.TourUpdateDtoValidator::.ctor()
DA:48,0
DA:49,0
DA:50,0
DA:51,0
DA:52,0
DA:54,0
DA:55,0
DA:56,0
DA:58,0
DA:59,0
DA:61,0
DA:62,0
DA:64,0
DA:65,0
DA:66,0
DA:68,0
DA:69,0
DA:70,0
DA:71,0
LF:38
LH:0
BRF:0
BRH:0
FNF:2
FNH:0
end_of_record
SF:/modernize-data/studio-data/TNT1001/APP104891/transformed-code/146/studio-workspace/Full app/DotNetFrameworkProject_CE040_CE087/Tour_Management/src/TourManagement.Application/Validators/UserValidators.cs
FN:13,System.Void TourManagement.Application.Validators.UserCreateDtoValidator::.ctor()
FNDA:0,System.Void TourManagement.Application.Validators.UserCreateDtoValidator::.ctor()
DA:14,0
DA:15,0
DA:16,0
DA:17,0
DA:18,0
DA:19,0
DA:21,0
DA:22,0
DA:23,0
DA:25,0
DA:26,0
DA:27,0
DA:29,0
DA:30,0
DA:31,0
DA:32,0
FN:42,System.Void TourManagement.Application.Validators.UserUpdateDtoValidator::.ctor()
FNDA:0,System.Void TourManagement.Application.Validators.UserUpdateDtoValidator::.ctor()
DA:43,0
DA:44,0
DA:45,0
DA:46,0
DA:47,0
DA:49,0
DA:50,0
DA:51,0
DA:52,0
LF:25
LH:0
BRF:0
BRH:0
FNF:2
FNH:0
end_of_record
SF:/modernize-data/studio-data/TNT1001/APP104891/transformed-code/146/studio-workspace/Full app/DotNetFrameworkProject_CE040_CE087/Tour_Management/src/TourManagement.Application/Services/BookingService.cs
FN:22,System.Void TourManagement.Application.Services.BookingService::.ctor(TourManagement.Domain.Interfaces.Repositories.IBookingRepository,AutoMapper.IMapper,Microsoft.Extensions.Logging.ILogger`1<TourManagement.Application.Services.BookingService>)
FNDA:0,System.Void TourManagement.Application.Services.BookingService::.ctor(TourManagement.Domain.Interfaces.Repositories.IBookingRepository,AutoMapper.IMapper,Microsoft.Extensions.Logging.ILogger`1<TourManagement.Application.Services.BookingService>)
DA:23,0
DA:24,0
DA:25,0
DA:26,0
DA:27,0
DA:28,0
FN:79,System.Void TourManagement.Application.Services.BookingService/<CreateAsync>d__7::MoveNext()
FNDA:0,System.Void TourManagement.Application.Services.BookingService/<CreateAsync>d__7::MoveNext()
DA:80,0
DA:82,0
DA:83,0
DA:84,0
DA:85,0
DA:86,0
DA:87,0
DA:89,0
DA:90,0
DA:91,0
DA:92,0
DA:94,0
FN:121,System.Void TourManagement.Application.Services.BookingService/<DeleteAsync>d__9::MoveNext()
FNDA:0,System.Void TourManagement.Application.Services.BookingService/<DeleteAsync>d__9::MoveNext()
DA:122,0
DA:124,0
DA:125,0
DA:126,0
DA:127,0
DA:128,0
DA:130,0
DA:131,0
DA:132,0
DA:133,0
DA:134,0
DA:135,0
DA:137,0
DA:138,0
DA:139,0
DA:140,0
DA:142,0
BRDA:127,227,0,0
BRDA:127,227,1,0
FN:31,System.Void TourManagement.Application.Services.BookingService/<GetAllAsync>d__4::MoveNext()
FNDA:0,System.Void TourManagement.Application.Services.BookingService/<GetAllAsync>d__4::MoveNext()
DA:32,0
DA:34,0
DA:35,0
DA:36,0
DA:37,0
DA:39,0
DA:40,0
DA:41,0
DA:42,0
DA:44,0
FN:63,System.Void TourManagement.Application.Services.BookingService/<GetByEmailAsync>d__6::MoveNext()
FNDA:0,System.Void TourManagement.Application.Services.BookingService/<GetByEmailAsync>d__6::MoveNext()
DA:64,0
DA:66,0
DA:67,0
DA:68,0
DA:69,0
DA:71,0
DA:72,0
DA:73,0
DA:74,0
DA:76,0
FN:47,System.Void TourManagement.Application.Services.BookingService/<GetByIdAsync>d__5::MoveNext()
FNDA:0,System.Void TourManagement.Application.Services.BookingService/<GetByIdAsync>d__5::MoveNext()
DA:48,0
DA:50,0
DA:51,0
DA:52,0
DA:53,0
DA:55,0
DA:56,0
DA:57,0
DA:58,0
DA:60,0
BRDA:53,214,0,0
BRDA:53,214,1,0
FN:145,System.Void TourManagement.Application.Services.BookingService/<SearchAsync>d__10::MoveNext()
FNDA:0,System.Void TourManagement.Application.Services.BookingService/<SearchAsync>d__10::MoveNext()
DA:146,0
DA:148,0
DA:149,0
DA:150,0
DA:151,0
DA:153,0
DA:154,0
DA:155,0
DA:156,0
DA:158,0
FN:97,System.Void TourManagement.Application.Services.BookingService/<UpdateAsync>d__8::MoveNext()
FNDA:0,System.Void TourManagement.Application.Services.BookingService/<UpdateAsync>d__8::MoveNext()
DA:98,0
DA:100,0
DA:101,0
DA:102,0
DA:103,0
DA:105,0
DA:106,0
DA:107,0
DA:108,0
DA:109,0
DA:110,0
DA:111,0
DA:113,0
DA:114,0
DA:115,0
DA:116,0
DA:118,0
BRDA:102,212,0,0
BRDA:102,212,1,0
LF:92
LH:0
BRF:6
BRH:0
FNF:8
FNH:0
end_of_record
SF:/modernize-data/studio-data/TNT1001/APP104891/transformed-code/146/studio-workspace/Full app/DotNetFrameworkProject_CE040_CE087/Tour_Management/src/TourManagement.Application/Services/TourService.cs
FN:22,System.Void TourManagement.Application.Services.TourService::.ctor(TourManagement.Domain.Interfaces.Repositories.ITourRepository,AutoMapper.IMapper,Microsoft.Extensions.Logging.ILogger`1<TourManagement.Application.Services.TourService>)
FNDA:0,System.Void TourManagement.Application.Services.TourService::.ctor(TourManagement.Domain.Interfaces.Repositories.ITourRepository,AutoMapper.IMapper,Microsoft.Extensions.Logging.ILogger`1<TourManagement.Application.Services.TourService>)
DA:23,0
DA:24,0
DA:25,0
DA:26,0
DA:27,0
DA:28,0
FN:63,System.Void TourManagement.Application.Services.TourService/<CreateAsync>d__6::MoveNext()
FNDA:0,System.Void TourManagement.Application.Services.TourService/<CreateAsync>d__6::MoveNext()
DA:64,0
DA:66,0
DA:67,0
DA:68,0
DA:69,0
DA:70,0
DA:71,0
DA:73,0
DA:74,0
DA:75,0
DA:76,0
DA:78,0
FN:105,System.Void TourManagement.Application.Services.TourService/<DeleteAsync>d__8::MoveNext()
FNDA:0,System.Void TourManagement.Application.Services.TourService/<DeleteAsync>d__8::MoveNext()
DA:106,0
DA:108,0
DA:109,0
DA:110,0
DA:111,0
DA:112,0
DA:114,0
DA:115,0
DA:116,0
DA:117,0
DA:118,0
DA:119,0
DA:121,0
DA:122,0
DA:123,0
DA:124,0
DA:126,0
BRDA:111,227,0,0
BRDA:111,227,1,0
FN:31,System.Void TourManagement.Application.Services.TourService/<GetAllAsync>d__4::MoveNext()
FNDA:0,System.Void TourManagement.Application.Services.TourService/<GetAllAsync>d__4::MoveNext()
DA:32,0
DA:34,0
DA:35,0
DA:36,0
DA:37,0
DA:39,0
DA:40,0
DA:41,0
DA:42,0
DA:44,0
FN:47,System.Void TourManagement.Application.Services.TourService/<GetByIdAsync>d__5::MoveNext()
FNDA:0,System.Void TourManagement.Application.Services.TourService/<GetByIdAsync>d__5::MoveNext()
DA:48,0
DA:50,0
DA:51,0
DA:52,0
DA:53,0
DA:55,0
DA:56,0
DA:57,0
DA:58,0
DA:60,0
BRDA:53,214,0,0
BRDA:53,214,1,0
FN:129,System.Void TourManagement.Application.Services.TourService/<SearchAsync>d__9::MoveNext()
FNDA:0,System.Void TourManagement.Application.Services.TourService/<SearchAsync>d__9::MoveNext()
DA:130,0
DA:132,0
DA:133,0
DA:134,0
DA:135,0
DA:137,0
DA:138,0
DA:139,0
DA:140,0
DA:142,0
FN:81,System.Void TourManagement.Application.Services.TourService/<UpdateAsync>d__7::MoveNext()
FNDA:0,System.Void TourManagement.Application.Services.TourService/<UpdateAsync>d__7::MoveNext()
DA:82,0
DA:84,0
DA:85,0
DA:86,0
DA:87,0
DA:89,0
DA:90,0
DA:91,0
DA:92,0
DA:93,0
DA:94,0
DA:95,0
DA:97,0
DA:98,0
DA:99,0
DA:100,0
DA:102,0
BRDA:86,212,0,0
BRDA:86,212,1,0
LF:82
LH:0
BRF:6
BRH:0
FNF:7
FNH:0
end_of_record
SF:/modernize-data/studio-data/TNT1001/APP104891/transformed-code/146/studio-workspace/Full app/DotNetFrameworkProject_CE040_CE087/Tour_Management/src/TourManagement.Application/Services/UserService.cs
FN:182,System.String TourManagement.Application.Services.UserService::HashPassword(System.String)
FNDA:0,System.String TourManagement.Application.Services.UserService::HashPassword(System.String)
DA:183,0
DA:184,0
DA:185,0
DA:186,0
DA:187,0
DA:188,0
FN:193,System.Boolean TourManagement.Application.Services.UserService::VerifyPassword(System.String,System.String)
FNDA:0,System.Boolean TourManagement.Application.Services.UserService::VerifyPassword(System.String,System.String)
DA:194,0
DA:195,0
DA:196,0
DA:197,0
FN:22,System.Void TourManagement.Application.Services.UserService::.ctor(TourManagement.Domain.Interfaces.Repositories.IUserRepository,AutoMapper.IMapper,Microsoft.Extensions.Logging.ILogger`1<TourManagement.Application.Services.UserService>)
FNDA:0,System.Void TourManagement.Application.Services.UserService::.ctor(TourManagement.Domain.Interfaces.Repositories.IUserRepository,AutoMapper.IMapper,Microsoft.Extensions.Logging.ILogger`1<TourManagement.Application.Services.UserService>)
DA:23,0
DA:24,0
DA:25,0
DA:26,0
DA:27,0
DA:28,0
FN:141,System.Void TourManagement.Application.Services.UserService/<AuthenticateAsync>d__9::MoveNext()
FNDA:0,System.Void TourManagement.Application.Services.UserService/<AuthenticateAsync>d__9::MoveNext()
DA:142,0
DA:144,0
DA:145,0
DA:146,0
DA:147,0
DA:148,0
DA:150,0
DA:151,0
DA:153,0
DA:154,0
DA:156,0
DA:157,0
DA:158,0
DA:159,0
DA:161,0
BRDA:147,209,0,0
BRDA:147,209,1,0
BRDA:147,232,0,0
BRDA:147,232,1,0
BRDA:150,270,0,0
BRDA:150,270,1,0
FN:63,System.Void TourManagement.Application.Services.UserService/<CreateAsync>d__6::MoveNext()
FNDA:0,System.Void TourManagement.Application.Services.UserService/<CreateAsync>d__6::MoveNext()
DA:64,0
DA:66,0
DA:67,0
DA:69,0
DA:70,0
DA:71,0
DA:73,0
DA:75,0
DA:77,0
DA:78,0
DA:79,0
DA:81,0
DA:82,0
DA:83,0
DA:85,0
DA:86,0
DA:87,0
DA:88,0
DA:90,0
BRDA:70,231,0,0
BRDA:70,231,1,0
FN:117,System.Void TourManagement.Application.Services.UserService/<DeleteAsync>d__8::MoveNext()
FNDA:0,System.Void TourManagement.Application.Services.UserService/<DeleteAsync>d__8::MoveNext()
DA:118,0
DA:120,0
DA:121,0
DA:122,0
DA:123,0
DA:124,0
DA:126,0
DA:127,0
DA:128,0
DA:129,0
DA:130,0
DA:131,0
DA:133,0
DA:134,0
DA:135,0
DA:136,0
DA:138,0
BRDA:123,227,0,0
BRDA:123,227,1,0
FN:31,System.Void TourManagement.Application.Services.UserService/<GetAllAsync>d__4::MoveNext()
FNDA:0,System.Void TourManagement.Application.Services.UserService/<GetAllAsync>d__4::MoveNext()
DA:32,0
DA:34,0
DA:35,0
DA:36,0
DA:37,0
DA:39,0
DA:40,0
DA:41,0
DA:42,0
DA:44,0
FN:47,System.Void TourManagement.Application.Services.UserService/<GetByIdAsync>d__5::MoveNext()
FNDA:0,System.Void TourManagement.Application.Services.UserService/<GetByIdAsync>d__5::MoveNext()
DA:48,0
DA:50,0
DA:51,0
DA:52,0
DA:53,0
DA:55,0
DA:56,0
DA:57,0
DA:58,0
DA:60,0
BRDA:53,214,0,0
BRDA:53,214,1,0
FN:164,System.Void TourManagement.Application.Services.UserService/<SearchAsync>d__10::MoveNext()
FNDA:0,System.Void TourManagement.Application.Services.UserService/<SearchAsync>d__10::MoveNext()
DA:165,0
DA:167,0
DA:168,0
DA:169,0
DA:170,0
DA:172,0
DA:173,0
DA:174,0
DA:175,0
DA:177,0
FN:93,System.Void TourManagement.Application.Services.UserService/<UpdateAsync>d__7::MoveNext()
FNDA:0,System.Void TourManagement.Application.Services.UserService/<UpdateAsync>d__7::MoveNext()
DA:94,0
DA:96,0
DA:97,0
DA:98,0
DA:99,0
DA:101,0
DA:102,0
DA:103,0
DA:104,0
DA:105,0
DA:106,0
DA:107,0
DA:109,0
DA:110,0
DA:111,0
DA:112,0
DA:114,0
BRDA:98,212,0,0
BRDA:98,212,1,0
LF:114
LH:0
BRF:14
BRH:0
FNF:10
FNH:0
end_of_record
SF:/modernize-data/studio-data/TNT1001/APP104891/transformed-code/146/studio-workspace/Full app/DotNetFrameworkProject_CE040_CE087/Tour_Management/src/TourManagement.Application/Mappings/MappingProfile.cs
FN:14,System.Void TourManagement.Application.Mappings.MappingProfile::.ctor()
FNDA:0,System.Void TourManagement.Application.Mappings.MappingProfile::.ctor()
DA:15,0
DA:16,0
DA:18,0
DA:19,0
DA:20,0
DA:21,0
DA:22,0
DA:23,0
DA:26,0
DA:27,0
DA:28,0
DA:29,0
DA:30,0
DA:31,0
DA:32,0
DA:35,0
DA:36,0
DA:37,0
DA:38,0
DA:39,0
DA:40,0
DA:41,0
DA:42,0
LF:23
LH:0
BRF:0
BRH:0
FNF:1
FNH:0
end_of_record
SF:/modernize-data/studio-data/TNT1001/APP104891/transformed-code/146/studio-workspace/Full app/DotNetFrameworkProject_CE040_CE087/Tour_Management/src/TourManagement.Application/Extensions/ServiceCollectionExtensions.cs
FN:20,Microsoft.Extensions.DependencyInjection.IServiceCollection TourManagement.Application.Extensions.ServiceCollectionExtensions::AddApplicationServices(Microsoft.Extensions.DependencyInjection.IServiceCollection)
FNDA:0,Microsoft.Extensions.DependencyInjection.IServiceCollection TourManagement.Application.Extensions.ServiceCollectionExtensions::AddApplicationServices(Microsoft.Extensions.DependencyInjection.IServiceCollection)
DA:21,0
DA:23,0
DA:26,0
DA:29,0
DA:30,0
DA:31,0
DA:33,0
DA:34,0
LF:8
LH:0
BRF:0
BRH:0
FNF:1
FNH:0
end_of_record
SF:/modernize-data/studio-data/TNT1001/APP104891/transformed-code/146/studio-workspace/Full app/DotNetFrameworkProject_CE040_CE087/Tour_Management/src/TourManagement.Application/DTOs/BookingDtos.cs
FN:7,System.Int32 TourManagement.Application.DTOs.BookingDto::get_Id()
FNDA:29,System.Int32 TourManagement.Application.DTOs.BookingDto::get_Id()
DA:8,29
FN:8,System.String TourManagement.Application.DTOs.BookingDto::get_TourName()
FNDA:44,System.String TourManagement.Application.DTOs.BookingDto::get_TourName()
DA:9,44
FN:9,System.String TourManagement.Application.DTOs.BookingDto::get_Place()
FNDA:29,System.String TourManagement.Application.DTOs.BookingDto::get_Place()
DA:10,29
FN:10,System.String TourManagement.Application.DTOs.BookingDto::get_Email()
FNDA:30,System.String TourManagement.Application.DTOs.BookingDto::get_Email()
DA:11,30
FN:11,System.String TourManagement.Application.DTOs.BookingDto::get_FirstName()
FNDA:29,System.String TourManagement.Application.DTOs.BookingDto::get_FirstName()
DA:12,29
FN:12,System.Nullable`1<System.Int32> TourManagement.Application.DTOs.BookingDto::get_TourId()
FNDA:0,System.Nullable`1<System.Int32> TourManagement.Application.DTOs.BookingDto::get_TourId()
DA:13,0
FN:13,System.Nullable`1<System.Int32> TourManagement.Application.DTOs.BookingDto::get_UserId()
FNDA:0,System.Nullable`1<System.Int32> TourManagement.Application.DTOs.BookingDto::get_UserId()
DA:14,0
FN:14,System.DateTime TourManagement.Application.DTOs.BookingDto::get_BookingDate()
FNDA:0,System.DateTime TourManagement.Application.DTOs.BookingDto::get_BookingDate()
DA:15,0
FN:15,System.DateTime TourManagement.Application.DTOs.BookingDto::get_CreatedDate()
FNDA:0,System.DateTime TourManagement.Application.DTOs.BookingDto::get_CreatedDate()
DA:16,0
FN:16,System.Boolean TourManagement.Application.DTOs.BookingDto::get_IsActive()
FNDA:2,System.Boolean TourManagement.Application.DTOs.BookingDto::get_IsActive()
DA:17,2
FN:24,System.String TourManagement.Application.DTOs.BookingCreateDto::get_TourName()
FNDA:4,System.String TourManagement.Application.DTOs.BookingCreateDto::get_TourName()
DA:25,4
FN:25,System.String TourManagement.Application.DTOs.BookingCreateDto::get_Place()
FNDA:4,System.String TourManagement.Application.DTOs.BookingCreateDto::get_Place()
DA:26,4
FN:26,System.String TourManagement.Application.DTOs.BookingCreateDto::get_Email()
FNDA:4,System.String TourManagement.Application.DTOs.BookingCreateDto::get_Email()
DA:27,4
FN:27,System.String TourManagement.Application.DTOs.BookingCreateDto::get_FirstName()
FNDA:4,System.String TourManagement.Application.DTOs.BookingCreateDto::get_FirstName()
DA:28,4
FN:28,System.Nullable`1<System.Int32> TourManagement.Application.DTOs.BookingCreateDto::get_TourId()
FNDA:2,System.Nullable`1<System.Int32> TourManagement.Application.DTOs.BookingCreateDto::get_TourId()
DA:29,2
FN:29,System.Nullable`1<System.Int32> TourManagement.Application.DTOs.BookingCreateDto::get_UserId()
FNDA:2,System.Nullable`1<System.Int32> TourManagement.Application.DTOs.BookingCreateDto::get_UserId()
DA:30,2
FN:37,System.String TourManagement.Application.DTOs.BookingUpdateDto::get_TourName()
FNDA:6,System.String TourManagement.Application.DTOs.BookingUpdateDto::get_TourName()
DA:38,6
FN:38,System.String TourManagement.Application.DTOs.BookingUpdateDto::get_Place()
FNDA:6,System.String TourManagement.Application.DTOs.BookingUpdateDto::get_Place()
DA:39,6
FN:39,System.String TourManagement.Application.DTOs.BookingUpdateDto::get_Email()
FNDA:6,System.String TourManagement.Application.DTOs.BookingUpdateDto::get_Email()
DA:40,6
FN:40,System.String TourManagement.Application.DTOs.BookingUpdateDto::get_FirstName()
FNDA:6,System.String TourManagement.Application.DTOs.BookingUpdateDto::get_FirstName()
DA:41,6
FN:41,System.Boolean TourManagement.Application.DTOs.BookingUpdateDto::get_IsActive()
FNDA:6,System.Boolean TourManagement.Application.DTOs.BookingUpdateDto::get_IsActive()
DA:42,6
LF:21
LH:17
BRF:0
BRH:0
FNF:21
FNH:17
end_of_record
SF:/modernize-data/studio-data/TNT1001/APP104891/transformed-code/146/studio-workspace/Full app/DotNetFrameworkProject_CE040_CE087/Tour_Management/src/TourManagement.Application/DTOs/TourDtos.cs
FN:7,System.Int32 TourManagement.Application.DTOs.TourDto::get_Id()
FNDA:26,System.Int32 TourManagement.Application.DTOs.TourDto::get_Id()
DA:8,26
FN:8,System.String TourManagement.Application.DTOs.TourDto::get_TourName()
FNDA:49,System.String TourManagement.Application.DTOs.TourDto::get_TourName()
DA:9,49
FN:9,System.String TourManagement.Application.DTOs.TourDto::get_Place()
FNDA:28,System.String TourManagement.Application.DTOs.TourDto::get_Place()
DA:10,28
FN:10,System.Int32 TourManagement.Application.DTOs.TourDto::get_Days()
FNDA:2,System.Int32 TourManagement.Application.DTOs.TourDto::get_Days()
DA:11,2
FN:11,System.Decimal TourManagement.Application.DTOs.TourDto::get_Price()
FNDA:2,System.Decimal TourManagement.Application.DTOs.TourDto::get_Price()
DA:12,2
FN:12,System.String TourManagement.Application.DTOs.TourDto::get_Locations()
FNDA:25,System.String TourManagement.Application.DTOs.TourDto::get_Locations()
DA:13,25
FN:13,System.String TourManagement.Application.DTOs.TourDto::get_TourInfo()
FNDA:25,System.String TourManagement.Application.DTOs.TourDto::get_TourInfo()
DA:14,25
FN:14,System.String TourManagement.Application.DTOs.TourDto::get_Pic()
FNDA:2,System.String TourManagement.Application.DTOs.TourDto::get_Pic()
DA:15,2
FN:15,System.DateTime TourManagement.Application.DTOs.TourDto::get_CreatedDate()
FNDA:0,System.DateTime TourManagement.Application.DTOs.TourDto::get_CreatedDate()
DA:16,0
FN:16,System.Boolean TourManagement.Application.DTOs.TourDto::get_IsActive()
FNDA:9,System.Boolean TourManagement.Application.DTOs.TourDto::get_IsActive()
DA:17,9
FN:24,System.String TourManagement.Application.DTOs.TourCreateDto::get_TourName()
FNDA:4,System.String TourManagement.Application.DTOs.TourCreateDto::get_TourName()
DA:25,4
FN:25,System.String TourManagement.Application.DTOs.TourCreateDto::get_Place()
FNDA:4,System.String TourManagement.Application.DTOs.TourCreateDto::get_Place()
DA:26,4
FN:26,System.Int32 TourManagement.Application.DTOs.TourCreateDto::get_Days()
FNDA:2,System.Int32 TourManagement.Application.DTOs.TourCreateDto::get_Days()
DA:27,2
FN:27,System.Decimal TourManagement.Application.DTOs.TourCreateDto::get_Price()
FNDA:2,System.Decimal TourManagement.Application.DTOs.TourCreateDto::get_Price()
DA:28,2
FN:28,System.String TourManagement.Application.DTOs.TourCreateDto::get_Locations()
FNDA:4,System.String TourManagement.Application.DTOs.TourCreateDto::get_Locations()
DA:29,4
FN:29,System.String TourManagement.Application.DTOs.TourCreateDto::get_TourInfo()
FNDA:4,System.String TourManagement.Application.DTOs.TourCreateDto::get_TourInfo()
DA:30,4
FN:30,System.String TourManagement.Application.DTOs.TourCreateDto::get_Pic()
FNDA:2,System.String TourManagement.Application.DTOs.TourCreateDto::get_Pic()
DA:31,2
FN:38,System.String TourManagement.Application.DTOs.TourUpdateDto::get_TourName()
FNDA:6,System.String TourManagement.Application.DTOs.TourUpdateDto::get_TourName()
DA:39,6
FN:39,System.String TourManagement.Application.DTOs.TourUpdateDto::get_Place()
FNDA:6,System.String TourManagement.Application.DTOs.TourUpdateDto::get_Place()
DA:40,6
FN:40,System.Int32 TourManagement.Application.DTOs.TourUpdateDto::get_Days()
FNDA:3,System.Int32 TourManagement.Application.DTOs.TourUpdateDto::get_Days()
DA:41,3
FN:41,System.Decimal TourManagement.Application.DTOs.TourUpdateDto::get_Price()
FNDA:3,System.Decimal TourManagement.Application.DTOs.TourUpdateDto::get_Price()
DA:42,3
FN:42,System.String TourManagement.Application.DTOs.TourUpdateDto::get_Locations()
FNDA:6,System.String TourManagement.Application.DTOs.TourUpdateDto::get_Locations()
DA:43,6
FN:43,System.String TourManagement.Application.DTOs.TourUpdateDto::get_TourInfo()
FNDA:6,System.String TourManagement.Application.DTOs.TourUpdateDto::get_TourInfo()
DA:44,6
FN:44,System.String TourManagement.Application.DTOs.TourUpdateDto::get_Pic()
FNDA:3,System.String TourManagement.Application.DTOs.TourUpdateDto::get_Pic()
DA:45,3
FN:45,System.Boolean TourManagement.Application.DTOs.TourUpdateDto::get_IsActive()
FNDA:6,System.Boolean TourManagement.Application.DTOs.TourUpdateDto::get_IsActive()
DA:46,6
LF:25
LH:24
BRF:0
BRH:0
FNF:25
FNH:24
end_of_record
SF:/modernize-data/studio-data/TNT1001/APP104891/transformed-code/146/studio-workspace/Full app/DotNetFrameworkProject_CE040_CE087/Tour_Management/src/TourManagement.Application/DTOs/UserDtos.cs
FN:7,System.Int32 TourManagement.Application.DTOs.UserDto::get_Id()
FNDA:18,System.Int32 TourManagement.Application.DTOs.UserDto::get_Id()
DA:8,18
FN:8,System.String TourManagement.Application.DTOs.UserDto::get_Email()
FNDA:26,System.String TourManagement.Application.DTOs.UserDto::get_Email()
DA:9,26
FN:9,System.String TourManagement.Application.DTOs.UserDto::get_FirstName()
FNDA:26,System.String TourManagement.Application.DTOs.UserDto::get_FirstName()
DA:10,26
FN:10,System.String TourManagement.Application.DTOs.UserDto::get_LastName()
FNDA:22,System.String TourManagement.Application.DTOs.UserDto::get_LastName()
DA:11,22
FN:11,System.String TourManagement.Application.DTOs.UserDto::get_Gender()
FNDA:2,System.String TourManagement.Application.DTOs.UserDto::get_Gender()
DA:12,2
FN:12,System.Nullable`1<System.DateTime> TourManagement.Application.DTOs.UserDto::get_DateOfBirth()
FNDA:2,System.Nullable`1<System.DateTime> TourManagement.Application.DTOs.UserDto::get_DateOfBirth()
DA:13,2
FN:13,System.String TourManagement.Application.DTOs.UserDto::get_Street()
FNDA:2,System.String TourManagement.Application.DTOs.UserDto::get_Street()
DA:14,2
FN:14,System.String TourManagement.Application.DTOs.UserDto::get_City()
FNDA:2,System.String TourManagement.Application.DTOs.UserDto::get_City()
DA:15,2
FN:15,System.String TourManagement.Application.DTOs.UserDto::get_State()
FNDA:2,System.String TourManagement.Application.DTOs.UserDto::get_State()
DA:16,2
FN:16,System.Boolean TourManagement.Application.DTOs.UserDto::get_IsAdmin()
FNDA:4,System.Boolean TourManagement.Application.DTOs.UserDto::get_IsAdmin()
DA:17,4
FN:17,System.DateTime TourManagement.Application.DTOs.UserDto::get_CreatedDate()
FNDA:0,System.DateTime TourManagement.Application.DTOs.UserDto::get_CreatedDate()
DA:18,0
FN:18,System.Boolean TourManagement.Application.DTOs.UserDto::get_IsActive()
FNDA:4,System.Boolean TourManagement.Application.DTOs.UserDto::get_IsActive()
DA:19,4
FN:26,System.String TourManagement.Application.DTOs.UserCreateDto::get_Email()
FNDA:6,System.String TourManagement.Application.DTOs.UserCreateDto::get_Email()
DA:27,6
FN:27,System.String TourManagement.Application.DTOs.UserCreateDto::get_FirstName()
FNDA:6,System.String TourManagement.Application.DTOs.UserCreateDto::get_FirstName()
DA:28,6
FN:28,System.String TourManagement.Application.DTOs.UserCreateDto::get_LastName()
FNDA:6,System.String TourManagement.Application.DTOs.UserCreateDto::get_LastName()
DA:29,6
FN:29,System.String TourManagement.Application.DTOs.UserCreateDto::get_Gender()
FNDA:3,System.String TourManagement.Application.DTOs.UserCreateDto::get_Gender()
DA:30,3
FN:30,System.String TourManagement.Application.DTOs.UserCreateDto::get_Password()
FNDA:6,System.String TourManagement.Application.DTOs.UserCreateDto::get_Password()
DA:31,6
FN:31,System.Nullable`1<System.DateTime> TourManagement.Application.DTOs.UserCreateDto::get_DateOfBirth()
FNDA:3,System.Nullable`1<System.DateTime> TourManagement.Application.DTOs.UserCreateDto::get_DateOfBirth()
DA:32,3
FN:32,System.String TourManagement.Application.DTOs.UserCreateDto::get_Street()
FNDA:3,System.String TourManagement.Application.DTOs.UserCreateDto::get_Street()
DA:33,3
FN:33,System.String TourManagement.Application.DTOs.UserCreateDto::get_City()
FNDA:3,System.String TourManagement.Application.DTOs.UserCreateDto::get_City()
DA:34,3
FN:34,System.String TourManagement.Application.DTOs.UserCreateDto::get_State()
FNDA:3,System.String TourManagement.Application.DTOs.UserCreateDto::get_State()
DA:35,3
FN:42,System.String TourManagement.Application.DTOs.UserUpdateDto::get_FirstName()
FNDA:6,System.String TourManagement.Application.DTOs.UserUpdateDto::get_FirstName()
DA:43,6
FN:43,System.String TourManagement.Application.DTOs.UserUpdateDto::get_LastName()
FNDA:6,System.String TourManagement.Application.DTOs.UserUpdateDto::get_LastName()
DA:44,6
FN:44,System.String TourManagement.Application.DTOs.UserUpdateDto::get_Gender()
FNDA:3,System.String TourManagement.Application.DTOs.UserUpdateDto::get_Gender()
DA:45,3
FN:45,System.Nullable`1<System.DateTime> TourManagement.Application.DTOs.UserUpdateDto::get_DateOfBirth()
FNDA:3,System.Nullable`1<System.DateTime> TourManagement.Application.DTOs.UserUpdateDto::get_DateOfBirth()
DA:46,3
FN:46,System.String TourManagement.Application.DTOs.UserUpdateDto::get_Street()
FNDA:3,System.String TourManagement.Application.DTOs.UserUpdateDto::get_Street()
DA:47,3
FN:47,System.String TourManagement.Application.DTOs.UserUpdateDto::get_City()
FNDA:3,System.String TourManagement.Application.DTOs.UserUpdateDto::get_City()
DA:48,3
FN:48,System.String TourManagement.Application.DTOs.UserUpdateDto::get_State()
FNDA:3,System.String TourManagement.Application.DTOs.UserUpdateDto::get_State()
DA:49,3
FN:49,System.Boolean TourManagement.Application.DTOs.UserUpdateDto::get_IsActive()
FNDA:6,System.Boolean TourManagement.Application.DTOs.UserUpdateDto::get_IsActive()
DA:50,6
LF:29
LH:28
BRF:0
BRH:0
FNF:29
FNH:28
end_of_record
SF:/modernize-data/studio-data/TNT1001/APP104891/transformed-code/146/studio-workspace/Full app/DotNetFrameworkProject_CE040_CE087/Tour_Management/src/TourManagement.Infrastructure/Repositories/BookingRepository.cs
FN:19,System.Void TourManagement.Infrastructure.Repositories.BookingRepository::.ctor(TourManagement.Infrastructure.Data.TourManagementDbContext,Microsoft.Extensions.Logging.ILogger`1<TourManagement.Infrastructure.Repositories.BookingRepository>)
FNDA:0,System.Void TourManagement.Infrastructure.Repositories.BookingRepository::.ctor(TourManagement.Infrastructure.Data.TourManagementDbContext,Microsoft.Extensions.Logging.ILogger`1<TourManagement.Infrastructure.Repositories.BookingRepository>)
DA:20,0
DA:21,0
DA:22,0
DA:23,0
DA:24,0
FN:84,System.Void TourManagement.Infrastructure.Repositories.BookingRepository/<AddAsync>d__6::MoveNext()
FNDA:0,System.Void TourManagement.Infrastructure.Repositories.BookingRepository/<AddAsync>d__6::MoveNext()
DA:85,0
DA:87,0
DA:88,0
DA:89,0
DA:90,0
DA:92,0
DA:93,0
DA:94,0
DA:95,0
DA:97,0
FN:115,System.Void TourManagement.Infrastructure.Repositories.BookingRepository/<DeleteAsync>d__8::MoveNext()
FNDA:0,System.Void TourManagement.Infrastructure.Repositories.BookingRepository/<DeleteAsync>d__8::MoveNext()
DA:116,0
DA:118,0
DA:119,0
DA:120,0
DA:121,0
DA:122,0
DA:123,0
DA:124,0
DA:125,0
DA:126,0
DA:127,0
DA:128,0
DA:129,0
DA:130,0
DA:132,0
BRDA:120,213,0,0
BRDA:120,213,1,0
FN:135,System.Void TourManagement.Infrastructure.Repositories.BookingRepository/<ExistsAsync>d__9::MoveNext()
FNDA:0,System.Void TourManagement.Infrastructure.Repositories.BookingRepository/<ExistsAsync>d__9::MoveNext()
DA:136,0
DA:138,0
DA:139,0
DA:140,0
DA:141,0
DA:143,0
DA:144,0
DA:145,0
DA:146,0
DA:148,0
FN:27,System.Void TourManagement.Infrastructure.Repositories.BookingRepository/<GetAllAsync>d__3::MoveNext()
FNDA:0,System.Void TourManagement.Infrastructure.Repositories.BookingRepository/<GetAllAsync>d__3::MoveNext()
DA:28,0
DA:30,0
DA:31,0
DA:32,0
DA:33,0
DA:34,0
DA:35,0
DA:36,0
DA:37,0
DA:39,0
DA:40,0
DA:41,0
DA:42,0
DA:44,0
FN:65,System.Void TourManagement.Infrastructure.Repositories.BookingRepository/<GetByEmailAsync>d__5::MoveNext()
FNDA:0,System.Void TourManagement.Infrastructure.Repositories.BookingRepository/<GetByEmailAsync>d__5::MoveNext()
DA:66,0
DA:68,0
DA:69,0
DA:70,0
DA:71,0
DA:72,0
DA:73,0
DA:74,0
DA:76,0
DA:77,0
DA:78,0
DA:79,0
DA:81,0
FN:47,System.Void TourManagement.Infrastructure.Repositories.BookingRepository/<GetByIdAsync>d__4::MoveNext()
FNDA:0,System.Void TourManagement.Infrastructure.Repositories.BookingRepository/<GetByIdAsync>d__4::MoveNext()
DA:48,0
DA:50,0
DA:51,0
DA:52,0
DA:53,0
DA:54,0
DA:55,0
DA:57,0
DA:58,0
DA:59,0
DA:60,0
DA:62,0
FN:151,System.Void TourManagement.Infrastructure.Repositories.BookingRepository/<SearchAsync>d__10::MoveNext()
FNDA:0,System.Void TourManagement.Infrastructure.Repositories.BookingRepository/<SearchAsync>d__10::MoveNext()
DA:152,0
DA:154,0
DA:155,0
DA:156,0
DA:157,0
DA:158,0
DA:159,0
DA:160,0
DA:161,0
DA:162,0
DA:163,0
DA:164,0
DA:166,0
DA:167,0
DA:168,0
DA:169,0
DA:171,0
FN:100,System.Void TourManagement.Infrastructure.Repositories.BookingRepository/<UpdateAsync>d__7::MoveNext()
FNDA:0,System.Void TourManagement.Infrastructure.Repositories.BookingRepository/<UpdateAsync>d__7::MoveNext()
DA:101,0
DA:103,0
DA:104,0
DA:105,0
DA:106,0
DA:107,0
DA:108,0
DA:109,0
DA:110,0
DA:112,0
LF:106
LH:0
BRF:2
BRH:0
FNF:9
FNH:0
end_of_record
SF:/modernize-data/studio-data/TNT1001/APP104891/transformed-code/146/studio-workspace/Full app/DotNetFrameworkProject_CE040_CE087/Tour_Management/src/TourManagement.Infrastructure/Repositories/TourRepository.cs
FN:19,System.Void TourManagement.Infrastructure.Repositories.TourRepository::.ctor(TourManagement.Infrastructure.Data.TourManagementDbContext,Microsoft.Extensions.Logging.ILogger`1<TourManagement.Infrastructure.Repositories.TourRepository>)
FNDA:0,System.Void TourManagement.Infrastructure.Repositories.TourRepository::.ctor(TourManagement.Infrastructure.Data.TourManagementDbContext,Microsoft.Extensions.Logging.ILogger`1<TourManagement.Infrastructure.Repositories.TourRepository>)
DA:20,0
DA:21,0
DA:22,0
DA:23,0
DA:24,0
FN:61,System.Void TourManagement.Infrastructure.Repositories.TourRepository/<AddAsync>d__5::MoveNext()
FNDA:0,System.Void TourManagement.Infrastructure.Repositories.TourRepository/<AddAsync>d__5::MoveNext()
DA:62,0
DA:64,0
DA:65,0
DA:66,0
DA:67,0
DA:69,0
DA:70,0
DA:71,0
DA:72,0
DA:74,0
FN:92,System.Void TourManagement.Infrastructure.Repositories.TourRepository/<DeleteAsync>d__7::MoveNext()
FNDA:0,System.Void TourManagement.Infrastructure.Repositories.TourRepository/<DeleteAsync>d__7::MoveNext()
DA:93,0
DA:95,0
DA:96,0
DA:97,0
DA:98,0
DA:99,0
DA:100,0
DA:101,0
DA:102,0
DA:103,0
DA:104,0
DA:105,0
DA:106,0
DA:107,0
DA:109,0
BRDA:97,213,0,0
BRDA:97,213,1,0
FN:112,System.Void TourManagement.Infrastructure.Repositories.TourRepository/<ExistsAsync>d__8::MoveNext()
FNDA:0,System.Void TourManagement.Infrastructure.Repositories.TourRepository/<ExistsAsync>d__8::MoveNext()
DA:113,0
DA:115,0
DA:116,0
DA:117,0
DA:118,0
DA:120,0
DA:121,0
DA:122,0
DA:123,0
DA:125,0
FN:27,System.Void TourManagement.Infrastructure.Repositories.TourRepository/<GetAllAsync>d__3::MoveNext()
FNDA:0,System.Void TourManagement.Infrastructure.Repositories.TourRepository/<GetAllAsync>d__3::MoveNext()
DA:28,0
DA:30,0
DA:31,0
DA:32,0
DA:33,0
DA:34,0
DA:35,0
DA:37,0
DA:38,0
DA:39,0
DA:40,0
DA:42,0
FN:45,System.Void TourManagement.Infrastructure.Repositories.TourRepository/<GetByIdAsync>d__4::MoveNext()
FNDA:0,System.Void TourManagement.Infrastructure.Repositories.TourRepository/<GetByIdAsync>d__4::MoveNext()
DA:46,0
DA:48,0
DA:49,0
DA:50,0
DA:51,0
DA:53,0
DA:54,0
DA:55,0
DA:56,0
DA:58,0
FN:128,System.Void TourManagement.Infrastructure.Repositories.TourRepository/<SearchAsync>d__9::MoveNext()
FNDA:0,System.Void TourManagement.Infrastructure.Repositories.TourRepository/<SearchAsync>d__9::MoveNext()
DA:129,0
DA:131,0
DA:132,0
DA:133,0
DA:134,0
DA:135,0
DA:136,0
DA:137,0
DA:138,0
DA:140,0
DA:141,0
DA:142,0
DA:143,0
DA:145,0
FN:77,System.Void TourManagement.Infrastructure.Repositories.TourRepository/<UpdateAsync>d__6::MoveNext()
FNDA:0,System.Void TourManagement.Infrastructure.Repositories.TourRepository/<UpdateAsync>d__6::MoveNext()
DA:78,0
DA:80,0
DA:81,0
DA:82,0
DA:83,0
DA:84,0
DA:85,0
DA:86,0
DA:87,0
DA:89,0
LF:86
LH:0
BRF:2
BRH:0
FNF:8
FNH:0
end_of_record
SF:/modernize-data/studio-data/TNT1001/APP104891/transformed-code/146/studio-workspace/Full app/DotNetFrameworkProject_CE040_CE087/Tour_Management/src/TourManagement.Infrastructure/Repositories/UserRepository.cs
FN:19,System.Void TourManagement.Infrastructure.Repositories.UserRepository::.ctor(TourManagement.Infrastructure.Data.TourManagementDbContext,Microsoft.Extensions.Logging.ILogger`1<TourManagement.Infrastructure.Repositories.UserRepository>)
FNDA:0,System.Void TourManagement.Infrastructure.Repositories.UserRepository::.ctor(TourManagement.Infrastructure.Data.TourManagementDbContext,Microsoft.Extensions.Logging.ILogger`1<TourManagement.Infrastructure.Repositories.UserRepository>)
DA:20,0
DA:21,0
DA:22,0
DA:23,0
DA:24,0
FN:77,System.Void TourManagement.Infrastructure.Repositories.UserRepository/<AddAsync>d__6::MoveNext()
FNDA:0,System.Void TourManagement.Infrastructure.Repositories.UserRepository/<AddAsync>d__6::MoveNext()
DA:78,0
DA:80,0
DA:81,0
DA:82,0
DA:83,0
DA:85,0
DA:86,0
DA:87,0
DA:88,0
DA:90,0
FN:108,System.Void TourManagement.Infrastructure.Repositories.UserRepository/<DeleteAsync>d__8::MoveNext()
FNDA:0,System.Void TourManagement.Infrastructure.Repositories.UserRepository/<DeleteAsync>d__8::MoveNext()
DA:109,0
DA:111,0
DA:112,0
DA:113,0
DA:114,0
DA:115,0
DA:116,0
DA:117,0
DA:118,0
DA:119,0
DA:120,0
DA:121,0
DA:122,0
DA:123,0
DA:125,0
BRDA:113,213,0,0
BRDA:113,213,1,0
FN:144,System.Void TourManagement.Infrastructure.Repositories.UserRepository/<EmailExistsAsync>d__10::MoveNext()
FNDA:0,System.Void TourManagement.Infrastructure.Repositories.UserRepository/<EmailExistsAsync>d__10::MoveNext()
DA:145,0
DA:147,0
DA:148,0
DA:149,0
DA:150,0
DA:152,0
DA:153,0
DA:154,0
DA:155,0
DA:157,0
FN:128,System.Void TourManagement.Infrastructure.Repositories.UserRepository/<ExistsAsync>d__9::MoveNext()
FNDA:0,System.Void TourManagement.Infrastructure.Repositories.UserRepository/<ExistsAsync>d__9::MoveNext()
DA:129,0
DA:131,0
DA:132,0
DA:133,0
DA:134,0
DA:136,0
DA:137,0
DA:138,0
DA:139,0
DA:141,0
FN:27,System.Void TourManagement.Infrastructure.Repositories.UserRepository/<GetAllAsync>d__3::MoveNext()
FNDA:0,System.Void TourManagement.Infrastructure.Repositories.UserRepository/<GetAllAsync>d__3::MoveNext()
DA:28,0
DA:30,0
DA:31,0
DA:32,0
DA:33,0
DA:34,0
DA:35,0
DA:37,0
DA:38,0
DA:39,0
DA:40,0
DA:42,0
FN:61,System.Void TourManagement.Infrastructure.Repositories.UserRepository/<GetByEmailAsync>d__5::MoveNext()
FNDA:0,System.Void TourManagement.Infrastructure.Repositories.UserRepository/<GetByEmailAsync>d__5::MoveNext()
DA:62,0
DA:64,0
DA:65,0
DA:66,0
DA:67,0
DA:69,0
DA:70,0
DA:71,0
DA:72,0
DA:74,0
FN:45,System.Void TourManagement.Infrastructure.Repositories.UserRepository/<GetByIdAsync>d__4::MoveNext()
FNDA:0,System.Void TourManagement.Infrastructure.Repositories.UserRepository/<GetByIdAsync>d__4::MoveNext()
DA:46,0
DA:48,0
DA:49,0
DA:50,0
DA:51,0
DA:53,0
DA:54,0
DA:55,0
DA:56,0
DA:58,0
FN:160,System.Void TourManagement.Infrastructure.Repositories.UserRepository/<SearchAsync>d__11::MoveNext()
FNDA:0,System.Void TourManagement.Infrastructure.Repositories.UserRepository/<SearchAsync>d__11::MoveNext()
DA:161,0
DA:163,0
DA:164,0
DA:165,0
DA:166,0
DA:167,0
DA:168,0
DA:169,0
DA:170,0
DA:171,0
DA:172,0
DA:174,0
DA:175,0
DA:176,0
DA:177,0
DA:179,0
FN:93,System.Void TourManagement.Infrastructure.Repositories.UserRepository/<UpdateAsync>d__7::MoveNext()
FNDA:0,System.Void TourManagement.Infrastructure.Repositories.UserRepository/<UpdateAsync>d__7::MoveNext()
DA:94,0
DA:96,0
DA:97,0
DA:98,0
DA:99,0
DA:100,0
DA:101,0
DA:102,0
DA:103,0
DA:105,0
LF:108
LH:0
BRF:2
BRH:0
FNF:10
FNH:0
end_of_record
SF:/modernize-data/studio-data/TNT1001/APP104891/transformed-code/146/studio-workspace/Full app/DotNetFrameworkProject_CE040_CE087/Tour_Management/src/TourManagement.Infrastructure/Extensions/ServiceCollectionExtensions.cs
FN:23,Microsoft.Extensions.DependencyInjection.IServiceCollection TourManagement.Infrastructure.Extensions.ServiceCollectionExtensions::AddInfrastructureServices(Microsoft.Extensions.DependencyInjection.IServiceCollection,Microsoft.Extensions.Configuration.IConfiguration)
FNDA:0,Microsoft.Extensions.DependencyInjection.IServiceCollection TourManagement.Infrastructure.Extensions.ServiceCollectionExtensions::AddInfrastructureServices(Microsoft.Extensions.DependencyInjection.IServiceCollection,Microsoft.Extensions.Configuration.IConfiguration)
DA:24,0
DA:26,0
DA:27,0
DA:28,0
DA:29,0
DA:30,0
DA:31,0
DA:32,0
DA:33,0
DA:34,0
DA:35,0
DA:36,0
DA:37,0
DA:38,0
DA:39,0
DA:42,0
DA:43,0
DA:44,0
DA:46,0
DA:47,0
LF:20
LH:0
BRF:0
BRH:0
FNF:1
FNH:0
end_of_record
SF:/modernize-data/studio-data/TNT1001/APP104891/transformed-code/146/studio-workspace/Full app/DotNetFrameworkProject_CE040_CE087/Tour_Management/src/TourManagement.Infrastructure/Data/TourManagementDbContext.cs
FN:22,Microsoft.EntityFrameworkCore.DbSet`1<TourManagement.Domain.Entities.Tour> TourManagement.Infrastructure.Data.TourManagementDbContext::get_Tours()
FNDA:0,Microsoft.EntityFrameworkCore.DbSet`1<TourManagement.Domain.Entities.Tour> TourManagement.Infrastructure.Data.TourManagementDbContext::get_Tours()
DA:23,0
FN:25,Microsoft.EntityFrameworkCore.DbSet`1<TourManagement.Domain.Entities.User> TourManagement.Infrastructure.Data.TourManagementDbContext::get_Users()
FNDA:0,Microsoft.EntityFrameworkCore.DbSet`1<TourManagement.Domain.Entities.User> TourManagement.Infrastructure.Data.TourManagementDbContext::get_Users()
DA:26,0
FN:28,Microsoft.EntityFrameworkCore.DbSet`1<TourManagement.Domain.Entities.Booking> TourManagement.Infrastructure.Data.TourManagementDbContext::get_Bookings()
FNDA:0,Microsoft.EntityFrameworkCore.DbSet`1<TourManagement.Domain.Entities.Booking> TourManagement.Infrastructure.Data.TourManagementDbContext::get_Bookings()
DA:29,0
FN:32,System.Void TourManagement.Infrastructure.Data.TourManagementDbContext::OnModelCreating(Microsoft.EntityFrameworkCore.ModelBuilder)
FNDA:0,System.Void TourManagement.Infrastructure.Data.TourManagementDbContext::OnModelCreating(Microsoft.EntityFrameworkCore.ModelBuilder)
DA:33,0
DA:34,0
DA:37,0
DA:40,0
DA:42,0
DA:43,0
DA:44,0
DA:45,0
FN:48,System.Void TourManagement.Infrastructure.Data.TourManagementDbContext::OnConfiguring(Microsoft.EntityFrameworkCore.DbContextOptionsBuilder)
FNDA:0,System.Void TourManagement.Infrastructure.Data.TourManagementDbContext::OnConfiguring(Microsoft.EntityFrameworkCore.DbContextOptionsBuilder)
DA:49,0
DA:50,0
DA:51,0
DA:53,0
DA:54,0
DA:55,0
BRDA:50,12,0,0
BRDA:50,12,1,0
FN:17,System.Void TourManagement.Infrastructure.Data.TourManagementDbContext::.ctor(Microsoft.EntityFrameworkCore.DbContextOptions`1<TourManagement.Infrastructure.Data.TourManagementDbContext>)
FNDA:0,System.Void TourManagement.Infrastructure.Data.TourManagementDbContext::.ctor(Microsoft.EntityFrameworkCore.DbContextOptions`1<TourManagement.Infrastructure.Data.TourManagementDbContext>)
DA:18,0
DA:19,0
DA:20,0
LF:20
LH:0
BRF:2
BRH:0
FNF:6
FNH:0
end_of_record
SF:/modernize-data/studio-data/TNT1001/APP104891/transformed-code/146/studio-workspace/Full app/DotNetFrameworkProject_CE040_CE087/Tour_Management/src/TourManagement.Infrastructure/Data/Configurations/BookingConfiguration.cs
FN:14,System.Void TourManagement.Infrastructure.Data.Configurations.BookingConfiguration::Configure(Microsoft.EntityFrameworkCore.Metadata.Builders.EntityTypeBuilder`1<TourManagement.Domain.Entities.Booking>)
FNDA:0,System.Void TourManagement.Infrastructure.Data.Configurations.BookingConfiguration::Configure(Microsoft.EntityFrameworkCore.Metadata.Builders.EntityTypeBuilder`1<TourManagement.Domain.Entities.Booking>)
DA:15,0
DA:16,0
DA:18,0
DA:20,0
DA:21,0
DA:22,0
DA:23,0
DA:25,0
DA:26,0
DA:27,0
DA:28,0
DA:30,0
DA:31,0
DA:32,0
DA:33,0
DA:35,0
DA:36,0
DA:37,0
DA:38,0
DA:40,0
DA:41,0
DA:43,0
DA:44,0
DA:46,0
DA:47,0
DA:48,0
DA:49,0
DA:51,0
DA:52,0
DA:53,0
DA:54,0
DA:56,0
DA:57,0
DA:59,0
DA:60,0
DA:61,0
DA:62,0
DA:64,0
DA:65,0
DA:66,0
DA:67,0
DA:69,0
DA:70,0
DA:71,0
DA:72,0
DA:73,0
LF:46
LH:0
BRF:0
BRH:0
FNF:1
FNH:0
end_of_record
SF:/modernize-data/studio-data/TNT1001/APP104891/transformed-code/146/studio-workspace/Full app/DotNetFrameworkProject_CE040_CE087/Tour_Management/src/TourManagement.Infrastructure/Data/Configurations/TourConfiguration.cs
FN:14,System.Void TourManagement.Infrastructure.Data.Configurations.TourConfiguration::Configure(Microsoft.EntityFrameworkCore.Metadata.Builders.EntityTypeBuilder`1<TourManagement.Domain.Entities.Tour>)
FNDA:0,System.Void TourManagement.Infrastructure.Data.Configurations.TourConfiguration::Configure(Microsoft.EntityFrameworkCore.Metadata.Builders.EntityTypeBuilder`1<TourManagement.Domain.Entities.Tour>)
DA:15,0
DA:16,0
DA:18,0
DA:20,0
DA:21,0
DA:22,0
DA:23,0
DA:25,0
DA:26,0
DA:27,0
DA:28,0
DA:30,0
DA:31,0
DA:32,0
DA:34,0
DA:35,0
DA:36,0
DA:37,0
DA:39,0
DA:40,0
DA:41,0
DA:42,0
DA:44,0
DA:45,0
DA:46,0
DA:47,0
DA:49,0
DA:50,0
DA:51,0
DA:53,0
DA:54,0
DA:55,0
DA:56,0
DA:58,0
DA:59,0
DA:61,0
DA:62,0
DA:63,0
DA:64,0
DA:66,0
DA:67,0
DA:68,0
DA:69,0
DA:70,0
LF:44
LH:0
BRF:0
BRH:0
FNF:1
FNH:0
end_of_record
SF:/modernize-data/studio-data/TNT1001/APP104891/transformed-code/146/studio-workspace/Full app/DotNetFrameworkProject_CE040_CE087/Tour_Management/src/TourManagement.Infrastructure/Data/Configurations/UserConfiguration.cs
FN:14,System.Void TourManagement.Infrastructure.Data.Configurations.UserConfiguration::Configure(Microsoft.EntityFrameworkCore.Metadata.Builders.EntityTypeBuilder`1<TourManagement.Domain.Entities.User>)
FNDA:0,System.Void TourManagement.Infrastructure.Data.Configurations.UserConfiguration::Configure(Microsoft.EntityFrameworkCore.Metadata.Builders.EntityTypeBuilder`1<TourManagement.Domain.Entities.User>)
DA:15,0
DA:16,0
DA:18,0
DA:20,0
DA:21,0
DA:22,0
DA:23,0
DA:25,0
DA:26,0
DA:28,0
DA:29,0
DA:30,0
DA:31,0
DA:33,0
DA:34,0
DA:35,0
DA:36,0
DA:38,0
DA:39,0
DA:40,0
DA:42,0
DA:43,0
DA:44,0
DA:45,0
DA:47,0
DA:48,0
DA:50,0
DA:51,0
DA:52,0
DA:54,0
DA:55,0
DA:56,0
DA:58,0
DA:59,0
DA:60,0
DA:62,0
DA:63,0
DA:64,0
DA:65,0
DA:67,0
DA:68,0
DA:69,0
DA:70,0
DA:72,0
DA:73,0
DA:75,0
DA:76,0
DA:77,0
DA:78,0
DA:80,0
DA:81,0
DA:82,0
DA:83,0
DA:84,0
LF:54
LH:0
BRF:0
BRH:0
FNF:1
FNH:0
end_of_record
SF:/modernize-data/studio-data/TNT1001/APP104891/transformed-code/146/studio-workspace/Full app/DotNetFrameworkProject_CE040_CE087/Tour_Management/src/TourManagement.Web/Program.cs
FN:5,System.Void Program::<Main>$(System.String[])
FNDA:0,System.Void Program::<Main>$(System.String[])
DA:6,0
DA:8,0
DA:11,0
DA:12,0
DA:13,0
DA:14,0
DA:15,0
DA:16,0
DA:18,0
DA:21,0
DA:24,0
DA:27,0
DA:30,0
DA:31,0
DA:32,0
DA:33,0
DA:34,0
DA:35,0
DA:36,0
DA:39,0
DA:41,0
DA:44,0
DA:45,0
DA:46,0
DA:47,0
DA:48,0
DA:50,0
DA:51,0
DA:53,0
DA:55,0
DA:57,0
DA:59,0
DA:62,0
DA:63,0
DA:64,0
DA:66,0
DA:67,0
DA:68,0
DA:69,0
DA:70,0
DA:71,0
DA:72,0
DA:73,0
DA:74,0
DA:75,0
DA:77,0
DA:79,0
BRDA:44,306,0,0
BRDA:44,306,1,0
LF:47
LH:0
BRF:2
BRH:0
FNF:1
FNH:0
end_of_record
SF:/modernize-data/studio-data/TNT1001/APP104891/transformed-code/146/studio-workspace/Full app/DotNetFrameworkProject_CE040_CE087/Tour_Management/src/TourManagement.Web/ViewModels/BookingViewModels.cs
FN:9,System.Int32 TourManagement.Web.ViewModels.BookingViewModel::get_Id()
FNDA:3,System.Int32 TourManagement.Web.ViewModels.BookingViewModel::get_Id()
DA:10,3
FN:10,System.String TourManagement.Web.ViewModels.BookingViewModel::get_TourName()
FNDA:6,System.String TourManagement.Web.ViewModels.BookingViewModel::get_TourName()
DA:11,6
FN:11,System.String TourManagement.Web.ViewModels.BookingViewModel::get_Place()
FNDA:6,System.String TourManagement.Web.ViewModels.BookingViewModel::get_Place()
DA:12,6
FN:12,System.String TourManagement.Web.ViewModels.BookingViewModel::get_Email()
FNDA:6,System.String TourManagement.Web.ViewModels.BookingViewModel::get_Email()
DA:13,6
FN:13,System.String TourManagement.Web.ViewModels.BookingViewModel::get_FirstName()
FNDA:6,System.String TourManagement.Web.ViewModels.BookingViewModel::get_FirstName()
DA:14,6
FN:14,System.Nullable`1<System.Int32> TourManagement.Web.ViewModels.BookingViewModel::get_TourId()
FNDA:5,System.Nullable`1<System.Int32> TourManagement.Web.ViewModels.BookingViewModel::get_TourId()
DA:15,5
FN:15,System.DateTime TourManagement.Web.ViewModels.BookingViewModel::get_BookingDate()
FNDA:2,System.DateTime TourManagement.Web.ViewModels.BookingViewModel::get_BookingDate()
DA:16,2
FN:16,System.DateTime TourManagement.Web.ViewModels.BookingViewModel::get_CreatedDate()
FNDA:2,System.DateTime TourManagement.Web.ViewModels.BookingViewModel::get_CreatedDate()
DA:17,2
FN:17,System.Boolean TourManagement.Web.ViewModels.BookingViewModel::get_IsActive()
FNDA:3,System.Boolean TourManagement.Web.ViewModels.BookingViewModel::get_IsActive()
DA:18,3
FN:28,System.String TourManagement.Web.ViewModels.BookingCreateViewModel::get_TourName()
FNDA:40,System.String TourManagement.Web.ViewModels.BookingCreateViewModel::get_TourName()
DA:29,40
FN:33,System.String TourManagement.Web.ViewModels.BookingCreateViewModel::get_Place()
FNDA:38,System.String TourManagement.Web.ViewModels.BookingCreateViewModel::get_Place()
DA:34,38
FN:39,System.String TourManagement.Web.ViewModels.BookingCreateViewModel::get_Email()
FNDA:38,System.String TourManagement.Web.ViewModels.BookingCreateViewModel::get_Email()
DA:40,38
FN:44,System.String TourManagement.Web.ViewModels.BookingCreateViewModel::get_FirstName()
FNDA:38,System.String TourManagement.Web.ViewModels.BookingCreateViewModel::get_FirstName()
DA:45,38
FN:46,System.Nullable`1<System.Int32> TourManagement.Web.ViewModels.BookingCreateViewModel::get_TourId()
FNDA:9,System.Nullable`1<System.Int32> TourManagement.Web.ViewModels.BookingCreateViewModel::get_TourId()
DA:47,9
FN:54,System.Int32 TourManagement.Web.ViewModels.BookingEditViewModel::get_Id()
FNDA:15,System.Int32 TourManagement.Web.ViewModels.BookingEditViewModel::get_Id()
DA:55,15
FN:59,System.String TourManagement.Web.ViewModels.BookingEditViewModel::get_TourName()
FNDA:34,System.String TourManagement.Web.ViewModels.BookingEditViewModel::get_TourName()
DA:60,34
FN:64,System.String TourManagement.Web.ViewModels.BookingEditViewModel::get_Place()
FNDA:33,System.String TourManagement.Web.ViewModels.BookingEditViewModel::get_Place()
DA:65,33
FN:70,System.String TourManagement.Web.ViewModels.BookingEditViewModel::get_Email()
FNDA:34,System.String TourManagement.Web.ViewModels.BookingEditViewModel::get_Email()
DA:71,34
FN:75,System.String TourManagement.Web.ViewModels.BookingEditViewModel::get_FirstName()
FNDA:33,System.String TourManagement.Web.ViewModels.BookingEditViewModel::get_FirstName()
DA:76,33
FN:77,System.Boolean TourManagement.Web.ViewModels.BookingEditViewModel::get_IsActive()
FNDA:26,System.Boolean TourManagement.Web.ViewModels.BookingEditViewModel::get_IsActive()
DA:78,26
LF:20
LH:20
BRF:0
BRH:0
FNF:20
FNH:20
end_of_record
SF:/modernize-data/studio-data/TNT1001/APP104891/transformed-code/146/studio-workspace/Full app/DotNetFrameworkProject_CE040_CE087/Tour_Management/src/TourManagement.Web/ViewModels/TourViewModels.cs
FN:9,System.Int32 TourManagement.Web.ViewModels.TourViewModel::get_Id()
FNDA:3,System.Int32 TourManagement.Web.ViewModels.TourViewModel::get_Id()
DA:10,3
FN:10,System.String TourManagement.Web.ViewModels.TourViewModel::get_TourName()
FNDA:5,System.String TourManagement.Web.ViewModels.TourViewModel::get_TourName()
DA:11,5
FN:11,System.String TourManagement.Web.ViewModels.TourViewModel::get_Place()
FNDA:5,System.String TourManagement.Web.ViewModels.TourViewModel::get_Place()
DA:12,5
FN:12,System.Int32 TourManagement.Web.ViewModels.TourViewModel::get_Days()
FNDA:3,System.Int32 TourManagement.Web.ViewModels.TourViewModel::get_Days()
DA:13,3
FN:13,System.Decimal TourManagement.Web.ViewModels.TourViewModel::get_Price()
FNDA:3,System.Decimal TourManagement.Web.ViewModels.TourViewModel::get_Price()
DA:14,3
FN:14,System.String TourManagement.Web.ViewModels.TourViewModel::get_Locations()
FNDA:5,System.String TourManagement.Web.ViewModels.TourViewModel::get_Locations()
DA:15,5
FN:15,System.String TourManagement.Web.ViewModels.TourViewModel::get_TourInfo()
FNDA:5,System.String TourManagement.Web.ViewModels.TourViewModel::get_TourInfo()
DA:16,5
FN:16,System.String TourManagement.Web.ViewModels.TourViewModel::get_Pic()
FNDA:3,System.String TourManagement.Web.ViewModels.TourViewModel::get_Pic()
DA:17,3
FN:17,System.DateTime TourManagement.Web.ViewModels.TourViewModel::get_CreatedDate()
FNDA:2,System.DateTime TourManagement.Web.ViewModels.TourViewModel::get_CreatedDate()
DA:18,2
FN:18,System.Boolean TourManagement.Web.ViewModels.TourViewModel::get_IsActive()
FNDA:3,System.Boolean TourManagement.Web.ViewModels.TourViewModel::get_IsActive()
DA:19,3
FN:29,System.String TourManagement.Web.ViewModels.TourCreateViewModel::get_TourName()
FNDA:40,System.String TourManagement.Web.ViewModels.TourCreateViewModel::get_TourName()
DA:30,40
FN:34,System.String TourManagement.Web.ViewModels.TourCreateViewModel::get_Place()
FNDA:38,System.String TourManagement.Web.ViewModels.TourCreateViewModel::get_Place()
DA:35,38
FN:39,System.Int32 TourManagement.Web.ViewModels.TourCreateViewModel::get_Days()
FNDA:21,System.Int32 TourManagement.Web.ViewModels.TourCreateViewModel::get_Days()
DA:40,21
FN:44,System.Decimal TourManagement.Web.ViewModels.TourCreateViewModel::get_Price()
FNDA:21,System.Decimal TourManagement.Web.ViewModels.TourCreateViewModel::get_Price()
DA:45,21
FN:49,System.String TourManagement.Web.ViewModels.TourCreateViewModel::get_Locations()
FNDA:38,System.String TourManagement.Web.ViewModels.TourCreateViewModel::get_Locations()
DA:50,38
FN:54,System.String TourManagement.Web.ViewModels.TourCreateViewModel::get_TourInfo()
FNDA:38,System.String TourManagement.Web.ViewModels.TourCreateViewModel::get_TourInfo()
DA:55,38
FN:57,Microsoft.AspNetCore.Http.IFormFile TourManagement.Web.ViewModels.TourCreateViewModel::get_PicFile()
FNDA:3,Microsoft.AspNetCore.Http.IFormFile TourManagement.Web.ViewModels.TourCreateViewModel::get_PicFile()
DA:58,3
FN:65,System.Int32 TourManagement.Web.ViewModels.TourEditViewModel::get_Id()
FNDA:14,System.Int32 TourManagement.Web.ViewModels.TourEditViewModel::get_Id()
DA:66,14
FN:70,System.String TourManagement.Web.ViewModels.TourEditViewModel::get_TourName()
FNDA:33,System.String TourManagement.Web.ViewModels.TourEditViewModel::get_TourName()
DA:71,33
FN:75,System.String TourManagement.Web.ViewModels.TourEditViewModel::get_Place()
FNDA:32,System.String TourManagement.Web.ViewModels.TourEditViewModel::get_Place()
DA:76,32
FN:80,System.Int32 TourManagement.Web.ViewModels.TourEditViewModel::get_Days()
FNDA:15,System.Int32 TourManagement.Web.ViewModels.TourEditViewModel::get_Days()
DA:81,15
FN:85,System.Decimal TourManagement.Web.ViewModels.TourEditViewModel::get_Price()
FNDA:15,System.Decimal TourManagement.Web.ViewModels.TourEditViewModel::get_Price()
DA:86,15
FN:90,System.String TourManagement.Web.ViewModels.TourEditViewModel::get_Locations()
FNDA:31,System.String TourManagement.Web.ViewModels.TourEditViewModel::get_Locations()
DA:91,31
FN:95,System.String TourManagement.Web.ViewModels.TourEditViewModel::get_TourInfo()
FNDA:31,System.String TourManagement.Web.ViewModels.TourEditViewModel::get_TourInfo()
DA:96,31
FN:98,System.String TourManagement.Web.ViewModels.TourEditViewModel::get_CurrentPic()
FNDA:8,System.String TourManagement.Web.ViewModels.TourEditViewModel::get_CurrentPic()
DA:99,8
FN:101,Microsoft.AspNetCore.Http.IFormFile TourManagement.Web.ViewModels.TourEditViewModel::get_PicFile()
FNDA:4,Microsoft.AspNetCore.Http.IFormFile TourManagement.Web.ViewModels.TourEditViewModel::get_PicFile()
DA:102,4
FN:103,System.Boolean TourManagement.Web.ViewModels.TourEditViewModel::get_IsActive()
FNDA:26,System.Boolean TourManagement.Web.ViewModels.TourEditViewModel::get_IsActive()
DA:104,26
LF:27
LH:27
BRF:0
BRH:0
FNF:27
FNH:27
end_of_record
SF:/modernize-data/studio-data/TNT1001/APP104891/transformed-code/146/studio-workspace/Full app/DotNetFrameworkProject_CE040_CE087/Tour_Management/src/TourManagement.Web/ViewModels/UserViewModels.cs
FN:9,System.Int32 TourManagement.Web.ViewModels.UserViewModel::get_Id()
FNDA:3,System.Int32 TourManagement.Web.ViewModels.UserViewModel::get_Id()
DA:10,3
FN:10,System.String TourManagement.Web.ViewModels.UserViewModel::get_Email()
FNDA:7,System.String TourManagement.Web.ViewModels.UserViewModel::get_Email()
DA:11,7
FN:11,System.String TourManagement.Web.ViewModels.UserViewModel::get_FirstName()
FNDA:11,System.String TourManagement.Web.ViewModels.UserViewModel::get_FirstName()
DA:12,11
FN:12,System.String TourManagement.Web.ViewModels.UserViewModel::get_LastName()
FNDA:11,System.String TourManagement.Web.ViewModels.UserViewModel::get_LastName()
DA:13,11
FN:13,System.String TourManagement.Web.ViewModels.UserViewModel::get_Gender()
FNDA:3,System.String TourManagement.Web.ViewModels.UserViewModel::get_Gender()
DA:14,3
FN:14,System.Nullable`1<System.DateTime> TourManagement.Web.ViewModels.UserViewModel::get_DateOfBirth()
FNDA:3,System.Nullable`1<System.DateTime> TourManagement.Web.ViewModels.UserViewModel::get_DateOfBirth()
DA:15,3
FN:15,System.String TourManagement.Web.ViewModels.UserViewModel::get_Street()
FNDA:3,System.String TourManagement.Web.ViewModels.UserViewModel::get_Street()
DA:16,3
FN:16,System.String TourManagement.Web.ViewModels.UserViewModel::get_City()
FNDA:3,System.String TourManagement.Web.ViewModels.UserViewModel::get_City()
DA:17,3
FN:17,System.String TourManagement.Web.ViewModels.UserViewModel::get_State()
FNDA:3,System.String TourManagement.Web.ViewModels.UserViewModel::get_State()
DA:18,3
FN:18,System.Boolean TourManagement.Web.ViewModels.UserViewModel::get_IsAdmin()
FNDA:3,System.Boolean TourManagement.Web.ViewModels.UserViewModel::get_IsAdmin()
DA:19,3
FN:19,System.DateTime TourManagement.Web.ViewModels.UserViewModel::get_CreatedDate()
FNDA:2,System.DateTime TourManagement.Web.ViewModels.UserViewModel::get_CreatedDate()
DA:20,2
FN:20,System.Boolean TourManagement.Web.ViewModels.UserViewModel::get_IsActive()
FNDA:3,System.Boolean TourManagement.Web.ViewModels.UserViewModel::get_IsActive()
DA:21,3
FN:21,System.String TourManagement.Web.ViewModels.UserViewModel::get_FullName()
FNDA:2,System.String TourManagement.Web.ViewModels.UserViewModel::get_FullName()
DA:22,2
FN:33,System.String TourManagement.Web.ViewModels.UserRegisterViewModel::get_Email()
FNDA:36,System.String TourManagement.Web.ViewModels.UserRegisterViewModel::get_Email()
DA:34,36
FN:38,System.String TourManagement.Web.ViewModels.UserRegisterViewModel::get_FirstName()
FNDA:35,System.String TourManagement.Web.ViewModels.UserRegisterViewModel::get_FirstName()
DA:39,35
FN:43,System.String TourManagement.Web.ViewModels.UserRegisterViewModel::get_LastName()
FNDA:35,System.String TourManagement.Web.ViewModels.UserRegisterViewModel::get_LastName()
DA:44,35
FN:46,System.String TourManagement.Web.ViewModels.UserRegisterViewModel::get_Gender()
FNDA:4,System.String TourManagement.Web.ViewModels.UserRegisterViewModel::get_Gender()
DA:47,4
FN:52,System.String TourManagement.Web.ViewModels.UserRegisterViewModel::get_Password()
FNDA:41,System.String TourManagement.Web.ViewModels.UserRegisterViewModel::get_Password()
DA:53,41
FN:58,System.String TourManagement.Web.ViewModels.UserRegisterViewModel::get_ConfirmPassword()
FNDA:32,System.String TourManagement.Web.ViewModels.UserRegisterViewModel::get_ConfirmPassword()
DA:59,32
FN:62,System.Nullable`1<System.DateTime> TourManagement.Web.ViewModels.UserRegisterViewModel::get_DateOfBirth()
FNDA:10,System.Nullable`1<System.DateTime> TourManagement.Web.ViewModels.UserRegisterViewModel::get_DateOfBirth()
DA:63,10
FN:66,System.String TourManagement.Web.ViewModels.UserRegisterViewModel::get_Street()
FNDA:10,System.String TourManagement.Web.ViewModels.UserRegisterViewModel::get_Street()
DA:67,10
FN:70,System.String TourManagement.Web.ViewModels.UserRegisterViewModel::get_City()
FNDA:10,System.String TourManagement.Web.ViewModels.UserRegisterViewModel::get_City()
DA:71,10
FN:74,System.String TourManagement.Web.ViewModels.UserRegisterViewModel::get_State()
FNDA:10,System.String TourManagement.Web.ViewModels.UserRegisterViewModel::get_State()
DA:75,10
FN:85,System.String TourManagement.Web.ViewModels.UserLoginViewModel::get_Email()
FNDA:34,System.String TourManagement.Web.ViewModels.UserLoginViewModel::get_Email()
DA:86,34
FN:90,System.String TourManagement.Web.ViewModels.UserLoginViewModel::get_Password()
FNDA:33,System.String TourManagement.Web.ViewModels.UserLoginViewModel::get_Password()
DA:91,33
FN:98,System.Int32 TourManagement.Web.ViewModels.UserEditViewModel::get_Id()
FNDA:18,System.Int32 TourManagement.Web.ViewModels.UserEditViewModel::get_Id()
DA:99,18
FN:103,System.String TourManagement.Web.ViewModels.UserEditViewModel::get_FirstName()
FNDA:38,System.String TourManagement.Web.ViewModels.UserEditViewModel::get_FirstName()
DA:104,38
FN:108,System.String TourManagement.Web.ViewModels.UserEditViewModel::get_LastName()
FNDA:36,System.String TourManagement.Web.ViewModels.UserEditViewModel::get_LastName()
DA:109,36
FN:111,System.String TourManagement.Web.ViewModels.UserEditViewModel::get_Gender()
FNDA:8,System.String TourManagement.Web.ViewModels.UserEditViewModel::get_Gender()
DA:112,8
FN:115,System.Nullable`1<System.DateTime> TourManagement.Web.ViewModels.UserEditViewModel::get_DateOfBirth()
FNDA:11,System.Nullable`1<System.DateTime> TourManagement.Web.ViewModels.UserEditViewModel::get_DateOfBirth()
DA:116,11
FN:119,System.String TourManagement.Web.ViewModels.UserEditViewModel::get_Street()
FNDA:11,System.String TourManagement.Web.ViewModels.UserEditViewModel::get_Street()
DA:120,11
FN:123,System.String TourManagement.Web.ViewModels.UserEditViewModel::get_City()
FNDA:11,System.String TourManagement.Web.ViewModels.UserEditViewModel::get_City()
DA:124,11
FN:127,System.String TourManagement.Web.ViewModels.UserEditViewModel::get_State()
FNDA:11,System.String TourManagement.Web.ViewModels.UserEditViewModel::get_State()
DA:128,11
FN:129,System.Boolean TourManagement.Web.ViewModels.UserEditViewModel::get_IsActive()
FNDA:29,System.Boolean TourManagement.Web.ViewModels.UserEditViewModel::get_IsActive()
DA:130,29
LF:34
LH:34
BRF:0
BRH:0
FNF:34
FNH:34
end_of_record
SF:/modernize-data/studio-data/TNT1001/APP104891/transformed-code/146/studio-workspace/Full app/DotNetFrameworkProject_CE040_CE087/Tour_Management/src/TourManagement.Web/Pages/Error.cshtml.cs
FN:14,System.String TourManagement.Web.Pages.ErrorModel::get_RequestId()
FNDA:14,System.String TourManagement.Web.Pages.ErrorModel::get_RequestId()
DA:15,14
FN:17,System.Boolean TourManagement.Web.Pages.ErrorModel::get_ShowRequestId()
FNDA:5,System.Boolean TourManagement.Web.Pages.ErrorModel::get_ShowRequestId()
DA:18,5
FN:33,System.Void TourManagement.Web.Pages.ErrorModel::OnGet()
FNDA:2,System.Void TourManagement.Web.Pages.ErrorModel::OnGet()
DA:34,2
DA:35,2
DA:36,2
BRDA:35,8,0,2
BRDA:35,8,1,0
BRDA:35,20,0,2
BRDA:35,20,1,2
FN:24,System.Void TourManagement.Web.Pages.ErrorModel::.ctor(Microsoft.Extensions.Logging.ILogger`1<TourManagement.Web.Pages.ErrorModel>)
FNDA:6,System.Void TourManagement.Web.Pages.ErrorModel::.ctor(Microsoft.Extensions.Logging.ILogger`1<TourManagement.Web.Pages.ErrorModel>)
DA:25,6
DA:26,6
DA:27,6
DA:28,6
LF:9
LH:9
BRF:4
BRH:3
FNF:4
FNH:4
end_of_record
SF:/modernize-data/studio-data/TNT1001/APP104891/transformed-code/146/studio-workspace/Full app/DotNetFrameworkProject_CE040_CE087/Tour_Management/src/TourManagement.Web/Pages/Index.cshtml.cs
FN:17,System.Collections.Generic.IEnumerable`1<TourManagement.Application.DTOs.TourDto> TourManagement.Web.Pages.IndexModel::get_FeaturedTours()
FNDA:12,System.Collections.Generic.IEnumerable`1<TourManagement.Application.DTOs.TourDto> TourManagement.Web.Pages.IndexModel::get_FeaturedTours()
DA:18,12
FN:20,System.Int32 TourManagement.Web.Pages.IndexModel::get_TotalTours()
FNDA:7,System.Int32 TourManagement.Web.Pages.IndexModel::get_TotalTours()
DA:21,7
FN:23,System.Int32 TourManagement.Web.Pages.IndexModel::get_TotalBookings()
FNDA:6,System.Int32 TourManagement.Web.Pages.IndexModel::get_TotalBookings()
DA:24,6
FN:26,System.Int32 TourManagement.Web.Pages.IndexModel::get_TotalUsers()
FNDA:6,System.Int32 TourManagement.Web.Pages.IndexModel::get_TotalUsers()
DA:27,6
FN:31,System.Void TourManagement.Web.Pages.IndexModel::.ctor(TourManagement.Application.Interfaces.ITourService,TourManagement.Application.Interfaces.IBookingService,TourManagement.Application.Interfaces.IUserService,Microsoft.Extensions.Logging.ILogger`1<TourManagement.Web.Pages.IndexModel>)
FNDA:5,System.Void TourManagement.Web.Pages.IndexModel::.ctor(TourManagement.Application.Interfaces.ITourService,TourManagement.Application.Interfaces.IBookingService,TourManagement.Application.Interfaces.IUserService,Microsoft.Extensions.Logging.ILogger`1<TourManagement.Web.Pages.IndexModel>)
DA:32,5
DA:33,5
DA:34,5
DA:35,5
DA:36,5
DA:37,5
DA:38,5
DA:39,5
DA:40,5
DA:41,5
DA:42,5
FN:47,System.Void TourManagement.Web.Pages.IndexModel/<OnGetAsync>d__21::MoveNext()
FNDA:4,System.Void TourManagement.Web.Pages.IndexModel/<OnGetAsync>d__21::MoveNext()
DA:48,4
DA:50,4
DA:51,4
DA:52,3
DA:53,3
DA:55,3
DA:56,3
DA:58,3
DA:59,3
DA:60,3
DA:61,1
DA:62,1
DA:63,1
DA:64,1
DA:65,4
LF:30
LH:30
BRF:0
BRH:0
FNF:6
FNH:6
end_of_record
SF:/modernize-data/studio-data/TNT1001/APP104891/transformed-code/146/studio-workspace/Full app/DotNetFrameworkProject_CE040_CE087/Tour_Management/src/TourManagement.Web/Pages/Error.cshtml
FN:3,System.Void TourManagement.Web.Pages.Pages_Error/<ExecuteAsync>d__9::MoveNext()
FNDA:0,System.Void TourManagement.Web.Pages.Pages_Error/<ExecuteAsync>d__9::MoveNext()
DA:4,0
DA:11,0
DA:12,0
DA:14,0
BRDA:11,91,0,0
BRDA:11,91,1,0
BRDA:14,500,0,0
BRDA:14,500,1,0
LF:4
LH:0
BRF:4
BRH:0
FNF:1
FNH:0
end_of_record
SF:/modernize-data/studio-data/TNT1001/APP104891/transformed-code/146/studio-workspace/Full app/DotNetFrameworkProject_CE040_CE087/Tour_Management/src/TourManagement.Web/Pages/Index.cshtml
FN:3,System.Void TourManagement.Web.Pages.Pages_Index/<ExecuteAsync>d__20::MoveNext()
FNDA:0,System.Void TourManagement.Web.Pages.Pages_Index/<ExecuteAsync>d__20::MoveNext()
DA:4,0
DA:16,0
DA:17,0
DA:21,0
DA:29,0
DA:30,0
DA:31,0
DA:32,0
DA:35,0
DA:36,0
DA:40,0
DA:42,0
DA:46,0
DA:68,0
DA:69,0
DA:71,0
DA:77,0
BRDA:4,471,0,0
BRDA:4,471,1,0
BRDA:16,694,0,0
BRDA:17,1068,0,0
BRDA:17,1068,1,0
BRDA:16,694,1,0
BRDA:29,1296,0,0
BRDA:31,3993,1,0
BRDA:35,1458,0,0
BRDA:36,2037,0,0
BRDA:36,2037,1,0
BRDA:35,1458,1,0
BRDA:46,2464,0,0
BRDA:46,2464,1,0
BRDA:46,2713,0,0
BRDA:46,2713,1,0
BRDA:46,3067,0,0
BRDA:46,3067,1,0
BRDA:46,3434,0,0
BRDA:46,3434,1,0
BRDA:46,3788,0,0
BRDA:46,3788,1,0
BRDA:31,3993,0,0
BRDA:29,1296,1,0
LF:17
LH:0
BRF:24
BRH:0
FNF:1
FNH:0
end_of_record
SF:/modernize-data/studio-data/TNT1001/APP104891/transformed-code/146/studio-workspace/Full app/DotNetFrameworkProject_CE040_CE087/Tour_Management/src/TourManagement.Web/Pages/_ViewStart.cshtml
FN:1,System.Void TourManagement.Web.Pages.Pages__ViewStart/<ExecuteAsync>d__0::MoveNext()
FNDA:0,System.Void TourManagement.Web.Pages.Pages__ViewStart/<ExecuteAsync>d__0::MoveNext()
DA:2,0
LF:1
LH:0
BRF:0
BRH:0
FNF:1
FNH:0
end_of_record
SF:/modernize-data/studio-data/TNT1001/APP104891/transformed-code/146/studio-workspace/Full app/DotNetFrameworkProject_CE040_CE087/Tour_Management/src/TourManagement.Web/Pages/Shared/_Layout.cshtml
FN:28,System.Void TourManagement.Web.Pages.Shared.Pages_Shared__Layout/<<ExecuteAsync>b__29_1>d::MoveNext()
FNDA:0,System.Void TourManagement.Web.Pages.Shared.Pages_Shared__Layout/<<ExecuteAsync>b__29_1>d::MoveNext()
DA:29,0
DA:30,0
DA:37,0
DA:38,0
DA:39,0
DA:49,0
DA:52,0
DA:53,0
DA:62,0
DA:64,0
DA:74,0
BRDA:29,621,0,0
BRDA:29,621,1,0
BRDA:29,1135,0,0
BRDA:29,1135,1,0
BRDA:29,1649,0,0
BRDA:29,1649,1,0
BRDA:29,1867,0,0
BRDA:30,2219,0,0
BRDA:30,2219,1,0
BRDA:30,2733,0,0
BRDA:30,2733,1,0
BRDA:29,1867,1,0
BRDA:38,2960,0,0
BRDA:39,3313,0,0
BRDA:39,3313,1,0
BRDA:39,3829,0,0
BRDA:39,3829,1,0
BRDA:39,4345,0,0
BRDA:39,4345,1,0
BRDA:39,4861,0,0
BRDA:39,4861,1,0
BRDA:38,2960,1,0
BRDA:52,5098,0,0
BRDA:53,5506,0,0
BRDA:53,5506,1,0
BRDA:52,5098,1,0
BRDA:64,6046,0,0
BRDA:64,6046,1,0
BRDA:64,6562,0,0
BRDA:64,6562,1,0
BRDA:64,7078,0,0
BRDA:64,7078,1,0
BRDA:74,7809,0,0
BRDA:74,7809,1,0
LF:11
LH:0
BRF:34
BRH:0
FNF:1
FNH:0
end_of_record
SF:/modernize-data/studio-data/TNT1001/APP104891/transformed-code/146/studio-workspace/Full app/DotNetFrameworkProject_CE040_CE087/Tour_Management/src/TourManagement.Web/Pages/Users/Delete.cshtml.cs
FN:17,TourManagement.Application.DTOs.UserDto TourManagement.Web.Pages.Users.DeleteModel::get_User()
FNDA:5,TourManagement.Application.DTOs.UserDto TourManagement.Web.Pages.Users.DeleteModel::get_User()
DA:18,5
FN:22,System.Void TourManagement.Web.Pages.Users.DeleteModel::.ctor(TourManagement.Application.Interfaces.IUserService,Microsoft.Extensions.Logging.ILogger`1<TourManagement.Web.Pages.Users.DeleteModel>)
FNDA:8,System.Void TourManagement.Web.Pages.Users.DeleteModel::.ctor(TourManagement.Application.Interfaces.IUserService,Microsoft.Extensions.Logging.ILogger`1<TourManagement.Web.Pages.Users.DeleteModel>)
DA:23,8
DA:24,8
DA:25,8
DA:26,8
DA:27,8
FN:32,System.Void TourManagement.Web.Pages.Users.DeleteModel/<OnGetAsync>d__7::MoveNext()
FNDA:4,System.Void TourManagement.Web.Pages.Users.DeleteModel/<OnGetAsync>d__7::MoveNext()
DA:33,4
DA:34,4
DA:35,1
DA:36,1
DA:40,3
DA:41,3
DA:42,2
DA:43,1
DA:44,1
DA:45,1
DA:47,1
DA:49,1
DA:50,1
DA:51,1
DA:52,1
DA:53,1
DA:55,4
BRDA:34,53,0,1
BRDA:34,53,1,3
BRDA:42,258,0,1
BRDA:42,258,1,1
FN:60,System.Void TourManagement.Web.Pages.Users.DeleteModel/<OnPostAsync>d__8::MoveNext()
FNDA:4,System.Void TourManagement.Web.Pages.Users.DeleteModel/<OnPostAsync>d__8::MoveNext()
DA:61,4
DA:62,4
DA:63,1
DA:64,1
DA:68,3
DA:69,3
DA:70,1
DA:71,1
DA:73,1
DA:74,1
DA:75,1
DA:76,1
DA:78,1
DA:79,1
DA:80,1
DA:81,1
DA:82,1
DA:84,4
BRDA:62,53,0,1
BRDA:62,53,1,3
LF:41
LH:41
BRF:6
BRH:6
FNF:4
FNH:4
end_of_record
SF:/modernize-data/studio-data/TNT1001/APP104891/transformed-code/146/studio-workspace/Full app/DotNetFrameworkProject_CE040_CE087/Tour_Management/src/TourManagement.Web/Pages/Users/Edit.cshtml.cs
FN:19,TourManagement.Web.ViewModels.UserEditViewModel TourManagement.Web.Pages.Users.EditModel::get_Input()
FNDA:47,TourManagement.Web.ViewModels.UserEditViewModel TourManagement.Web.Pages.Users.EditModel::get_Input()
DA:20,47
FN:24,System.Void TourManagement.Web.Pages.Users.EditModel::.ctor(TourManagement.Application.Interfaces.IUserService,Microsoft.Extensions.Logging.ILogger`1<TourManagement.Web.Pages.Users.EditModel>)
FNDA:9,System.Void TourManagement.Web.Pages.Users.EditModel::.ctor(TourManagement.Application.Interfaces.IUserService,Microsoft.Extensions.Logging.ILogger`1<TourManagement.Web.Pages.Users.EditModel>)
DA:25,9
DA:26,9
DA:27,9
DA:28,9
DA:29,9
FN:34,System.Void TourManagement.Web.Pages.Users.EditModel/<OnGetAsync>d__7::MoveNext()
FNDA:5,System.Void TourManagement.Web.Pages.Users.EditModel/<OnGetAsync>d__7::MoveNext()
DA:35,5
DA:36,5
DA:37,5
DA:39,5
DA:40,1
DA:41,1
DA:42,1
DA:46,4
DA:47,4
DA:48,3
DA:49,1
DA:50,1
DA:51,1
DA:55,2
DA:56,2
DA:57,2
DA:58,2
DA:59,2
DA:60,2
DA:61,2
DA:62,2
DA:63,2
DA:64,2
DA:65,2
DA:66,2
DA:68,2
DA:70,1
DA:71,1
DA:72,1
DA:73,1
DA:74,1
DA:76,5
BRDA:39,103,0,4
BRDA:39,139,0,1
BRDA:39,139,1,3
BRDA:39,103,1,1
BRDA:39,158,0,1
BRDA:39,158,1,4
BRDA:48,382,0,1
BRDA:48,382,1,2
FN:81,System.Void TourManagement.Web.Pages.Users.EditModel/<OnPostAsync>d__8::MoveNext()
FNDA:4,System.Void TourManagement.Web.Pages.Users.EditModel/<OnPostAsync>d__8::MoveNext()
DA:82,4
DA:83,4
DA:84,4
DA:86,4
DA:87,1
DA:88,1
DA:91,3
DA:92,0
DA:95,3
DA:97,3
DA:98,3
DA:99,3
DA:100,3
DA:101,3
DA:102,3
DA:103,3
DA:104,3
DA:105,3
DA:106,3
DA:107,3
DA:109,3
DA:110,1
DA:111,1
DA:113,1
DA:114,1
DA:115,1
DA:116,1
DA:118,1
DA:119,1
DA:120,1
DA:121,1
DA:122,1
DA:124,4
BRDA:86,103,0,3
BRDA:86,149,0,0
BRDA:86,149,1,3
BRDA:86,103,1,1
BRDA:86,168,0,1
BRDA:86,168,1,3
BRDA:91,216,0,0
BRDA:91,216,1,3
LF:71
LH:70
BRF:16
BRH:14
FNF:4
FNH:4
end_of_record
SF:/modernize-data/studio-data/TNT1001/APP104891/transformed-code/146/studio-workspace/Full app/DotNetFrameworkProject_CE040_CE087/Tour_Management/src/TourManagement.Web/Pages/Users/Index.cshtml.cs
FN:16,System.Collections.Generic.IEnumerable`1<TourManagement.Application.DTOs.UserDto> TourManagement.Web.Pages.Users.IndexModel::get_Users()
FNDA:7,System.Collections.Generic.IEnumerable`1<TourManagement.Application.DTOs.UserDto> TourManagement.Web.Pages.Users.IndexModel::get_Users()
DA:17,7
FN:21,System.Void TourManagement.Web.Pages.Users.IndexModel::.ctor(TourManagement.Application.Interfaces.IUserService,Microsoft.Extensions.Logging.ILogger`1<TourManagement.Web.Pages.Users.IndexModel>)
FNDA:4,System.Void TourManagement.Web.Pages.Users.IndexModel::.ctor(TourManagement.Application.Interfaces.IUserService,Microsoft.Extensions.Logging.ILogger`1<TourManagement.Web.Pages.Users.IndexModel>)
DA:22,4
DA:23,4
DA:24,4
DA:25,4
DA:26,4
FN:31,System.Void TourManagement.Web.Pages.Users.IndexModel/<OnGetAsync>d__7::MoveNext()
FNDA:3,System.Void TourManagement.Web.Pages.Users.IndexModel/<OnGetAsync>d__7::MoveNext()
DA:32,3
DA:33,3
DA:34,1
DA:35,1
DA:36,1
DA:40,2
DA:41,2
DA:42,1
DA:44,1
DA:45,1
DA:46,1
DA:47,1
DA:48,1
DA:50,3
BRDA:33,53,0,1
BRDA:33,53,1,2
LF:20
LH:20
BRF:2
BRH:2
FNF:3
FNH:3
end_of_record
SF:/modernize-data/studio-data/TNT1001/APP104891/transformed-code/146/studio-workspace/Full app/DotNetFrameworkProject_CE040_CE087/Tour_Management/src/TourManagement.Web/Pages/Users/Login.cshtml.cs
FN:17,TourManagement.Web.ViewModels.UserLoginViewModel TourManagement.Web.Pages.Users.LoginModel::get_Input()
FNDA:21,TourManagement.Web.ViewModels.UserLoginViewModel TourManagement.Web.Pages.Users.LoginModel::get_Input()
DA:18,21
FN:32,Microsoft.AspNetCore.Mvc.IActionResult TourManagement.Web.Pages.Users.LoginModel::OnGet()
FNDA:2,Microsoft.AspNetCore.Mvc.IActionResult TourManagement.Web.Pages.Users.LoginModel::OnGet()
DA:33,2
DA:34,2
DA:35,1
DA:36,1
DA:37,2
BRDA:34,27,0,1
BRDA:34,27,1,1
FN:22,System.Void TourManagement.Web.Pages.Users.LoginModel::.ctor(TourManagement.Application.Interfaces.IUserService,Microsoft.Extensions.Logging.ILogger`1<TourManagement.Web.Pages.Users.LoginModel>)
FNDA:7,System.Void TourManagement.Web.Pages.Users.LoginModel::.ctor(TourManagement.Application.Interfaces.IUserService,Microsoft.Extensions.Logging.ILogger`1<TourManagement.Web.Pages.Users.LoginModel>)
DA:23,7
DA:24,7
DA:25,7
DA:26,7
DA:27,7
FN:42,System.Void TourManagement.Web.Pages.Users.LoginModel/<OnPostAsync>d__8::MoveNext()
FNDA:4,System.Void TourManagement.Web.Pages.Users.LoginModel/<OnPostAsync>d__8::MoveNext()
DA:43,4
DA:44,4
DA:45,0
DA:48,4
DA:49,4
DA:50,3
DA:51,1
DA:52,1
DA:53,1
DA:57,2
DA:58,2
DA:59,2
DA:60,2
DA:62,2
DA:63,2
DA:64,2
DA:66,1
DA:67,1
DA:68,1
DA:69,1
DA:70,1
DA:72,4
BRDA:44,36,0,0
BRDA:44,36,1,4
BRDA:50,250,0,1
BRDA:50,250,1,2
BRDA:60,464,0,1
BRDA:60,464,1,1
LF:33
LH:32
BRF:8
BRH:7
FNF:4
FNH:4
end_of_record
SF:/modernize-data/studio-data/TNT1001/APP104891/transformed-code/146/studio-workspace/Full app/DotNetFrameworkProject_CE040_CE087/Tour_Management/src/TourManagement.Web/Pages/Users/Logout.cshtml.cs
FN:24,Microsoft.AspNetCore.Mvc.IActionResult TourManagement.Web.Pages.Users.LogoutModel::OnGet()
FNDA:3,Microsoft.AspNetCore.Mvc.IActionResult TourManagement.Web.Pages.Users.LogoutModel::OnGet()
DA:25,3
DA:26,3
DA:27,3
DA:28,3
DA:29,3
DA:30,3
DA:31,3
FN:15,System.Void TourManagement.Web.Pages.Users.LogoutModel::.ctor(Microsoft.Extensions.Logging.ILogger`1<TourManagement.Web.Pages.Users.LogoutModel>)
FNDA:4,System.Void TourManagement.Web.Pages.Users.LogoutModel::.ctor(Microsoft.Extensions.Logging.ILogger`1<TourManagement.Web.Pages.Users.LogoutModel>)
DA:16,4
DA:17,4
DA:18,4
DA:19,4
LF:11
LH:11
BRF:0
BRH:0
FNF:2
FNH:2
end_of_record
SF:/modernize-data/studio-data/TNT1001/APP104891/transformed-code/146/studio-workspace/Full app/DotNetFrameworkProject_CE040_CE087/Tour_Management/src/TourManagement.Web/Pages/Users/Profile.cshtml.cs
FN:17,TourManagement.Application.DTOs.UserDto TourManagement.Web.Pages.Users.ProfileModel::get_User()
FNDA:5,TourManagement.Application.DTOs.UserDto TourManagement.Web.Pages.Users.ProfileModel::get_User()
DA:18,5
FN:20,System.Collections.Generic.IEnumerable`1<TourManagement.Application.DTOs.BookingDto> TourManagement.Web.Pages.Users.ProfileModel::get_RecentBookings()
FNDA:9,System.Collections.Generic.IEnumerable`1<TourManagement.Application.DTOs.BookingDto> TourManagement.Web.Pages.Users.ProfileModel::get_RecentBookings()
DA:21,9
FN:25,System.Void TourManagement.Web.Pages.Users.ProfileModel::.ctor(TourManagement.Application.Interfaces.IUserService,TourManagement.Application.Interfaces.IBookingService,Microsoft.Extensions.Logging.ILogger`1<TourManagement.Web.Pages.Users.ProfileModel>)
FNDA:5,System.Void TourManagement.Web.Pages.Users.ProfileModel::.ctor(TourManagement.Application.Interfaces.IUserService,TourManagement.Application.Interfaces.IBookingService,Microsoft.Extensions.Logging.ILogger`1<TourManagement.Web.Pages.Users.ProfileModel>)
DA:26,5
DA:27,5
DA:28,5
DA:29,5
DA:30,5
DA:31,5
FN:36,System.Void TourManagement.Web.Pages.Users.ProfileModel/<OnGetAsync>d__12::MoveNext()
FNDA:4,System.Void TourManagement.Web.Pages.Users.ProfileModel/<OnGetAsync>d__12::MoveNext()
DA:37,4
DA:38,4
DA:39,4
DA:40,1
DA:41,1
DA:42,1
DA:46,3
DA:47,3
DA:48,3
DA:49,2
DA:50,2
DA:51,1
DA:53,2
DA:54,2
DA:56,2
DA:58,1
DA:59,1
DA:60,1
DA:61,1
DA:63,4
BRDA:39,61,0,1
BRDA:39,61,1,3
BRDA:48,181,0,2
BRDA:48,181,1,2
LF:28
LH:28
BRF:4
BRH:4
FNF:4
FNH:4
end_of_record
SF:/modernize-data/studio-data/TNT1001/APP104891/transformed-code/146/studio-workspace/Full app/DotNetFrameworkProject_CE040_CE087/Tour_Management/src/TourManagement.Web/Pages/Users/Register.cshtml.cs
FN:18,TourManagement.Web.ViewModels.UserRegisterViewModel TourManagement.Web.Pages.Users.RegisterModel::get_Input()
FNDA:38,TourManagement.Web.ViewModels.UserRegisterViewModel TourManagement.Web.Pages.Users.RegisterModel::get_Input()
DA:19,38
FN:33,Microsoft.AspNetCore.Mvc.IActionResult TourManagement.Web.Pages.Users.RegisterModel::OnGet()
FNDA:2,Microsoft.AspNetCore.Mvc.IActionResult TourManagement.Web.Pages.Users.RegisterModel::OnGet()
DA:34,2
DA:35,2
DA:36,1
DA:37,1
DA:38,2
BRDA:35,27,0,1
BRDA:35,27,1,1
FN:23,System.Void TourManagement.Web.Pages.Users.RegisterModel::.ctor(TourManagement.Application.Interfaces.IUserService,Microsoft.Extensions.Logging.ILogger`1<TourManagement.Web.Pages.Users.RegisterModel>)
FNDA:6,System.Void TourManagement.Web.Pages.Users.RegisterModel::.ctor(TourManagement.Application.Interfaces.IUserService,Microsoft.Extensions.Logging.ILogger`1<TourManagement.Web.Pages.Users.RegisterModel>)
DA:24,6
DA:25,6
DA:26,6
DA:27,6
DA:28,6
FN:43,System.Void TourManagement.Web.Pages.Users.RegisterModel/<OnPostAsync>d__8::MoveNext()
FNDA:3,System.Void TourManagement.Web.Pages.Users.RegisterModel/<OnPostAsync>d__8::MoveNext()
DA:44,3
DA:45,3
DA:46,0
DA:49,3
DA:51,3
DA:52,3
DA:53,3
DA:54,3
DA:55,3
DA:56,3
DA:57,3
DA:58,3
DA:59,3
DA:60,3
DA:61,3
DA:62,3
DA:64,3
DA:65,1
DA:67,1
DA:68,1
DA:70,1
DA:71,1
DA:72,1
DA:73,1
DA:75,1
DA:76,1
DA:77,1
DA:78,1
DA:79,1
DA:81,3
BRDA:45,36,0,0
BRDA:45,36,1,3
LF:41
LH:40
BRF:4
BRH:3
FNF:4
FNH:4
end_of_record
SF:/modernize-data/studio-data/TNT1001/APP104891/transformed-code/146/studio-workspace/Full app/DotNetFrameworkProject_CE040_CE087/Tour_Management/src/TourManagement.Web/Pages/Users/Delete.cshtml
FN:3,System.Void TourManagement.Web.Pages.Users.Pages_Users_Delete/<ExecuteAsync>d__13::MoveNext()
FNDA:0,System.Void TourManagement.Web.Pages.Users.Pages_Users_Delete/<ExecuteAsync>d__13::MoveNext()
DA:4,0
DA:9,0
DA:10,0
DA:15,0
DA:17,0
DA:45,0
BRDA:9,117,0,0
BRDA:10,466,0,0
BRDA:10,466,1,0
BRDA:9,117,1,0
BRDA:17,1216,0,0
BRDA:17,1216,1,0
LF:6
LH:0
BRF:6
BRH:0
FNF:1
FNH:0
end_of_record
SF:/modernize-data/studio-data/TNT1001/APP104891/transformed-code/146/studio-workspace/Full app/DotNetFrameworkProject_CE040_CE087/Tour_Management/src/TourManagement.Web/Pages/Users/Edit.cshtml
FN:3,System.Void TourManagement.Web.Pages.Users.Pages_Users_Edit/<ExecuteAsync>d__32::MoveNext()
FNDA:0,System.Void TourManagement.Web.Pages.Users.Pages_Users_Edit/<ExecuteAsync>d__32::MoveNext()
DA:4,0
BRDA:4,425,0,0
BRDA:4,425,1,0
LF:1
LH:0
BRF:2
BRH:0
FNF:1
FNH:0
end_of_record
SF:/modernize-data/studio-data/TNT1001/APP104891/transformed-code/146/studio-workspace/Full app/DotNetFrameworkProject_CE040_CE087/Tour_Management/src/TourManagement.Web/Pages/Users/Index.cshtml
FN:3,System.Void TourManagement.Web.Pages.Users.Pages_Users_Index/<ExecuteAsync>d__11::MoveNext()
FNDA:0,System.Void TourManagement.Web.Pages.Users.Pages_Users_Index/<ExecuteAsync>d__11::MoveNext()
DA:4,0
DA:11,0
DA:12,0
DA:17,0
DA:34,0
DA:35,0
DA:44,0
DA:45,0
DA:47,0
DA:49,0
DA:51,0
DA:52,0
DA:53,0
DA:55,0
DA:66,0
DA:71,0
DA:72,0
DA:76,0
BRDA:11,89,0,0
BRDA:11,89,1,0
BRDA:34,2183,1,0
BRDA:35,428,0,0
BRDA:35,428,1,0
BRDA:35,477,0,0
BRDA:35,477,1,0
BRDA:35,526,0,0
BRDA:35,526,1,0
BRDA:44,623,0,0
BRDA:44,623,1,0
BRDA:52,680,0,0
BRDA:52,680,1,0
BRDA:55,900,0,0
BRDA:55,900,1,0
BRDA:55,1255,0,0
BRDA:55,1255,1,0
BRDA:55,1623,0,0
BRDA:55,1623,1,0
BRDA:55,1978,0,0
BRDA:55,1978,1,0
BRDA:34,2183,0,0
BRDA:71,2267,0,0
BRDA:71,2267,1,0
LF:18
LH:0
BRF:24
BRH:0
FNF:1
FNH:0
end_of_record
SF:/modernize-data/studio-data/TNT1001/APP104891/transformed-code/146/studio-workspace/Full app/DotNetFrameworkProject_CE040_CE087/Tour_Management/src/TourManagement.Web/Pages/Users/Login.cshtml
FN:3,System.Void TourManagement.Web.Pages.Users.Pages_Users_Login/<ExecuteAsync>d__24::MoveNext()
FNDA:0,System.Void TourManagement.Web.Pages.Users.Pages_Users_Login/<ExecuteAsync>d__24::MoveNext()
DA:4,0
DA:14,0
DA:15,0
DA:19,0
DA:20,0
DA:21,0
DA:25,0
BRDA:14,122,0,0
BRDA:14,122,1,0
BRDA:20,219,0,0
BRDA:20,219,1,0
BRDA:25,662,0,0
BRDA:25,662,1,0
BRDA:25,1156,0,0
BRDA:25,1156,1,0
LF:7
LH:0
BRF:8
BRH:0
FNF:1
FNH:0
end_of_record
SF:/modernize-data/studio-data/TNT1001/APP104891/transformed-code/146/studio-workspace/Full app/DotNetFrameworkProject_CE040_CE087/Tour_Management/src/TourManagement.Web/Pages/Users/Logout.cshtml
FN:3,System.Void TourManagement.Web.Pages.Users.Pages_Users_Logout/<ExecuteAsync>d__0::MoveNext()
FNDA:0,System.Void TourManagement.Web.Pages.Users.Pages_Users_Logout/<ExecuteAsync>d__0::MoveNext()
DA:4,0
LF:1
LH:0
BRF:0
BRH:0
FNF:1
FNH:0
end_of_record
SF:/modernize-data/studio-data/TNT1001/APP104891/transformed-code/146/studio-workspace/Full app/DotNetFrameworkProject_CE040_CE087/Tour_Management/src/TourManagement.Web/Pages/Users/Profile.cshtml
FN:3,System.Void TourManagement.Web.Pages.Users.Pages_Users_Profile/<ExecuteAsync>d__13::MoveNext()
FNDA:0,System.Void TourManagement.Web.Pages.Users.Pages_Users_Profile/<ExecuteAsync>d__13::MoveNext()
DA:4,0
DA:9,0
DA:10,0
DA:15,0
DA:17,0
DA:18,0
DA:22,0
DA:24,0
DA:43,0
DA:44,0
DA:46,0
DA:47,0
DA:48,0
DA:50,0
DA:68,0
DA:69,0
DA:71,0
[...]
FNDA:4,System.Void TourManagement.Web.Pages.Bookings.IndexModel::.ctor(TourManagement.Application.Interfaces.IBookingService,Microsoft.Extensions.Logging.ILogger`1<TourManagement.Web.Pages.Bookings.IndexModel>)
DA:22,4
DA:23,4
DA:24,4
DA:25,4
DA:26,4
FN:31,System.Void TourManagement.Web.Pages.Bookings.IndexModel/<OnGetAsync>d__7::MoveNext()
FNDA:3,System.Void TourManagement.Web.Pages.Bookings.IndexModel/<OnGetAsync>d__7::MoveNext()
DA:32,3
DA:33,3
DA:34,1
DA:35,1
DA:36,1
DA:40,2
DA:41,2
DA:42,1
DA:44,1
DA:45,1
DA:46,1
DA:47,1
DA:48,1
DA:50,3
BRDA:33,53,0,1
BRDA:33,53,1,2
LF:20
LH:20
BRF:2
BRH:2
FNF:3
FNH:3
end_of_record
SF:/modernize-data/studio-data/TNT1001/APP104891/transformed-code/146/studio-workspace/Full app/DotNetFrameworkProject_CE040_CE087/Tour_Management/src/TourManagement.Web/Pages/Bookings/MyBookings.cshtml.cs
FN:16,System.Collections.Generic.IEnumerable`1<TourManagement.Application.DTOs.BookingDto> TourManagement.Web.Pages.Bookings.MyBookingsModel::get_Bookings()
FNDA:7,System.Collections.Generic.IEnumerable`1<TourManagement.Application.DTOs.BookingDto> TourManagement.Web.Pages.Bookings.MyBookingsModel::get_Bookings()
DA:17,7
FN:21,System.Void TourManagement.Web.Pages.Bookings.MyBookingsModel::.ctor(TourManagement.Application.Interfaces.IBookingService,Microsoft.Extensions.Logging.ILogger`1<TourManagement.Web.Pages.Bookings.MyBookingsModel>)
FNDA:4,System.Void TourManagement.Web.Pages.Bookings.MyBookingsModel::.ctor(TourManagement.Application.Interfaces.IBookingService,Microsoft.Extensions.Logging.ILogger`1<TourManagement.Web.Pages.Bookings.MyBookingsModel>)
DA:22,4
DA:23,4
DA:24,4
DA:25,4
DA:26,4
FN:31,System.Void TourManagement.Web.Pages.Bookings.MyBookingsModel/<OnGetAsync>d__7::MoveNext()
FNDA:3,System.Void TourManagement.Web.Pages.Bookings.MyBookingsModel/<OnGetAsync>d__7::MoveNext()
DA:32,3
DA:33,3
DA:34,3
DA:35,1
DA:36,1
DA:37,1
DA:41,2
DA:42,2
DA:43,1
DA:45,1
DA:46,1
DA:47,1
DA:48,1
DA:49,1
DA:51,3
BRDA:34,60,0,1
BRDA:34,60,1,2
LF:21
LH:21
BRF:2
BRH:2
FNF:3
FNH:3
end_of_record
SF:/modernize-data/studio-data/TNT1001/APP104891/transformed-code/146/studio-workspace/Full app/DotNetFrameworkProject_CE040_CE087/Tour_Management/src/TourManagement.Web/Pages/Bookings/Create.cshtml
FN:3,System.Void TourManagement.Web.Pages.Bookings.Pages_Bookings_Create/<ExecuteAsync>d__29::MoveNext()
FNDA:0,System.Void TourManagement.Web.Pages.Bookings.Pages_Bookings_Create/<ExecuteAsync>d__29::MoveNext()
DA:4,0
DA:17,0
DA:18,0
DA:24,0
BRDA:4,416,0,0
BRDA:4,416,1,0
BRDA:4,908,0,0
BRDA:4,908,1,0
BRDA:17,1116,0,0
BRDA:17,1116,1,0
BRDA:24,1733,0,0
BRDA:24,1733,1,0
LF:4
LH:0
BRF:8
BRH:0
FNF:1
FNH:0
end_of_record
SF:/modernize-data/studio-data/TNT1001/APP104891/transformed-code/146/studio-workspace/Full app/DotNetFrameworkProject_CE040_CE087/Tour_Management/src/TourManagement.Web/Pages/Bookings/Delete.cshtml
FN:3,System.Void TourManagement.Web.Pages.Bookings.Pages_Bookings_Delete/<ExecuteAsync>d__13::MoveNext()
FNDA:0,System.Void TourManagement.Web.Pages.Bookings.Pages_Bookings_Delete/<ExecuteAsync>d__13::MoveNext()
DA:4,0
DA:9,0
DA:10,0
DA:15,0
DA:17,0
DA:47,0
BRDA:9,117,0,0
BRDA:10,466,0,0
BRDA:10,466,1,0
BRDA:9,117,1,0
BRDA:17,1230,0,0
BRDA:17,1230,1,0
LF:6
LH:0
BRF:6
BRH:0
FNF:1
FNH:0
end_of_record
SF:/modernize-data/studio-data/TNT1001/APP104891/transformed-code/146/studio-workspace/Full app/DotNetFrameworkProject_CE040_CE087/Tour_Management/src/TourManagement.Web/Pages/Bookings/Details.cshtml
FN:3,System.Void TourManagement.Web.Pages.Bookings.Pages_Bookings_Details/<ExecuteAsync>d__13::MoveNext()
FNDA:0,System.Void TourManagement.Web.Pages.Bookings.Pages_Bookings_Details/<ExecuteAsync>d__13::MoveNext()
DA:4,0
DA:17,0
DA:18,0
DA:23,0
DA:25,0
DA:29,0
DA:30,0
DA:32,0
DA:34,0
DA:36,0
DA:56,0
DA:57,0
DA:61,0
DA:64,0
BRDA:4,452,0,0
BRDA:4,452,1,0
BRDA:4,944,0,0
BRDA:4,944,1,0
BRDA:17,1152,0,0
BRDA:18,1504,0,0
BRDA:18,1504,1,0
BRDA:17,1152,1,0
BRDA:29,1793,0,0
BRDA:29,1793,1,0
BRDA:36,2445,0,0
BRDA:36,2445,1,0
BRDA:56,2655,0,0
BRDA:57,2860,0,0
BRDA:57,2860,1,0
BRDA:57,3224,0,0
BRDA:57,3224,1,0
BRDA:56,2655,1,0
LF:14
LH:0
BRF:18
BRH:0
FNF:1
FNH:0
end_of_record
SF:/modernize-data/studio-data/TNT1001/APP104891/transformed-code/146/studio-workspace/Full app/DotNetFrameworkProject_CE040_CE087/Tour_Management/src/TourManagement.Web/Pages/Bookings/Edit.cshtml
FN:3,System.Void TourManagement.Web.Pages.Bookings.Pages_Bookings_Edit/<ExecuteAsync>d__27::MoveNext()
FNDA:0,System.Void TourManagement.Web.Pages.Bookings.Pages_Bookings_Edit/<ExecuteAsync>d__27::MoveNext()
DA:4,0
BRDA:4,425,0,0
BRDA:4,425,1,0
LF:1
LH:0
BRF:2
BRH:0
FNF:1
FNH:0
end_of_record
SF:/modernize-data/studio-data/TNT1001/APP104891/transformed-code/146/studio-workspace/Full app/DotNetFrameworkProject_CE040_CE087/Tour_Management/src/TourManagement.Web/Pages/Bookings/Index.cshtml
FN:3,System.Void TourManagement.Web.Pages.Bookings.Pages_Bookings_Index/<ExecuteAsync>d__13::MoveNext()
FNDA:0,System.Void TourManagement.Web.Pages.Bookings.Pages_Bookings_Index/<ExecuteAsync>d__13::MoveNext()
DA:4,0
DA:11,0
DA:12,0
DA:17,0
DA:33,0
DA:34,0
DA:42,0
DA:43,0
DA:45,0
DA:47,0
DA:49,0
DA:63,0
DA:68,0
DA:69,0
DA:73,0
BRDA:11,89,0,0
BRDA:11,89,1,0
BRDA:33,2781,1,0
BRDA:42,534,0,0
BRDA:42,534,1,0
BRDA:49,775,0,0
BRDA:49,775,1,0
BRDA:49,1130,0,0
BRDA:49,1130,1,0
BRDA:49,1498,0,0
BRDA:49,1498,1,0
BRDA:49,1853,0,0
BRDA:49,1853,1,0
BRDA:49,2221,0,0
BRDA:49,2221,1,0
BRDA:49,2576,0,0
BRDA:49,2576,1,0
BRDA:33,2781,0,0
BRDA:68,2865,0,0
BRDA:68,2865,1,0
LF:15
LH:0
BRF:20
BRH:0
FNF:1
FNH:0
end_of_record
SF:/modernize-data/studio-data/TNT1001/APP104891/transformed-code/146/studio-workspace/Full app/DotNetFrameworkProject_CE040_CE087/Tour_Management/src/TourManagement.Web/Pages/Bookings/MyBookings.cshtml
FN:3,System.Void TourManagement.Web.Pages.Bookings.Pages_Bookings_MyBookings/<ExecuteAsync>d__13::MoveNext()
FNDA:0,System.Void TourManagement.Web.Pages.Bookings.Pages_Bookings_MyBookings/<ExecuteAsync>d__13::MoveNext()
DA:4,0
DA:9,0
DA:10,0
DA:15,0
DA:17,0
DA:18,0
DA:20,0
DA:21,0
DA:26,0
DA:27,0
DA:29,0
DA:31,0
DA:33,0
DA:48,0
DA:49,0
DA:53,0
DA:57,0
DA:59,0
DA:61,0
DA:66,0
BRDA:9,125,0,0
BRDA:9,125,1,0
BRDA:17,236,0,0
BRDA:20,2099,1,0
BRDA:26,425,0,0
BRDA:26,425,1,0
BRDA:33,760,0,0
BRDA:33,760,1,0
BRDA:33,1115,0,0
BRDA:33,1115,1,0
BRDA:48,1316,0,0
BRDA:49,1521,0,0
BRDA:49,1521,1,0
BRDA:49,1876,0,0
BRDA:49,1876,1,0
BRDA:48,1316,1,0
BRDA:20,2099,0,0
BRDA:17,236,1,0
BRDA:61,2509,0,0
BRDA:61,2509,1,0
LF:20
LH:0
BRF:20
BRH:0
FNF:1
FNH:0
end_of_record
SF:/modernize-data/studio-data/TNT1001/APP104891/transformed-code/146/studio-workspace/Full app/DotNetFrameworkProject_CE040_CE087/Tour_Management/src/TourManagement.Web/Pages/Admin/Dashboard.cshtml.cs
FN:18,System.Int32 TourManagement.Web.Pages.Admin.DashboardModel::get_TotalTours()
FNDA:5,System.Int32 TourManagement.Web.Pages.Admin.DashboardModel::get_TotalTours()
DA:19,5
FN:21,System.Int32 TourManagement.Web.Pages.Admin.DashboardModel::get_TotalBookings()
FNDA:5,System.Int32 TourManagement.Web.Pages.Admin.DashboardModel::get_TotalBookings()
DA:22,5
FN:24,System.Int32 TourManagement.Web.Pages.Admin.DashboardModel::get_TotalUsers()
FNDA:5,System.Int32 TourManagement.Web.Pages.Admin.DashboardModel::get_TotalUsers()
DA:25,5
FN:27,System.Collections.Generic.IEnumerable`1<TourManagement.Application.DTOs.BookingDto> TourManagement.Web.Pages.Admin.DashboardModel::get_RecentBookings()
FNDA:10,System.Collections.Generic.IEnumerable`1<TourManagement.Application.DTOs.BookingDto> TourManagement.Web.Pages.Admin.DashboardModel::get_RecentBookings()
DA:28,10
FN:32,System.Void TourManagement.Web.Pages.Admin.DashboardModel::.ctor(TourManagement.Application.Interfaces.ITourService,TourManagement.Application.Interfaces.IBookingService,TourManagement.Application.Interfaces.IUserService,Microsoft.Extensions.Logging.ILogger`1<TourManagement.Web.Pages.Admin.DashboardModel>)
FNDA:5,System.Void TourManagement.Web.Pages.Admin.DashboardModel::.ctor(TourManagement.Application.Interfaces.ITourService,TourManagement.Application.Interfaces.IBookingService,TourManagement.Application.Interfaces.IUserService,Microsoft.Extensions.Logging.ILogger`1<TourManagement.Web.Pages.Admin.DashboardModel>)
DA:33,5
DA:34,5
DA:35,5
DA:36,5
DA:37,5
DA:38,5
DA:39,5
DA:40,5
DA:41,5
DA:42,5
DA:43,5
FN:48,System.Void TourManagement.Web.Pages.Admin.DashboardModel/<OnGetAsync>d__21::MoveNext()
FNDA:4,System.Void TourManagement.Web.Pages.Admin.DashboardModel/<OnGetAsync>d__21::MoveNext()
DA:49,4
DA:50,4
DA:51,1
DA:52,1
DA:53,1
DA:57,3
DA:58,3
DA:59,2
DA:61,2
DA:62,2
DA:63,2
DA:65,2
DA:66,2
DA:68,2
DA:70,1
DA:71,1
DA:72,1
DA:73,1
DA:75,4
BRDA:50,54,0,1
BRDA:50,54,1,3
LF:34
LH:34
BRF:2
BRH:2
FNF:6
FNH:6
end_of_record
SF:/modernize-data/studio-data/TNT1001/APP104891/transformed-code/146/studio-workspace/Full app/DotNetFrameworkProject_CE040_CE087/Tour_Management/src/TourManagement.Web/Pages/Admin/Login.cshtml.cs
FN:18,System.String TourManagement.Web.Pages.Admin.LoginModel::get_Email()
FNDA:18,System.String TourManagement.Web.Pages.Admin.LoginModel::get_Email()
DA:19,18
FN:23,System.String TourManagement.Web.Pages.Admin.LoginModel::get_Password()
FNDA:15,System.String TourManagement.Web.Pages.Admin.LoginModel::get_Password()
DA:24,15
FN:38,Microsoft.AspNetCore.Mvc.IActionResult TourManagement.Web.Pages.Admin.LoginModel::OnGet()
FNDA:2,Microsoft.AspNetCore.Mvc.IActionResult TourManagement.Web.Pages.Admin.LoginModel::OnGet()
DA:39,2
DA:40,2
DA:41,1
DA:42,1
DA:43,2
BRDA:40,34,0,1
BRDA:40,34,1,1
FN:48,Microsoft.AspNetCore.Mvc.IActionResult TourManagement.Web.Pages.Admin.LoginModel::OnPost()
FNDA:4,Microsoft.AspNetCore.Mvc.IActionResult TourManagement.Web.Pages.Admin.LoginModel::OnPost()
DA:49,4
DA:50,4
DA:51,0
DA:53,4
DA:54,4
DA:56,4
DA:57,2
DA:58,2
DA:59,2
DA:60,2
DA:61,2
DA:62,2
DA:65,2
DA:66,2
DA:67,4
BRDA:50,17,0,0
BRDA:50,17,1,4
BRDA:53,48,0,1
BRDA:53,48,1,4
BRDA:54,74,0,1
BRDA:54,74,1,4
BRDA:56,95,0,3
BRDA:56,95,1,1
BRDA:56,116,0,2
BRDA:56,116,1,2
FN:28,System.Void TourManagement.Web.Pages.Admin.LoginModel::.ctor(Microsoft.Extensions.Configuration.IConfiguration,Microsoft.Extensions.Logging.ILogger`1<TourManagement.Web.Pages.Admin.LoginModel>)
FNDA:7,System.Void TourManagement.Web.Pages.Admin.LoginModel::.ctor(Microsoft.Extensions.Configuration.IConfiguration,Microsoft.Extensions.Logging.ILogger`1<TourManagement.Web.Pages.Admin.LoginModel>)
DA:29,7
DA:30,7
DA:31,7
DA:32,7
DA:33,7
LF:27
LH:26
BRF:12
BRH:11
FNF:5
FNH:5
end_of_record
SF:/modernize-data/studio-data/TNT1001/APP104891/transformed-code/146/studio-workspace/Full app/DotNetFrameworkProject_CE040_CE087/Tour_Management/src/TourManagement.Web/Pages/Admin/Dashboard.cshtml
FN:3,System.Void TourManagement.Web.Pages.Admin.Pages_Admin_Dashboard/<ExecuteAsync>d__16::MoveNext()
FNDA:0,System.Void TourManagement.Web.Pages.Admin.Pages_Admin_Dashboard/<ExecuteAsync>d__16::MoveNext()
DA:4,0
DA:92,0
DA:93,0
DA:105,0
DA:106,0
DA:113,0
DA:117,0
DA:119,0
DA:121,0
BRDA:4,560,0,0
BRDA:4,560,1,0
BRDA:4,1124,0,0
BRDA:4,1124,1,0
BRDA:4,1688,0,0
BRDA:4,1688,1,0
BRDA:4,2202,0,0
BRDA:4,2202,1,0
BRDA:4,2716,0,0
BRDA:4,2716,1,0
BRDA:4,3232,0,0
BRDA:4,3232,1,0
BRDA:4,3748,0,0
BRDA:4,3748,1,0
BRDA:92,3959,0,0
BRDA:105,4243,1,0
BRDA:105,4243,0,0
BRDA:92,3959,1,0
LF:9
LH:0
BRF:18
BRH:0
FNF:1
FNH:0
end_of_record
SF:/modernize-data/studio-data/TNT1001/APP104891/transformed-code/146/studio-workspace/Full app/DotNetFrameworkProject_CE040_CE087/Tour_Management/src/TourManagement.Web/Pages/Admin/Login.cshtml
FN:3,System.Void TourManagement.Web.Pages.Admin.Pages_Admin_Login/<ExecuteAsync>d__23::MoveNext()
FNDA:0,System.Void TourManagement.Web.Pages.Admin.Pages_Admin_Login/<ExecuteAsync>d__23::MoveNext()
DA:4,0
DA:14,0
DA:15,0
DA:19,0
BRDA:14,99,0,0
BRDA:14,99,1,0
BRDA:19,541,0,0
BRDA:19,541,1,0
LF:4
LH:0
BRF:4
BRH:0
FNF:1
FNH:0
end_of_record
SF:/modernize-data/studio-data/TNT1001/APP104891/transformed-code/146/studio-workspace/Full app/DotNetFrameworkProject_CE040_CE087/Tour_Management/src/TourManagement.Domain/Exceptions/NotFoundException.cs
FN:13,System.Void TourManagement.Domain.Exceptions.NotFoundException::.ctor(System.String,System.Object)
FNDA:6,System.Void TourManagement.Domain.Exceptions.NotFoundException::.ctor(System.String,System.Object)
DA:14,6
DA:15,6
DA:16,6
FN:21,System.Void TourManagement.Domain.Exceptions.NotFoundException::.ctor(System.String)
FNDA:0,System.Void TourManagement.Domain.Exceptions.NotFoundException::.ctor(System.String)
DA:22,0
DA:23,0
DA:24,0
LF:6
LH:3
BRF:0
BRH:0
FNF:2
FNH:1
end_of_record
SF:/modernize-data/studio-data/TNT1001/APP104891/transformed-code/146/studio-workspace/Full app/DotNetFrameworkProject_CE040_CE087/Tour_Management/src/TourManagement.Domain/Entities/Booking.cs
FN:8,System.Int32 TourManagement.Domain.Entities.Booking::get_Id()
FNDA:0,System.Int32 TourManagement.Domain.Entities.Booking::get_Id()
DA:9,0
FN:11,System.String TourManagement.Domain.Entities.Booking::get_TourName()
FNDA:0,System.String TourManagement.Domain.Entities.Booking::get_TourName()
DA:12,0
FN:14,System.String TourManagement.Domain.Entities.Booking::get_Place()
FNDA:0,System.String TourManagement.Domain.Entities.Booking::get_Place()
DA:15,0
FN:17,System.String TourManagement.Domain.Entities.Booking::get_Email()
FNDA:0,System.String TourManagement.Domain.Entities.Booking::get_Email()
DA:18,0
FN:20,System.String TourManagement.Domain.Entities.Booking::get_FirstName()
FNDA:0,System.String TourManagement.Domain.Entities.Booking::get_FirstName()
DA:21,0
FN:23,System.Nullable`1<System.Int32> TourManagement.Domain.Entities.Booking::get_TourId()
FNDA:0,System.Nullable`1<System.Int32> TourManagement.Domain.Entities.Booking::get_TourId()
DA:24,0
FN:26,System.Nullable`1<System.Int32> TourManagement.Domain.Entities.Booking::get_UserId()
FNDA:0,System.Nullable`1<System.Int32> TourManagement.Domain.Entities.Booking::get_UserId()
DA:27,0
FN:29,System.DateTime TourManagement.Domain.Entities.Booking::get_BookingDate()
FNDA:0,System.DateTime TourManagement.Domain.Entities.Booking::get_BookingDate()
DA:30,0
FN:32,System.DateTime TourManagement.Domain.Entities.Booking::get_CreatedDate()
FNDA:0,System.DateTime TourManagement.Domain.Entities.Booking::get_CreatedDate()
DA:33,0
FN:35,System.Nullable`1<System.DateTime> TourManagement.Domain.Entities.Booking::get_ModifiedDate()
FNDA:0,System.Nullable`1<System.DateTime> TourManagement.Domain.Entities.Booking::get_ModifiedDate()
DA:36,0
FN:38,System.Boolean TourManagement.Domain.Entities.Booking::get_IsActive()
FNDA:0,System.Boolean TourManagement.Domain.Entities.Booking::get_IsActive()
DA:39,0
FN:41,TourManagement.Domain.Entities.Tour TourManagement.Domain.Entities.Booking::get_Tour()
FNDA:0,TourManagement.Domain.Entities.Tour TourManagement.Domain.Entities.Booking::get_Tour()
DA:42,0
FN:44,TourManagement.Domain.Entities.User TourManagement.Domain.Entities.Booking::get_User()
FNDA:0,TourManagement.Domain.Entities.User TourManagement.Domain.Entities.Booking::get_User()
DA:45,0
LF:13
LH:0
BRF:0
BRH:0
FNF:13
FNH:0
end_of_record
SF:/modernize-data/studio-data/TNT1001/APP104891/transformed-code/146/studio-workspace/Full app/DotNetFrameworkProject_CE040_CE087/Tour_Management/src/TourManagement.Domain/Entities/Tour.cs
FN:8,System.Int32 TourManagement.Domain.Entities.Tour::get_Id()
FNDA:0,System.Int32 TourManagement.Domain.Entities.Tour::get_Id()
DA:9,0
FN:11,System.String TourManagement.Domain.Entities.Tour::get_TourName()
FNDA:0,System.String TourManagement.Domain.Entities.Tour::get_TourName()
DA:12,0
FN:14,System.String TourManagement.Domain.Entities.Tour::get_Place()
FNDA:0,System.String TourManagement.Domain.Entities.Tour::get_Place()
DA:15,0
FN:17,System.Int32 TourManagement.Domain.Entities.Tour::get_Days()
FNDA:0,System.Int32 TourManagement.Domain.Entities.Tour::get_Days()
DA:18,0
FN:20,System.Decimal TourManagement.Domain.Entities.Tour::get_Price()
FNDA:0,System.Decimal TourManagement.Domain.Entities.Tour::get_Price()
DA:21,0
FN:23,System.String TourManagement.Domain.Entities.Tour::get_Locations()
FNDA:0,System.String TourManagement.Domain.Entities.Tour::get_Locations()
DA:24,0
FN:26,System.String TourManagement.Domain.Entities.Tour::get_TourInfo()
FNDA:0,System.String TourManagement.Domain.Entities.Tour::get_TourInfo()
DA:27,0
FN:29,System.String TourManagement.Domain.Entities.Tour::get_Pic()
FNDA:0,System.String TourManagement.Domain.Entities.Tour::get_Pic()
DA:30,0
FN:32,System.DateTime TourManagement.Domain.Entities.Tour::get_CreatedDate()
FNDA:0,System.DateTime TourManagement.Domain.Entities.Tour::get_CreatedDate()
DA:33,0
FN:35,System.Nullable`1<System.DateTime> TourManagement.Domain.Entities.Tour::get_ModifiedDate()
FNDA:0,System.Nullable`1<System.DateTime> TourManagement.Domain.Entities.Tour::get_ModifiedDate()
DA:36,0
FN:38,System.Boolean TourManagement.Domain.Entities.Tour::get_IsActive()
FNDA:0,System.Boolean TourManagement.Domain.Entities.Tour::get_IsActive()
DA:39,0
FN:41,System.Collections.Generic.ICollection`1<TourManagement.Domain.Entities.Booking> TourManagement.Domain.Entities.Tour::get_Bookings()
FNDA:0,System.Collections.Generic.ICollection`1<TourManagement.Domain.Entities.Booking> TourManagement.Domain.Entities.Tour::get_Bookings()
DA:42,0
LF:12
LH:0
BRF:0
BRH:0
FNF:12
FNH:0
end_of_record
SF:/modernize-data/studio-data/TNT1001/APP104891/transformed-code/146/studio-workspace/Full app/DotNetFrameworkProject_CE040_CE087/Tour_Management/src/TourManagement.Domain/Entities/User.cs
FN:8,System.Int32 TourManagement.Domain.Entities.User::get_Id()
FNDA:0,System.Int32 TourManagement.Domain.Entities.User::get_Id()
DA:9,0
FN:11,System.String TourManagement.Domain.Entities.User::get_Email()
FNDA:0,System.String TourManagement.Domain.Entities.User::get_Email()
DA:12,0
FN:14,System.String TourManagement.Domain.Entities.User::get_FirstName()
FNDA:0,System.String TourManagement.Domain.Entities.User::get_FirstName()
DA:15,0
FN:17,System.String TourManagement.Domain.Entities.User::get_LastName()
FNDA:0,System.String TourManagement.Domain.Entities.User::get_LastName()
DA:18,0
FN:20,System.String TourManagement.Domain.Entities.User::get_Gender()
FNDA:0,System.String TourManagement.Domain.Entities.User::get_Gender()
DA:21,0
FN:23,System.String TourManagement.Domain.Entities.User::get_PasswordHash()
FNDA:0,System.String TourManagement.Domain.Entities.User::get_PasswordHash()
DA:24,0
FN:26,System.Nullable`1<System.DateTime> TourManagement.Domain.Entities.User::get_DateOfBirth()
FNDA:0,System.Nullable`1<System.DateTime> TourManagement.Domain.Entities.User::get_DateOfBirth()
DA:27,0
FN:29,System.String TourManagement.Domain.Entities.User::get_Street()
FNDA:0,System.String TourManagement.Domain.Entities.User::get_Street()
DA:30,0
FN:32,System.String TourManagement.Domain.Entities.User::get_City()
FNDA:0,System.String TourManagement.Domain.Entities.User::get_City()
DA:33,0
FN:35,System.String TourManagement.Domain.Entities.User::get_State()
FNDA:0,System.String TourManagement.Domain.Entities.User::get_State()
DA:36,0
FN:38,System.Boolean TourManagement.Domain.Entities.User::get_IsAdmin()
FNDA:0,System.Boolean TourManagement.Domain.Entities.User::get_IsAdmin()
DA:39,0
FN:41,System.DateTime TourManagement.Domain.Entities.User::get_CreatedDate()
FNDA:0,System.DateTime TourManagement.Domain.Entities.User::get_CreatedDate()
DA:42,0
FN:44,System.Nullable`1<System.DateTime> TourManagement.Domain.Entities.User::get_ModifiedDate()
FNDA:0,System.Nullable`1<System.DateTime> TourManagement.Domain.Entities.User::get_ModifiedDate()
DA:45,0
FN:47,System.Boolean TourManagement.Domain.Entities.User::get_IsActive()
FNDA:0,System.Boolean TourManagement.Domain.Entities.User::get_IsActive()
DA:48,0
FN:50,System.Collections.Generic.ICollection`1<TourManagement.Domain.Entities.Booking> TourManagement.Domain.Entities.User::get_Bookings()
FNDA:0,System.Collections.Generic.ICollection`1<TourManagement.Domain.Entities.Booking> TourManagement.Domain.Entities.User::get_Bookings()
DA:51,0
LF:15
LH:0
BRF:0
BRH:0
FNF:15
FNH:0
end_of_record